2021-07-24 07:26:10,382  WARN QueueWithBuffer:377 Link -101843_0 too small: enlarge storage capacity from: 21.978767138187695 Vehicles to: 22.12429583971113 Vehicles.  This is not fatal, but modifies the traffic flow dynamics.
2021-07-24 07:26:10,384  WARN QueueWithBuffer:377 Link -101939_0 too small: enlarge storage capacity from: 26.854181297450015 Vehicles to: 27.031991731953536 Vehicles.  This is not fatal, but modifies the traffic flow dynamics.
2021-07-24 07:26:10,384  WARN QueueWithBuffer:377 Link -101939_0_r too small: enlarge storage capacity from: 26.854181297450015 Vehicles to: 27.031991731953536 Vehicles.  This is not fatal, but modifies the traffic flow dynamics.
2021-07-24 07:26:10,385  WARN QueueWithBuffer:377 Link -102051_0 too small: enlarge storage capacity from: 10.229934204528268 Vehicles to: 10.297669989347085 Vehicles.  This is not fatal, but modifies the traffic flow dynamics.
2021-07-24 07:26:10,386  WARN QueueWithBuffer:377 Link -102053_0 too small: enlarge storage capacity from: 17.31582429078177 Vehicles to: 17.430478102299116 Vehicles.  This is not fatal, but modifies the traffic flow dynamics.
2021-07-24 07:26:10,387  WARN QueueWithBuffer:377 Link -102055_0 too small: enlarge storage capacity from: 12.427134740096651 Vehicles to: 12.509418917867514 Vehicles.  This is not fatal, but modifies the traffic flow dynamics.
2021-07-24 07:26:10,388  WARN QueueWithBuffer:377 Link -102147_1 too small: enlarge storage capacity from: 17.37470745962674 Vehicles to: 17.489751156120334 Vehicles.  This is not fatal, but modifies the traffic flow dynamics.
2021-07-24 07:26:10,389  WARN QueueWithBuffer:377 Link -102147_1_r too small: enlarge storage capacity from: 17.37470745962674 Vehicles to: 17.489751156120334 Vehicles.  This is not fatal, but modifies the traffic flow dynamics.
2021-07-24 07:26:10,389  WARN QueueWithBuffer:377 Link -102149_0 too small: enlarge storage capacity from: 11.070597398075178 Vehicles to: 11.143899492514832 Vehicles.  This is not fatal, but modifies the traffic flow dynamics.
2021-07-24 07:26:10,389  WARN QueueWithBuffer:377 Link -102149_0_r too small: enlarge storage capacity from: 11.070597398075178 Vehicles to: 11.143899492514832 Vehicles.  This is not fatal, but modifies the traffic flow dynamics.
2021-07-24 07:26:10,389  WARN QueueWithBuffer:377 Link -102159_0 too small: enlarge storage capacity from: 2.9787211233193407 Vehicles to: 2.9984442230979407 Vehicles.  This is not fatal, but modifies the traffic flow dynamics.
2021-07-24 07:26:10,390  WARN QueueWithBuffer:380 Additional warnings of this type are suppressed.
2021-07-24 07:26:10,877  WARN DefaultTurnAcceptanceLogic:36 Cannot move vehicle 0 from link -104717_4_r to link -163759_3
2021-07-24 07:26:10,878  WARN DefaultTurnAcceptanceLogic:36 Cannot move vehicle 1 from link -160751_3_r to link -161653_5_r
2021-07-24 07:26:10,878  WARN DefaultTurnAcceptanceLogic:36 Cannot move vehicle 2 from link -157221_0_r to link -155631_11_r
2021-07-24 07:26:10,879  WARN DefaultTurnAcceptanceLogic:36 Cannot move vehicle 3 from link -111005_0 to link -117037_0
2021-07-24 07:26:10,880  WARN DefaultTurnAcceptanceLogic:36 Cannot move vehicle 4 from link -167469_9_r to link -159441_1_r
2021-07-24 07:26:10,880  WARN DefaultTurnAcceptanceLogic:36 Cannot move vehicle 5 from link -126425_0 to link -167897_5
2021-07-24 07:26:10,880  WARN DefaultTurnAcceptanceLogic:36 Cannot move vehicle 6 from link -102565_0 to link -159781_3_r
2021-07-24 07:26:10,881  WARN DefaultTurnAcceptanceLogic:36 Cannot move vehicle 7 from link -161787_7_r to link -160145_0
2021-07-24 07:26:10,881  WARN DefaultTurnAcceptanceLogic:36 Cannot move vehicle 8 from link -134957_3_r to link -115533_0_r
2021-07-24 07:26:10,882  WARN DefaultTurnAcceptanceLogic:36 Cannot move vehicle 9 from link -139339_0 to link -169081_5_r
2021-07-24 07:26:10,882  WARN DefaultTurnAcceptanceLogic:36 Cannot move vehicle 10 from link -130607_7 to link -159825_8
2021-07-24 07:26:10,882  WARN DefaultTurnAcceptanceLogic:36 Cannot move vehicle 11 from link -166817_3_r to link -117801_8
2021-07-24 07:26:10,883  WARN DefaultTurnAcceptanceLogic:36 Cannot move vehicle 12 from link -169121_27_r to link -129655_0
2021-07-24 07:26:10,883  WARN DefaultTurnAcceptanceLogic:36 Cannot move vehicle 13 from link -142825_0_r to link -151671_0
2021-07-24 07:26:10,883  WARN DefaultTurnAcceptanceLogic:36 Cannot move vehicle 14 from link -158803_0_r to link -114467_7
2021-07-24 07:26:10,884  WARN DefaultTurnAcceptanceLogic:36 Cannot move vehicle 15 from link -124919_0 to link -135983_0
2021-07-24 07:26:10,884  WARN DefaultTurnAcceptanceLogic:36 Cannot move vehicle 16 from link -169697_0 to link -164921_4_r
2021-07-24 07:26:10,885  WARN DefaultTurnAcceptanceLogic:36 Cannot move vehicle 17 from link -146345_0_r to link -161353_1
2021-07-24 07:26:10,885  WARN DefaultTurnAcceptanceLogic:36 Cannot move vehicle 18 from link -158353_4 to link -156637_0_r
2021-07-24 07:26:10,885  WARN DefaultTurnAcceptanceLogic:36 Cannot move vehicle 19 from link -142249_2 to link -128415_7
2021-07-24 07:26:10,886  WARN DefaultTurnAcceptanceLogic:36 Cannot move vehicle 20 from link -158131_5 to link -158549_4
2021-07-24 07:26:10,886  WARN DefaultTurnAcceptanceLogic:36 Cannot move vehicle 21 from link -131685_0_r to link -110835_1_r
2021-07-24 07:26:10,886  WARN DefaultTurnAcceptanceLogic:36 Cannot move vehicle 22 from link -118303_2 to link -134423_4
2021-07-24 07:26:10,887  WARN DefaultTurnAcceptanceLogic:36 Cannot move vehicle 23 from link -167261_3 to link -162149_0
2021-07-24 07:26:10,887  WARN DefaultTurnAcceptanceLogic:36 Cannot move vehicle 24 from link -165599_7 to link -108489_2
2021-07-24 07:26:10,887  WARN DefaultTurnAcceptanceLogic:36 Cannot move vehicle 25 from link -149637_0_r to link -169099_19_r
2021-07-24 07:26:10,888  WARN DefaultTurnAcceptanceLogic:36 Cannot move vehicle 26 from link -157711_3 to link -163735_0
2021-07-24 07:26:10,889  WARN DefaultTurnAcceptanceLogic:36 Cannot move vehicle 27 from link -156707_4 to link -117471_0
2021-07-24 07:26:10,889  WARN DefaultTurnAcceptanceLogic:36 Cannot move vehicle 28 from link -142637_15 to link -165359_0_r
2021-07-24 07:26:10,889  WARN DefaultTurnAcceptanceLogic:36 Cannot move vehicle 29 from link -166023_0 to link -153967_29_r
2021-07-24 07:26:14,915  WARN DefaultTurnAcceptanceLogic:36 Cannot move vehicle 0 from link -104717_4_r to link -163759_3
2021-07-24 07:26:14,917  WARN DefaultTurnAcceptanceLogic:36 Cannot move vehicle 1 from link -160751_3_r to link -161653_5_r
2021-07-24 07:26:14,917  WARN DefaultTurnAcceptanceLogic:36 Cannot move vehicle 2 from link -157221_0_r to link -155631_11_r
2021-07-24 07:26:14,917  WARN DefaultTurnAcceptanceLogic:36 Cannot move vehicle 3 from link -111005_0 to link -117037_0
2021-07-24 07:26:14,918  WARN DefaultTurnAcceptanceLogic:36 Cannot move vehicle 4 from link -167469_9_r to link -159441_1_r
2021-07-24 07:26:14,918  WARN DefaultTurnAcceptanceLogic:36 Cannot move vehicle 5 from link -126425_0 to link -167897_5
2021-07-24 07:26:14,919  WARN DefaultTurnAcceptanceLogic:36 Cannot move vehicle 6 from link -102565_0 to link -159781_3_r
2021-07-24 07:26:14,919  WARN DefaultTurnAcceptanceLogic:36 Cannot move vehicle 7 from link -161787_7_r to link -160145_0
2021-07-24 07:26:14,919  WARN DefaultTurnAcceptanceLogic:36 Cannot move vehicle 8 from link -134957_3_r to link -115533_0_r
2021-07-24 07:26:14,920  WARN DefaultTurnAcceptanceLogic:36 Cannot move vehicle 10 from link -130607_7 to link -159825_8
2021-07-24 07:26:14,920  WARN DefaultTurnAcceptanceLogic:36 Cannot move vehicle 11 from link -166817_3_r to link -117801_8
2021-07-24 07:26:14,921  WARN DefaultTurnAcceptanceLogic:36 Cannot move vehicle 12 from link -169121_27_r to link -129655_0
2021-07-24 07:26:14,921  WARN DefaultTurnAcceptanceLogic:36 Cannot move vehicle 14 from link -158803_0_r to link -114467_7
2021-07-24 07:26:14,922  WARN DefaultTurnAcceptanceLogic:36 Cannot move vehicle 15 from link -124919_0 to link -135983_0
2021-07-24 07:26:14,923  WARN DefaultTurnAcceptanceLogic:36 Cannot move vehicle 17 from link -146345_0_r to link -161353_1
2021-07-24 07:26:14,923  WARN DefaultTurnAcceptanceLogic:36 Cannot move vehicle 18 from link -158353_4 to link -156637_0_r
2021-07-24 07:26:14,924  WARN DefaultTurnAcceptanceLogic:36 Cannot move vehicle 19 from link -142249_2 to link -128415_7
2021-07-24 07:26:14,924  WARN DefaultTurnAcceptanceLogic:36 Cannot move vehicle 21 from link -131685_0_r to link -110835_1_r
2021-07-24 07:26:14,925  WARN DefaultTurnAcceptanceLogic:36 Cannot move vehicle 22 from link -118303_2 to link -134423_4
2021-07-24 07:26:14,925  WARN DefaultTurnAcceptanceLogic:36 Cannot move vehicle 24 from link -165599_7 to link -108489_2
2021-07-24 07:26:14,926  WARN DefaultTurnAcceptanceLogic:36 Cannot move vehicle 25 from link -149637_0_r to link -169099_19_r
2021-07-24 07:26:14,926  WARN DefaultTurnAcceptanceLogic:36 Cannot move vehicle 26 from link -157711_3 to link -163735_0
2021-07-24 07:26:14,927  WARN DefaultTurnAcceptanceLogic:36 Cannot move vehicle 27 from link -156707_4 to link -117471_0
2021-07-24 07:26:17,725  WARN DefaultTurnAcceptanceLogic:36 Cannot move vehicle 0 from link -104717_4_r to link -163759_3
2021-07-24 07:26:17,726  WARN DefaultTurnAcceptanceLogic:36 Cannot move vehicle 1 from link -160751_3_r to link -161653_5_r
2021-07-24 07:26:17,727  WARN DefaultTurnAcceptanceLogic:36 Cannot move vehicle 3 from link -111005_0 to link -117037_0
2021-07-24 07:26:17,728  WARN DefaultTurnAcceptanceLogic:36 Cannot move vehicle 4 from link -167469_9_r to link -159441_1_r
2021-07-24 07:26:17,729  WARN DefaultTurnAcceptanceLogic:36 Cannot move vehicle 5 from link -126425_0 to link -167897_5
2021-07-24 07:26:17,729  WARN DefaultTurnAcceptanceLogic:36 Cannot move vehicle 6 from link -102565_0 to link -159781_3_r
2021-07-24 07:26:17,729  WARN DefaultTurnAcceptanceLogic:36 Cannot move vehicle 7 from link -161787_7_r to link -160145_0
2021-07-24 07:26:17,730  WARN DefaultTurnAcceptanceLogic:36 Cannot move vehicle 8 from link -134957_3_r to link -115533_0_r
2021-07-24 07:26:17,730  WARN DefaultTurnAcceptanceLogic:36 Cannot move vehicle 10 from link -130607_7 to link -159825_8
2021-07-24 07:26:17,730  WARN DefaultTurnAcceptanceLogic:36 Cannot move vehicle 11 from link -166817_3_r to link -117801_8
2021-07-24 07:26:17,731  WARN DefaultTurnAcceptanceLogic:36 Cannot move vehicle 12 from link -169121_27_r to link -129655_0
2021-07-24 07:26:17,731  WARN DefaultTurnAcceptanceLogic:36 Cannot move vehicle 14 from link -158803_0_r to link -114467_7
2021-07-24 07:26:17,732  WARN DefaultTurnAcceptanceLogic:36 Cannot move vehicle 15 from link -124919_0 to link -135983_0
2021-07-24 07:26:17,733  WARN DefaultTurnAcceptanceLogic:36 Cannot move vehicle 17 from link -146345_0_r to link -161353_1
2021-07-24 07:26:17,733  WARN DefaultTurnAcceptanceLogic:36 Cannot move vehicle 19 from link -142249_2 to link -128415_7
2021-07-24 07:26:17,734  WARN DefaultTurnAcceptanceLogic:36 Cannot move vehicle 21 from link -131685_0_r to link -110835_1_r
2021-07-24 07:26:17,734  WARN DefaultTurnAcceptanceLogic:36 Cannot move vehicle 22 from link -118303_2 to link -134423_4
2021-07-24 07:26:17,735  WARN DefaultTurnAcceptanceLogic:36 Cannot move vehicle 24 from link -165599_7 to link -108489_2
2021-07-24 07:26:17,735  WARN DefaultTurnAcceptanceLogic:36 Cannot move vehicle 25 from link -149637_0_r to link -169099_19_r
2021-07-24 07:26:17,735  WARN DefaultTurnAcceptanceLogic:36 Cannot move vehicle 26 from link -157711_3 to link -163735_0
2021-07-24 07:26:17,737  WARN DefaultTurnAcceptanceLogic:36 Cannot move vehicle 27 from link -156707_4 to link -117471_0
2021-07-24 07:26:20,284  WARN DefaultTurnAcceptanceLogic:36 Cannot move vehicle 0 from link -104717_4_r to link -163759_3
2021-07-24 07:26:20,285  WARN DefaultTurnAcceptanceLogic:36 Cannot move vehicle 1 from link -160751_3_r to link -161653_5_r
2021-07-24 07:26:20,285  WARN DefaultTurnAcceptanceLogic:36 Cannot move vehicle 3 from link -111005_0 to link -117037_0
2021-07-24 07:26:20,286  WARN DefaultTurnAcceptanceLogic:36 Cannot move vehicle 4 from link -167469_9_r to link -159441_1_r
2021-07-24 07:26:20,287  WARN DefaultTurnAcceptanceLogic:36 Cannot move vehicle 6 from link -102565_0 to link -159781_3_r
2021-07-24 07:26:20,287  WARN DefaultTurnAcceptanceLogic:36 Cannot move vehicle 7 from link -161787_7_r to link -160145_0
2021-07-24 07:26:20,287  WARN DefaultTurnAcceptanceLogic:36 Cannot move vehicle 8 from link -134957_3_r to link -115533_0_r
2021-07-24 07:26:20,288  WARN DefaultTurnAcceptanceLogic:36 Cannot move vehicle 10 from link -130607_7 to link -159825_8
2021-07-24 07:26:20,288  WARN DefaultTurnAcceptanceLogic:36 Cannot move vehicle 11 from link -166817_3_r to link -117801_8
2021-07-24 07:26:20,288  WARN DefaultTurnAcceptanceLogic:36 Cannot move vehicle 12 from link -169121_27_r to link -129655_0
2021-07-24 07:26:20,289  WARN DefaultTurnAcceptanceLogic:36 Cannot move vehicle 14 from link -158803_0_r to link -114467_7
2021-07-24 07:26:20,289  WARN DefaultTurnAcceptanceLogic:36 Cannot move vehicle 15 from link -124919_0 to link -135983_0
2021-07-24 07:26:20,290  WARN DefaultTurnAcceptanceLogic:36 Cannot move vehicle 17 from link -146345_0_r to link -161353_1
2021-07-24 07:26:20,290  WARN DefaultTurnAcceptanceLogic:36 Cannot move vehicle 19 from link -142249_2 to link -128415_7
2021-07-24 07:26:20,291  WARN DefaultTurnAcceptanceLogic:36 Cannot move vehicle 21 from link -131685_0_r to link -110835_1_r
2021-07-24 07:26:20,291  WARN DefaultTurnAcceptanceLogic:36 Cannot move vehicle 22 from link -118303_2 to link -134423_4
2021-07-24 07:26:20,292  WARN DefaultTurnAcceptanceLogic:36 Cannot move vehicle 24 from link -165599_7 to link -108489_2
2021-07-24 07:26:20,292  WARN DefaultTurnAcceptanceLogic:36 Cannot move vehicle 25 from link -149637_0_r to link -169099_19_r
2021-07-24 07:26:20,293  WARN DefaultTurnAcceptanceLogic:36 Cannot move vehicle 26 from link -157711_3 to link -163735_0
2021-07-24 07:26:20,293  WARN DefaultTurnAcceptanceLogic:36 Cannot move vehicle 27 from link -156707_4 to link -117471_0
2021-07-24 07:26:23,507  WARN DefaultTurnAcceptanceLogic:36 Cannot move vehicle 0 from link -104717_4_r to link -163759_3
2021-07-24 07:26:23,507  WARN DefaultTurnAcceptanceLogic:36 Cannot move vehicle 1 from link -160751_3_r to link -161653_5_r
2021-07-24 07:26:23,507  WARN DefaultTurnAcceptanceLogic:36 Cannot move vehicle 3 from link -111005_0 to link -117037_0
2021-07-24 07:26:23,508  WARN DefaultTurnAcceptanceLogic:36 Cannot move vehicle 6 from link -102565_0 to link -159781_3_r
2021-07-24 07:26:23,508  WARN DefaultTurnAcceptanceLogic:36 Cannot move vehicle 7 from link -161787_7_r to link -160145_0
2021-07-24 07:26:23,508  WARN DefaultTurnAcceptanceLogic:36 Cannot move vehicle 8 from link -134957_3_r to link -115533_0_r
2021-07-24 07:26:23,509  WARN DefaultTurnAcceptanceLogic:36 Cannot move vehicle 10 from link -130607_7 to link -159825_8
2021-07-24 07:26:23,509  WARN DefaultTurnAcceptanceLogic:36 Cannot move vehicle 11 from link -166817_3_r to link -117801_8
2021-07-24 07:26:23,509  WARN DefaultTurnAcceptanceLogic:36 Cannot move vehicle 12 from link -169121_27_r to link -129655_0
2021-07-24 07:26:23,509  WARN DefaultTurnAcceptanceLogic:36 Cannot move vehicle 14 from link -158803_0_r to link -114467_7
2021-07-24 07:26:23,509  WARN DefaultTurnAcceptanceLogic:36 Cannot move vehicle 15 from link -124919_0 to link -135983_0
2021-07-24 07:26:23,510  WARN DefaultTurnAcceptanceLogic:36 Cannot move vehicle 17 from link -146345_0_r to link -161353_1
2021-07-24 07:26:23,510  WARN DefaultTurnAcceptanceLogic:36 Cannot move vehicle 19 from link -142249_2 to link -128415_7
2021-07-24 07:26:23,510  WARN DefaultTurnAcceptanceLogic:36 Cannot move vehicle 21 from link -131685_0_r to link -110835_1_r
2021-07-24 07:26:23,510  WARN DefaultTurnAcceptanceLogic:36 Cannot move vehicle 22 from link -118303_2 to link -134423_4
2021-07-24 07:26:23,510  WARN DefaultTurnAcceptanceLogic:36 Cannot move vehicle 24 from link -165599_7 to link -108489_2
2021-07-24 07:26:23,511  WARN DefaultTurnAcceptanceLogic:36 Cannot move vehicle 25 from link -149637_0_r to link -169099_19_r
2021-07-24 07:26:23,511  WARN DefaultTurnAcceptanceLogic:36 Cannot move vehicle 27 from link -156707_4 to link -117471_0
2021-07-24 07:26:26,158  WARN DefaultTurnAcceptanceLogic:36 Cannot move vehicle 1 from link -160751_3_r to link -161653_5_r
2021-07-24 07:26:26,158  WARN DefaultTurnAcceptanceLogic:36 Cannot move vehicle 3 from link -111005_0 to link -117037_0
2021-07-24 07:26:26,159  WARN DefaultTurnAcceptanceLogic:36 Cannot move vehicle 6 from link -102565_0 to link -159781_3_r
2021-07-24 07:26:26,160  WARN DefaultTurnAcceptanceLogic:36 Cannot move vehicle 7 from link -161787_7_r to link -160145_0
2021-07-24 07:26:26,160  WARN DefaultTurnAcceptanceLogic:36 Cannot move vehicle 8 from link -134957_3_r to link -115533_0_r
2021-07-24 07:26:26,160  WARN DefaultTurnAcceptanceLogic:36 Cannot move vehicle 10 from link -130607_7 to link -159825_8
2021-07-24 07:26:26,160  WARN DefaultTurnAcceptanceLogic:36 Cannot move vehicle 11 from link -166817_3_r to link -117801_8
2021-07-24 07:26:26,161  WARN DefaultTurnAcceptanceLogic:36 Cannot move vehicle 14 from link -158803_0_r to link -114467_7
2021-07-24 07:26:26,162  WARN DefaultTurnAcceptanceLogic:36 Cannot move vehicle 15 from link -124919_0 to link -135983_0
2021-07-24 07:26:26,162  WARN DefaultTurnAcceptanceLogic:36 Cannot move vehicle 17 from link -146345_0_r to link -161353_1
2021-07-24 07:26:26,163  WARN DefaultTurnAcceptanceLogic:36 Cannot move vehicle 19 from link -142249_2 to link -128415_7
2021-07-24 07:26:26,163  WARN DefaultTurnAcceptanceLogic:36 Cannot move vehicle 21 from link -131685_0_r to link -110835_1_r
2021-07-24 07:26:26,163  WARN DefaultTurnAcceptanceLogic:36 Cannot move vehicle 22 from link -118303_2 to link -134423_4
2021-07-24 07:26:26,164  WARN DefaultTurnAcceptanceLogic:36 Cannot move vehicle 24 from link -165599_7 to link -108489_2
2021-07-24 07:26:26,164  WARN DefaultTurnAcceptanceLogic:36 Cannot move vehicle 25 from link -149637_0_r to link -169099_19_r
2021-07-24 07:26:26,165  WARN DefaultTurnAcceptanceLogic:36 Cannot move vehicle 27 from link -156707_4 to link -117471_0
2021-07-24 07:26:29,236  WARN DefaultTurnAcceptanceLogic:36 Cannot move vehicle 1 from link -160751_3_r to link -161653_5_r
2021-07-24 07:26:29,237  WARN DefaultTurnAcceptanceLogic:36 Cannot move vehicle 3 from link -111005_0 to link -117037_0
2021-07-24 07:26:29,238  WARN DefaultTurnAcceptanceLogic:36 Cannot move vehicle 6 from link -102565_0 to link -159781_3_r
2021-07-24 07:26:29,239  WARN DefaultTurnAcceptanceLogic:36 Cannot move vehicle 7 from link -161787_7_r to link -160145_0
2021-07-24 07:26:29,239  WARN DefaultTurnAcceptanceLogic:36 Cannot move vehicle 8 from link -134957_3_r to link -115533_0_r
2021-07-24 07:26:29,239  WARN DefaultTurnAcceptanceLogic:36 Cannot move vehicle 10 from link -130607_7 to link -159825_8
2021-07-24 07:26:29,240  WARN DefaultTurnAcceptanceLogic:36 Cannot move vehicle 11 from link -166817_3_r to link -117801_8
2021-07-24 07:26:29,240  WARN DefaultTurnAcceptanceLogic:36 Cannot move vehicle 15 from link -124919_0 to link -135983_0
2021-07-24 07:26:29,241  WARN DefaultTurnAcceptanceLogic:36 Cannot move vehicle 17 from link -146345_0_r to link -161353_1
2021-07-24 07:26:29,241  WARN DefaultTurnAcceptanceLogic:36 Cannot move vehicle 19 from link -142249_2 to link -128415_7
2021-07-24 07:26:29,241  WARN DefaultTurnAcceptanceLogic:36 Cannot move vehicle 21 from link -131685_0_r to link -110835_1_r
2021-07-24 07:26:29,242  WARN DefaultTurnAcceptanceLogic:36 Cannot move vehicle 22 from link -118303_2 to link -134423_4
2021-07-24 07:26:29,242  WARN DefaultTurnAcceptanceLogic:36 Cannot move vehicle 24 from link -165599_7 to link -108489_2
2021-07-24 07:26:29,242  WARN DefaultTurnAcceptanceLogic:36 Cannot move vehicle 25 from link -149637_0_r to link -169099_19_r
2021-07-24 07:26:29,243  WARN DefaultTurnAcceptanceLogic:36 Cannot move vehicle 27 from link -156707_4 to link -117471_0
2021-07-24 07:26:32,218  WARN DefaultTurnAcceptanceLogic:36 Cannot move vehicle 1 from link -160751_3_r to link -161653_5_r
2021-07-24 07:26:32,219  WARN DefaultTurnAcceptanceLogic:36 Cannot move vehicle 3 from link -111005_0 to link -117037_0
2021-07-24 07:26:32,220  WARN DefaultTurnAcceptanceLogic:36 Cannot move vehicle 6 from link -102565_0 to link -159781_3_r
2021-07-24 07:26:32,220  WARN DefaultTurnAcceptanceLogic:36 Cannot move vehicle 7 from link -161787_7_r to link -160145_0
2021-07-24 07:26:32,221  WARN DefaultTurnAcceptanceLogic:36 Cannot move vehicle 8 from link -134957_3_r to link -115533_0_r
2021-07-24 07:26:32,221  WARN DefaultTurnAcceptanceLogic:36 Cannot move vehicle 10 from link -130607_7 to link -159825_8
2021-07-24 07:26:32,221  WARN DefaultTurnAcceptanceLogic:36 Cannot move vehicle 11 from link -166817_3_r to link -117801_8
2021-07-24 07:26:32,222  WARN DefaultTurnAcceptanceLogic:36 Cannot move vehicle 15 from link -124919_0 to link -135983_0
2021-07-24 07:26:32,223  WARN DefaultTurnAcceptanceLogic:36 Cannot move vehicle 17 from link -146345_0_r to link -161353_1
2021-07-24 07:26:32,223  WARN DefaultTurnAcceptanceLogic:36 Cannot move vehicle 19 from link -142249_2 to link -128415_7
2021-07-24 07:26:32,224  WARN DefaultTurnAcceptanceLogic:36 Cannot move vehicle 21 from link -131685_0_r to link -110835_1_r
2021-07-24 07:26:32,224  WARN DefaultTurnAcceptanceLogic:36 Cannot move vehicle 22 from link -118303_2 to link -134423_4
2021-07-24 07:26:32,225  WARN DefaultTurnAcceptanceLogic:36 Cannot move vehicle 25 from link -149637_0_r to link -169099_19_r
2021-07-24 07:26:32,226  WARN DefaultTurnAcceptanceLogic:36 Cannot move vehicle 27 from link -156707_4 to link -117471_0
2021-07-24 07:26:35,475  WARN DefaultTurnAcceptanceLogic:36 Cannot move vehicle 1 from link -160751_3_r to link -161653_5_r
2021-07-24 07:26:35,476  WARN DefaultTurnAcceptanceLogic:36 Cannot move vehicle 3 from link -111005_0 to link -117037_0
2021-07-24 07:26:35,476  WARN DefaultTurnAcceptanceLogic:36 Cannot move vehicle 6 from link -102565_0 to link -159781_3_r
2021-07-24 07:26:35,477  WARN DefaultTurnAcceptanceLogic:36 Cannot move vehicle 7 from link -161787_7_r to link -160145_0
2021-07-24 07:26:35,477  WARN DefaultTurnAcceptanceLogic:36 Cannot move vehicle 8 from link -134957_3_r to link -115533_0_r
2021-07-24 07:26:35,477  WARN DefaultTurnAcceptanceLogic:36 Cannot move vehicle 11 from link -166817_3_r to link -117801_8
2021-07-24 07:26:35,478  WARN DefaultTurnAcceptanceLogic:36 Cannot move vehicle 15 from link -124919_0 to link -135983_0
2021-07-24 07:26:35,479  WARN DefaultTurnAcceptanceLogic:36 Cannot move vehicle 17 from link -146345_0_r to link -161353_1
2021-07-24 07:26:35,479  WARN DefaultTurnAcceptanceLogic:36 Cannot move vehicle 21 from link -131685_0_r to link -110835_1_r
2021-07-24 07:26:35,479  WARN DefaultTurnAcceptanceLogic:36 Cannot move vehicle 22 from link -118303_2 to link -134423_4
2021-07-24 07:26:35,480  WARN DefaultTurnAcceptanceLogic:36 Cannot move vehicle 25 from link -149637_0_r to link -169099_19_r
2021-07-24 07:26:35,480  WARN DefaultTurnAcceptanceLogic:36 Cannot move vehicle 27 from link -156707_4 to link -117471_0
2021-07-24 07:26:38,689  WARN DefaultTurnAcceptanceLogic:36 Cannot move vehicle 1 from link -160751_3_r to link -161653_5_r
2021-07-24 07:26:38,690  WARN DefaultTurnAcceptanceLogic:36 Cannot move vehicle 3 from link -111005_0 to link -117037_0
2021-07-24 07:26:38,691  WARN DefaultTurnAcceptanceLogic:36 Cannot move vehicle 6 from link -102565_0 to link -159781_3_r
2021-07-24 07:26:38,692  WARN DefaultTurnAcceptanceLogic:36 Cannot move vehicle 7 from link -161787_7_r to link -160145_0
2021-07-24 07:26:38,692  WARN DefaultTurnAcceptanceLogic:36 Cannot move vehicle 8 from link -134957_3_r to link -115533_0_r
2021-07-24 07:26:38,692  WARN DefaultTurnAcceptanceLogic:36 Cannot move vehicle 11 from link -166817_3_r to link -117801_8
2021-07-24 07:26:38,693  WARN DefaultTurnAcceptanceLogic:36 Cannot move vehicle 15 from link -124919_0 to link -135983_0
2021-07-24 07:26:38,693  WARN DefaultTurnAcceptanceLogic:36 Cannot move vehicle 17 from link -146345_0_r to link -161353_1
2021-07-24 07:26:38,694  WARN DefaultTurnAcceptanceLogic:36 Cannot move vehicle 21 from link -131685_0_r to link -110835_1_r
2021-07-24 07:26:38,694  WARN DefaultTurnAcceptanceLogic:36 Cannot move vehicle 22 from link -118303_2 to link -134423_4
2021-07-24 07:26:38,694  WARN DefaultTurnAcceptanceLogic:36 Cannot move vehicle 25 from link -149637_0_r to link -169099_19_r
2021-07-24 07:26:38,695  WARN DefaultTurnAcceptanceLogic:36 Cannot move vehicle 27 from link -156707_4 to link -117471_0
2021-07-24 07:26:41,459  WARN DefaultTurnAcceptanceLogic:36 Cannot move vehicle 1 from link -160751_3_r to link -161653_5_r
2021-07-24 07:26:41,460  WARN DefaultTurnAcceptanceLogic:36 Cannot move vehicle 3 from link -111005_0 to link -117037_0
2021-07-24 07:26:41,461  WARN DefaultTurnAcceptanceLogic:36 Cannot move vehicle 6 from link -102565_0 to link -159781_3_r
2021-07-24 07:26:41,462  WARN DefaultTurnAcceptanceLogic:36 Cannot move vehicle 7 from link -161787_7_r to link -160145_0
2021-07-24 07:26:41,462  WARN DefaultTurnAcceptanceLogic:36 Cannot move vehicle 8 from link -134957_3_r to link -115533_0_r
2021-07-24 07:26:41,462  WARN DefaultTurnAcceptanceLogic:36 Cannot move vehicle 11 from link -166817_3_r to link -117801_8
2021-07-24 07:26:41,463  WARN DefaultTurnAcceptanceLogic:36 Cannot move vehicle 15 from link -124919_0 to link -135983_0
2021-07-24 07:26:41,463  WARN DefaultTurnAcceptanceLogic:36 Cannot move vehicle 17 from link -146345_0_r to link -161353_1
2021-07-24 07:26:41,464  WARN DefaultTurnAcceptanceLogic:36 Cannot move vehicle 21 from link -131685_0_r to link -110835_1_r
2021-07-24 07:26:41,464  WARN DefaultTurnAcceptanceLogic:36 Cannot move vehicle 22 from link -118303_2 to link -134423_4
2021-07-24 07:26:41,465  WARN DefaultTurnAcceptanceLogic:36 Cannot move vehicle 25 from link -149637_0_r to link -169099_19_r
2021-07-24 07:26:41,466  WARN DefaultTurnAcceptanceLogic:36 Cannot move vehicle 27 from link -156707_4 to link -117471_0
2021-07-24 07:26:52,101  WARN DefaultTurnAcceptanceLogic:36 Cannot move vehicle 1 from link -160751_3_r to link -161653_5_r
2021-07-24 07:26:52,102  WARN DefaultTurnAcceptanceLogic:36 Cannot move vehicle 3 from link -111005_0 to link -117037_0
2021-07-24 07:26:52,103  WARN DefaultTurnAcceptanceLogic:36 Cannot move vehicle 6 from link -102565_0 to link -159781_3_r
2021-07-24 07:26:52,104  WARN DefaultTurnAcceptanceLogic:36 Cannot move vehicle 7 from link -161787_7_r to link -160145_0
2021-07-24 07:26:52,104  WARN DefaultTurnAcceptanceLogic:36 Cannot move vehicle 8 from link -134957_3_r to link -115533_0_r
2021-07-24 07:26:52,104  WARN DefaultTurnAcceptanceLogic:36 Cannot move vehicle 11 from link -166817_3_r to link -117801_8
2021-07-24 07:26:52,105  WARN DefaultTurnAcceptanceLogic:36 Cannot move vehicle 15 from link -124919_0 to link -135983_0
2021-07-24 07:26:52,105  WARN DefaultTurnAcceptanceLogic:36 Cannot move vehicle 17 from link -146345_0_r to link -161353_1
2021-07-24 07:26:52,106  WARN DefaultTurnAcceptanceLogic:36 Cannot move vehicle 21 from link -131685_0_r to link -110835_1_r
2021-07-24 07:26:52,106  WARN DefaultTurnAcceptanceLogic:36 Cannot move vehicle 22 from link -118303_2 to link -134423_4
2021-07-24 07:26:52,106  WARN DefaultTurnAcceptanceLogic:36 Cannot move vehicle 25 from link -149637_0_r to link -169099_19_r
2021-07-24 07:26:52,107  WARN DefaultTurnAcceptanceLogic:36 Cannot move vehicle 27 from link -156707_4 to link -117471_0
2021-07-24 07:26:54,217  WARN DefaultTurnAcceptanceLogic:36 Cannot move vehicle 1 from link -160751_3_r to link -161653_5_r
2021-07-24 07:26:54,221  WARN DefaultTurnAcceptanceLogic:36 Cannot move vehicle 3 from link -111005_0 to link -117037_0
2021-07-24 07:26:54,223  WARN DefaultTurnAcceptanceLogic:36 Cannot move vehicle 6 from link -102565_0 to link -159781_3_r
2021-07-24 07:26:54,223  WARN DefaultTurnAcceptanceLogic:36 Cannot move vehicle 7 from link -161787_7_r to link -160145_0
2021-07-24 07:26:54,223  WARN DefaultTurnAcceptanceLogic:36 Cannot move vehicle 8 from link -134957_3_r to link -115533_0_r
2021-07-24 07:26:54,224  WARN DefaultTurnAcceptanceLogic:36 Cannot move vehicle 11 from link -166817_3_r to link -117801_8
2021-07-24 07:26:54,225  WARN DefaultTurnAcceptanceLogic:36 Cannot move vehicle 15 from link -124919_0 to link -135983_0
2021-07-24 07:26:54,225  WARN DefaultTurnAcceptanceLogic:36 Cannot move vehicle 17 from link -146345_0_r to link -161353_1
2021-07-24 07:26:54,226  WARN DefaultTurnAcceptanceLogic:36 Cannot move vehicle 21 from link -131685_0_r to link -110835_1_r
2021-07-24 07:26:54,226  WARN DefaultTurnAcceptanceLogic:36 Cannot move vehicle 22 from link -118303_2 to link -134423_4
2021-07-24 07:26:54,227  WARN DefaultTurnAcceptanceLogic:36 Cannot move vehicle 25 from link -149637_0_r to link -169099_19_r
2021-07-24 07:26:54,227  WARN DefaultTurnAcceptanceLogic:36 Cannot move vehicle 27 from link -156707_4 to link -117471_0
2021-07-24 07:26:56,566  WARN DefaultTurnAcceptanceLogic:36 Cannot move vehicle 1 from link -160751_3_r to link -161653_5_r
2021-07-24 07:26:56,567  WARN DefaultTurnAcceptanceLogic:36 Cannot move vehicle 3 from link -111005_0 to link -117037_0
2021-07-24 07:26:56,568  WARN DefaultTurnAcceptanceLogic:36 Cannot move vehicle 6 from link -102565_0 to link -159781_3_r
2021-07-24 07:26:56,569  WARN DefaultTurnAcceptanceLogic:36 Cannot move vehicle 7 from link -161787_7_r to link -160145_0
2021-07-24 07:26:56,569  WARN DefaultTurnAcceptanceLogic:36 Cannot move vehicle 8 from link -134957_3_r to link -115533_0_r
2021-07-24 07:26:56,570  WARN DefaultTurnAcceptanceLogic:36 Cannot move vehicle 11 from link -166817_3_r to link -117801_8
2021-07-24 07:26:56,571  WARN DefaultTurnAcceptanceLogic:36 Cannot move vehicle 15 from link -124919_0 to link -135983_0
2021-07-24 07:26:56,571  WARN DefaultTurnAcceptanceLogic:36 Cannot move vehicle 17 from link -146345_0_r to link -161353_1
2021-07-24 07:26:56,572  WARN DefaultTurnAcceptanceLogic:36 Cannot move vehicle 21 from link -131685_0_r to link -110835_1_r
2021-07-24 07:26:56,572  WARN DefaultTurnAcceptanceLogic:36 Cannot move vehicle 22 from link -118303_2 to link -134423_4
2021-07-24 07:26:56,572  WARN DefaultTurnAcceptanceLogic:36 Cannot move vehicle 25 from link -149637_0_r to link -169099_19_r
2021-07-24 07:26:56,573  WARN DefaultTurnAcceptanceLogic:36 Cannot move vehicle 27 from link -156707_4 to link -117471_0
2021-07-24 07:26:59,235  WARN DefaultTurnAcceptanceLogic:36 Cannot move vehicle 1 from link -160751_3_r to link -161653_5_r
2021-07-24 07:26:59,235  WARN DefaultTurnAcceptanceLogic:36 Cannot move vehicle 3 from link -111005_0 to link -117037_0
2021-07-24 07:26:59,236  WARN DefaultTurnAcceptanceLogic:36 Cannot move vehicle 6 from link -102565_0 to link -159781_3_r
2021-07-24 07:26:59,237  WARN DefaultTurnAcceptanceLogic:36 Cannot move vehicle 8 from link -134957_3_r to link -115533_0_r
2021-07-24 07:26:59,238  WARN DefaultTurnAcceptanceLogic:36 Cannot move vehicle 11 from link -166817_3_r to link -117801_8
2021-07-24 07:26:59,238  WARN DefaultTurnAcceptanceLogic:36 Cannot move vehicle 15 from link -124919_0 to link -135983_0
2021-07-24 07:26:59,239  WARN DefaultTurnAcceptanceLogic:36 Cannot move vehicle 17 from link -146345_0_r to link -161353_1
2021-07-24 07:26:59,239  WARN DefaultTurnAcceptanceLogic:36 Cannot move vehicle 21 from link -131685_0_r to link -110835_1_r
2021-07-24 07:26:59,239  WARN DefaultTurnAcceptanceLogic:36 Cannot move vehicle 22 from link -118303_2 to link -134423_4
2021-07-24 07:26:59,240  WARN DefaultTurnAcceptanceLogic:36 Cannot move vehicle 25 from link -149637_0_r to link -169099_19_r
2021-07-24 07:26:59,240  WARN DefaultTurnAcceptanceLogic:36 Cannot move vehicle 27 from link -156707_4 to link -117471_0
2021-07-24 07:27:02,613  WARN DefaultTurnAcceptanceLogic:36 Cannot move vehicle 1 from link -160751_3_r to link -161653_5_r
2021-07-24 07:27:02,614  WARN DefaultTurnAcceptanceLogic:36 Cannot move vehicle 3 from link -111005_0 to link -117037_0
2021-07-24 07:27:02,615  WARN DefaultTurnAcceptanceLogic:36 Cannot move vehicle 6 from link -102565_0 to link -159781_3_r
2021-07-24 07:27:02,615  WARN DefaultTurnAcceptanceLogic:36 Cannot move vehicle 8 from link -134957_3_r to link -115533_0_r
2021-07-24 07:27:02,616  WARN DefaultTurnAcceptanceLogic:36 Cannot move vehicle 11 from link -166817_3_r to link -117801_8
2021-07-24 07:27:02,616  WARN DefaultTurnAcceptanceLogic:36 Cannot move vehicle 15 from link -124919_0 to link -135983_0
2021-07-24 07:27:02,618  WARN DefaultTurnAcceptanceLogic:36 Cannot move vehicle 21 from link -131685_0_r to link -110835_1_r
2021-07-24 07:27:02,618  WARN DefaultTurnAcceptanceLogic:36 Cannot move vehicle 22 from link -118303_2 to link -134423_4
2021-07-24 07:27:02,619  WARN DefaultTurnAcceptanceLogic:36 Cannot move vehicle 25 from link -149637_0_r to link -169099_19_r
2021-07-24 07:27:05,408  WARN DefaultTurnAcceptanceLogic:36 Cannot move vehicle 1 from link -160751_3_r to link -161653_5_r
2021-07-24 07:27:05,409  WARN DefaultTurnAcceptanceLogic:36 Cannot move vehicle 3 from link -111005_0 to link -117037_0
2021-07-24 07:27:05,410  WARN DefaultTurnAcceptanceLogic:36 Cannot move vehicle 6 from link -102565_0 to link -159781_3_r
2021-07-24 07:27:05,411  WARN DefaultTurnAcceptanceLogic:36 Cannot move vehicle 8 from link -134957_3_r to link -115533_0_r
2021-07-24 07:27:05,412  WARN DefaultTurnAcceptanceLogic:36 Cannot move vehicle 15 from link -124919_0 to link -135983_0
2021-07-24 07:27:05,413  WARN DefaultTurnAcceptanceLogic:36 Cannot move vehicle 21 from link -131685_0_r to link -110835_1_r
2021-07-24 07:27:05,413  WARN DefaultTurnAcceptanceLogic:36 Cannot move vehicle 22 from link -118303_2 to link -134423_4
2021-07-24 07:27:05,414  WARN DefaultTurnAcceptanceLogic:36 Cannot move vehicle 25 from link -149637_0_r to link -169099_19_r
2021-07-24 07:27:07,940  WARN DefaultTurnAcceptanceLogic:36 Cannot move vehicle 1 from link -160751_3_r to link -161653_5_r
2021-07-24 07:27:07,940  WARN DefaultTurnAcceptanceLogic:36 Cannot move vehicle 3 from link -111005_0 to link -117037_0
2021-07-24 07:27:07,941  WARN DefaultTurnAcceptanceLogic:36 Cannot move vehicle 6 from link -102565_0 to link -159781_3_r
2021-07-24 07:27:07,942  WARN DefaultTurnAcceptanceLogic:36 Cannot move vehicle 8 from link -134957_3_r to link -115533_0_r
2021-07-24 07:27:07,943  WARN DefaultTurnAcceptanceLogic:36 Cannot move vehicle 15 from link -124919_0 to link -135983_0
2021-07-24 07:27:07,943  WARN DefaultTurnAcceptanceLogic:36 Cannot move vehicle 22 from link -118303_2 to link -134423_4
2021-07-24 07:27:07,944  WARN DefaultTurnAcceptanceLogic:36 Cannot move vehicle 25 from link -149637_0_r to link -169099_19_r
2021-07-24 07:27:10,249  WARN DefaultTurnAcceptanceLogic:36 Cannot move vehicle 1 from link -160751_3_r to link -161653_5_r
2021-07-24 07:27:10,250  WARN DefaultTurnAcceptanceLogic:36 Cannot move vehicle 3 from link -111005_0 to link -117037_0
2021-07-24 07:27:10,251  WARN DefaultTurnAcceptanceLogic:36 Cannot move vehicle 6 from link -102565_0 to link -159781_3_r
2021-07-24 07:27:10,252  WARN DefaultTurnAcceptanceLogic:36 Cannot move vehicle 8 from link -134957_3_r to link -115533_0_r
2021-07-24 07:27:10,254  WARN DefaultTurnAcceptanceLogic:36 Cannot move vehicle 22 from link -118303_2 to link -134423_4
2021-07-24 07:27:10,254  WARN DefaultTurnAcceptanceLogic:36 Cannot move vehicle 25 from link -149637_0_r to link -169099_19_r
2021-07-24 07:27:13,223  WARN DefaultTurnAcceptanceLogic:36 Cannot move vehicle 1 from link -160751_3_r to link -161653_5_r
2021-07-24 07:27:13,223  WARN DefaultTurnAcceptanceLogic:36 Cannot move vehicle 3 from link -111005_0 to link -117037_0
2021-07-24 07:27:13,225  WARN DefaultTurnAcceptanceLogic:36 Cannot move vehicle 6 from link -102565_0 to link -159781_3_r
2021-07-24 07:27:13,225  WARN DefaultTurnAcceptanceLogic:36 Cannot move vehicle 8 from link -134957_3_r to link -115533_0_r
2021-07-24 07:27:13,226  WARN DefaultTurnAcceptanceLogic:36 Cannot move vehicle 22 from link -118303_2 to link -134423_4
2021-07-24 07:27:16,189  WARN DefaultTurnAcceptanceLogic:36 Cannot move vehicle 1 from link -160751_3_r to link -161653_5_r
2021-07-24 07:27:16,190  WARN DefaultTurnAcceptanceLogic:36 Cannot move vehicle 3 from link -111005_0 to link -117037_0
2021-07-24 07:27:16,191  WARN DefaultTurnAcceptanceLogic:36 Cannot move vehicle 6 from link -102565_0 to link -159781_3_r
2021-07-24 07:27:16,191  WARN DefaultTurnAcceptanceLogic:36 Cannot move vehicle 8 from link -134957_3_r to link -115533_0_r
2021-07-24 07:27:16,193  WARN DefaultTurnAcceptanceLogic:36 Cannot move vehicle 22 from link -118303_2 to link -134423_4
2021-07-24 07:27:26,989  WARN DefaultTurnAcceptanceLogic:36 Cannot move vehicle 1 from link -160751_3_r to link -161653_5_r
2021-07-24 07:27:26,990  WARN DefaultTurnAcceptanceLogic:36 Cannot move vehicle 3 from link -111005_0 to link -117037_0
2021-07-24 07:27:26,990  WARN DefaultTurnAcceptanceLogic:36 Cannot move vehicle 6 from link -102565_0 to link -159781_3_r
2021-07-24 07:27:26,991  WARN DefaultTurnAcceptanceLogic:36 Cannot move vehicle 8 from link -134957_3_r to link -115533_0_r
2021-07-24 07:27:26,993  WARN DefaultTurnAcceptanceLogic:36 Cannot move vehicle 22 from link -118303_2 to link -134423_4
2021-07-24 07:27:30,842  WARN DefaultTurnAcceptanceLogic:36 Cannot move vehicle 1 from link -160751_3_r to link -161653_5_r
2021-07-24 07:27:30,843  WARN DefaultTurnAcceptanceLogic:36 Cannot move vehicle 3 from link -111005_0 to link -117037_0
2021-07-24 07:27:30,844  WARN DefaultTurnAcceptanceLogic:36 Cannot move vehicle 8 from link -134957_3_r to link -115533_0_r
2021-07-24 07:27:30,846  WARN DefaultTurnAcceptanceLogic:36 Cannot move vehicle 22 from link -118303_2 to link -134423_4
2021-07-24 07:27:33,524  WARN DefaultTurnAcceptanceLogic:36 Cannot move vehicle 1 from link -160751_3_r to link -161653_5_r
2021-07-24 07:27:33,525  WARN DefaultTurnAcceptanceLogic:36 Cannot move vehicle 3 from link -111005_0 to link -117037_0
2021-07-24 07:27:33,526  WARN DefaultTurnAcceptanceLogic:36 Cannot move vehicle 8 from link -134957_3_r to link -115533_0_r
2021-07-24 07:27:35,583  WARN DefaultTurnAcceptanceLogic:36 Cannot move vehicle 1 from link -160751_3_r to link -161653_5_r
2021-07-24 07:27:35,584  WARN DefaultTurnAcceptanceLogic:36 Cannot move vehicle 3 from link -111005_0 to link -117037_0
2021-07-24 07:27:35,585  WARN DefaultTurnAcceptanceLogic:36 Cannot move vehicle 8 from link -134957_3_r to link -115533_0_r
2021-07-24 07:27:38,516  WARN DefaultTurnAcceptanceLogic:36 Cannot move vehicle 1 from link -160751_3_r to link -161653_5_r
2021-07-24 07:27:38,516  WARN DefaultTurnAcceptanceLogic:36 Cannot move vehicle 3 from link -111005_0 to link -117037_0
2021-07-24 07:27:38,518  WARN DefaultTurnAcceptanceLogic:36 Cannot move vehicle 8 from link -134957_3_r to link -115533_0_r
2021-07-24 07:27:41,157  WARN DefaultTurnAcceptanceLogic:36 Cannot move vehicle 1 from link -160751_3_r to link -161653_5_r
2021-07-24 07:27:41,158  WARN DefaultTurnAcceptanceLogic:36 Cannot move vehicle 3 from link -111005_0 to link -117037_0
2021-07-24 07:27:41,159  WARN DefaultTurnAcceptanceLogic:36 Cannot move vehicle 8 from link -134957_3_r to link -115533_0_r
2021-07-24 07:27:43,423  WARN DefaultTurnAcceptanceLogic:36 Cannot move vehicle 1 from link -160751_3_r to link -161653_5_r
2021-07-24 07:27:43,424  WARN DefaultTurnAcceptanceLogic:36 Cannot move vehicle 3 from link -111005_0 to link -117037_0
2021-07-24 07:27:43,425  WARN DefaultTurnAcceptanceLogic:36 Cannot move vehicle 8 from link -134957_3_r to link -115533_0_r
2021-07-24 07:27:46,324  WARN DefaultTurnAcceptanceLogic:36 Cannot move vehicle 1 from link -160751_3_r to link -161653_5_r
2021-07-24 07:27:46,325  WARN DefaultTurnAcceptanceLogic:36 Cannot move vehicle 3 from link -111005_0 to link -117037_0
2021-07-24 07:27:46,327  WARN DefaultTurnAcceptanceLogic:36 Cannot move vehicle 8 from link -134957_3_r to link -115533_0_r
2021-07-24 07:27:49,031  WARN DefaultTurnAcceptanceLogic:36 Cannot move vehicle 3 from link -111005_0 to link -117037_0
2021-07-24 07:27:49,032  WARN DefaultTurnAcceptanceLogic:36 Cannot move vehicle 8 from link -134957_3_r to link -115533_0_r
2021-07-24 07:27:52,107  WARN DefaultTurnAcceptanceLogic:36 Cannot move vehicle 3 from link -111005_0 to link -117037_0
2021-07-24 07:27:52,109  WARN DefaultTurnAcceptanceLogic:36 Cannot move vehicle 8 from link -134957_3_r to link -115533_0_r
2021-07-24 07:28:02,339  WARN DefaultTurnAcceptanceLogic:36 Cannot move vehicle 3 from link -111005_0 to link -117037_0
2021-07-24 07:28:02,340  WARN DefaultTurnAcceptanceLogic:36 Cannot move vehicle 8 from link -134957_3_r to link -115533_0_r
2021-07-24 07:28:05,785  WARN DefaultTurnAcceptanceLogic:36 Cannot move vehicle 3 from link -111005_0 to link -117037_0
2021-07-24 07:28:05,786  WARN DefaultTurnAcceptanceLogic:36 Cannot move vehicle 8 from link -134957_3_r to link -115533_0_r
2021-07-24 07:29:20,967  WARN MGC:175 Assuming that coordinates are in longitude first notation, i.e. (longitude, latitude).
2021-07-24 07:29:20,967  WARN MGC:175 Assuming that coordinates are in longitude first notation, i.e. (longitude, latitude).
