2021-07-13 09:36:05,722  WARN DefaultTurnAcceptanceLogic:36 Cannot move vehicle 0_0_0 from link -290028_0_r to link -296751_0
2021-07-13 09:36:05,723  WARN DefaultTurnAcceptanceLogic:36 Cannot move vehicle 1_0_0 from link -295599_0 to link -283923_0
2021-07-13 09:36:05,724  WARN DefaultTurnAcceptanceLogic:36 Cannot move vehicle 2_0_0 from link -303127_0 to link -286143_0_r
2021-07-13 09:36:05,725  WARN DefaultTurnAcceptanceLogic:36 Cannot move vehicle 3_0_0 from link -298543_0_r to link -299507_0_r
2021-07-13 09:36:05,725  WARN DefaultTurnAcceptanceLogic:36 Cannot move vehicle 4_0_0 from link -282404_3_r to link -296011_0
2021-07-13 09:36:05,726  WARN DefaultTurnAcceptanceLogic:36 Cannot move vehicle 5_0_0 from link -287576_0_r to link -294143_0
2021-07-13 09:36:05,726  WARN DefaultTurnAcceptanceLogic:36 Cannot move vehicle 6_0_0 from link -301114_0_r to link -285744_0_r
2021-07-13 09:36:05,727  WARN DefaultTurnAcceptanceLogic:36 Cannot move vehicle 7_0_0 from link -295127_0_r to link -289105_0_r
2021-07-13 09:36:05,727  WARN DefaultTurnAcceptanceLogic:36 Cannot move vehicle 8_0_0 from link -287333_0_r to link -303134_0_r
2021-07-13 09:36:05,728  WARN DefaultTurnAcceptanceLogic:36 Cannot move vehicle 9_0_0 from link -294827_0_r to link -295968_0
2021-07-13 09:36:05,729  WARN DefaultTurnAcceptanceLogic:36 Cannot move vehicle 10_0_0 from link -300845_0_r to link -288919_0
2021-07-13 09:36:05,730  WARN DefaultTurnAcceptanceLogic:36 Cannot move vehicle 11_0_0 from link -297968_0_r to link -283215_0_r
2021-07-13 09:36:05,730  WARN DefaultTurnAcceptanceLogic:36 Cannot move vehicle 12_0_0 from link -292067_0 to link -283948_0
2021-07-13 09:36:05,730  WARN DefaultTurnAcceptanceLogic:36 Cannot move vehicle 13_0_0 from link -298291_0_r to link -284849_0_r
2021-07-13 09:36:05,731  WARN DefaultTurnAcceptanceLogic:36 Cannot move vehicle 14_0_0 from link -298236_0_r to link -299128_0
2021-07-13 09:36:05,731  WARN DefaultTurnAcceptanceLogic:36 Cannot move vehicle 15_0_0 from link -289416_0 to link -297047_0_r
2021-07-13 09:36:05,732  WARN DefaultTurnAcceptanceLogic:36 Cannot move vehicle 16_0_0 from link -301584_0 to link -300619_0_r
2021-07-13 09:36:05,732  WARN DefaultTurnAcceptanceLogic:36 Cannot move vehicle 17_0_0 from link -283111_0 to link -283525_0
2021-07-13 09:36:05,732  WARN DefaultTurnAcceptanceLogic:36 Cannot move vehicle 18_0_0 from link -299693_0_r to link -292289_0
2021-07-13 09:36:05,733  WARN DefaultTurnAcceptanceLogic:36 Cannot move vehicle 19_0_0 from link -300808_0 to link -298270_0_r
2021-07-13 09:36:05,733  WARN DefaultTurnAcceptanceLogic:36 Cannot move vehicle 20_0_0 from link -299615_0 to link -299892_0_r
2021-07-13 09:36:05,733  WARN DefaultTurnAcceptanceLogic:36 Cannot move vehicle 21_0_0 from link -305040_0 to link -304551_0_r
2021-07-13 09:36:05,734  WARN DefaultTurnAcceptanceLogic:36 Cannot move vehicle 22_0_0 from link -300886_0 to link -296116_0_r
2021-07-13 09:36:05,734  WARN DefaultTurnAcceptanceLogic:36 Cannot move vehicle 23_0_0 from link -289684_2 to link -303218_0
2021-07-13 09:36:05,735  WARN DefaultTurnAcceptanceLogic:36 Cannot move vehicle 25_0_0 from link -293153_0 to link -292863_0_r
2021-07-13 09:36:05,736  WARN DefaultTurnAcceptanceLogic:36 Cannot move vehicle 26_0_0 from link -300762_0 to link -290719_0
2021-07-13 09:36:05,736  WARN DefaultTurnAcceptanceLogic:36 Cannot move vehicle 27_0_0 from link -300438_0_r to link -303116_0_r
2021-07-13 09:36:05,737  WARN DefaultTurnAcceptanceLogic:36 Cannot move vehicle 28_0_0 from link -295860_0_r to link -295128_0_r
2021-07-13 09:36:05,738  WARN DefaultTurnAcceptanceLogic:36 Cannot move vehicle 29_0_0 from link -288465_0 to link -282092_0
2021-07-13 09:36:05,744  WARN DefaultTurnAcceptanceLogic:36 Cannot move vehicle 8_0_1 from link -281922_0_r to link -289981_0
2021-07-13 09:36:05,748  WARN DefaultTurnAcceptanceLogic:36 Cannot move vehicle 24_0_0 from link -297687_0 to link -287191_0
2021-07-13 09:36:06,387  WARN DefaultTurnAcceptanceLogic:36 Cannot move vehicle 0_1_0 from link -296751_0 to link -290028_0_r
2021-07-13 09:36:06,388  WARN DefaultTurnAcceptanceLogic:36 Cannot move vehicle 1_1_0 from link -283923_0 to link -295599_0
2021-07-13 09:36:06,388  WARN DefaultTurnAcceptanceLogic:36 Cannot move vehicle 2_1_0 from link -286143_0_r to link -303127_0
2021-07-13 09:36:06,388  WARN DefaultTurnAcceptanceLogic:36 Cannot move vehicle 3_1_0 from link -299507_0_r to link -298543_0_r
2021-07-13 09:36:06,389  WARN DefaultTurnAcceptanceLogic:36 Cannot move vehicle 4_1_0 from link -296011_0 to link -282404_3_r
2021-07-13 09:36:06,389  WARN DefaultTurnAcceptanceLogic:36 Cannot move vehicle 5_1_0 from link -294143_0 to link -287576_0_r
2021-07-13 09:36:06,389  WARN DefaultTurnAcceptanceLogic:36 Cannot move vehicle 6_1_0 from link -285744_0_r to link -301114_0_r
2021-07-13 09:36:06,389  WARN DefaultTurnAcceptanceLogic:36 Cannot move vehicle 7_1_0 from link -289105_0_r to link -295127_0_r
2021-07-13 09:36:06,390  WARN DefaultTurnAcceptanceLogic:36 Cannot move vehicle 8_1_0 from link -289981_0 to link -287333_0_r
2021-07-13 09:36:06,390  WARN DefaultTurnAcceptanceLogic:36 Cannot move vehicle 9_1_0 from link -295968_0 to link -294827_0_r
2021-07-13 09:36:06,391  WARN DefaultTurnAcceptanceLogic:36 Cannot move vehicle 10_1_0 from link -288919_0 to link -300845_0_r
2021-07-13 09:36:06,391  WARN DefaultTurnAcceptanceLogic:36 Cannot move vehicle 11_1_0 from link -283215_0_r to link -297968_0_r
2021-07-13 09:36:06,391  WARN DefaultTurnAcceptanceLogic:36 Cannot move vehicle 12_1_0 from link -283948_0 to link -292067_0
2021-07-13 09:36:06,392  WARN DefaultTurnAcceptanceLogic:36 Cannot move vehicle 13_1_0 from link -284849_0_r to link -298291_0_r
2021-07-13 09:36:06,392  WARN DefaultTurnAcceptanceLogic:36 Cannot move vehicle 14_1_0 from link -299128_0 to link -298236_0_r
2021-07-13 09:36:06,392  WARN DefaultTurnAcceptanceLogic:36 Cannot move vehicle 15_1_0 from link -297047_0_r to link -289416_0
2021-07-13 09:36:06,392  WARN DefaultTurnAcceptanceLogic:36 Cannot move vehicle 16_1_0 from link -300619_0_r to link -301584_0
2021-07-13 09:36:06,393  WARN DefaultTurnAcceptanceLogic:36 Cannot move vehicle 17_1_0 from link -283525_0 to link -283111_0
2021-07-13 09:36:06,393  WARN DefaultTurnAcceptanceLogic:36 Cannot move vehicle 18_1_0 from link -292289_0 to link -299693_0_r
2021-07-13 09:36:06,393  WARN DefaultTurnAcceptanceLogic:36 Cannot move vehicle 19_1_0 from link -298270_0_r to link -300808_0
2021-07-13 09:36:06,393  WARN DefaultTurnAcceptanceLogic:36 Cannot move vehicle 20_1_0 from link -299892_0_r to link -299615_0
2021-07-13 09:36:06,394  WARN DefaultTurnAcceptanceLogic:36 Cannot move vehicle 21_1_0 from link -304551_0_r to link -305040_0
2021-07-13 09:36:06,394  WARN DefaultTurnAcceptanceLogic:36 Cannot move vehicle 22_1_0 from link -296116_0_r to link -300886_0
2021-07-13 09:36:06,394  WARN DefaultTurnAcceptanceLogic:36 Cannot move vehicle 23_1_0 from link -303218_0 to link -289684_2
2021-07-13 09:36:06,395  WARN DefaultTurnAcceptanceLogic:36 Cannot move vehicle 24_1_0 from link -287191_0 to link -283520_4
2021-07-13 09:36:06,395  WARN DefaultTurnAcceptanceLogic:36 Cannot move vehicle 25_1_0 from link -292863_0_r to link -293153_0
2021-07-13 09:36:06,395  WARN DefaultTurnAcceptanceLogic:36 Cannot move vehicle 26_1_0 from link -290719_0 to link -300762_0
2021-07-13 09:36:06,395  WARN DefaultTurnAcceptanceLogic:36 Cannot move vehicle 27_1_0 from link -303116_0_r to link -300438_0_r
2021-07-13 09:36:06,396  WARN DefaultTurnAcceptanceLogic:36 Cannot move vehicle 28_1_0 from link -295128_0_r to link -295860_0_r
2021-07-13 09:36:06,396  WARN DefaultTurnAcceptanceLogic:36 Cannot move vehicle 29_1_0 from link -282092_0 to link -288465_0
2021-07-13 09:36:09,318  WARN DefaultTurnAcceptanceLogic:36 Cannot move vehicle 0_0_0 from link -290028_0_r to link -296751_0
2021-07-13 09:36:09,320  WARN DefaultTurnAcceptanceLogic:36 Cannot move vehicle 1_0_0 from link -295599_0 to link -283923_0
2021-07-13 09:36:09,323  WARN DefaultTurnAcceptanceLogic:36 Cannot move vehicle 2_0_0 from link -303127_0 to link -286143_0_r
2021-07-13 09:36:09,323  WARN DefaultTurnAcceptanceLogic:36 Cannot move vehicle 3_0_0 from link -298543_0_r to link -299507_0_r
2021-07-13 09:36:09,327  WARN DefaultTurnAcceptanceLogic:36 Cannot move vehicle 4_0_0 from link -282404_3_r to link -296011_0
2021-07-13 09:36:09,328  WARN DefaultTurnAcceptanceLogic:36 Cannot move vehicle 5_0_0 from link -287576_0_r to link -294143_0
2021-07-13 09:36:09,329  WARN DefaultTurnAcceptanceLogic:36 Cannot move vehicle 6_0_0 from link -301114_0_r to link -285744_0_r
2021-07-13 09:36:09,331  WARN DefaultTurnAcceptanceLogic:36 Cannot move vehicle 7_0_0 from link -295127_0_r to link -289105_0_r
2021-07-13 09:36:09,332  WARN DefaultTurnAcceptanceLogic:36 Cannot move vehicle 8_0_0 from link -287333_0_r to link -303134_0_r
2021-07-13 09:36:09,333  WARN DefaultTurnAcceptanceLogic:36 Cannot move vehicle 9_0_0 from link -294827_0_r to link -295968_0
2021-07-13 09:36:09,335  WARN DefaultTurnAcceptanceLogic:36 Cannot move vehicle 10_0_0 from link -300845_0_r to link -288919_0
2021-07-13 09:36:09,336  WARN DefaultTurnAcceptanceLogic:36 Cannot move vehicle 11_0_0 from link -297968_0_r to link -283215_0_r
2021-07-13 09:36:09,336  WARN DefaultTurnAcceptanceLogic:36 Cannot move vehicle 12_0_0 from link -292067_0 to link -283948_0
2021-07-13 09:36:09,337  WARN DefaultTurnAcceptanceLogic:36 Cannot move vehicle 13_0_0 from link -298291_0_r to link -284849_0_r
2021-07-13 09:36:09,340  WARN DefaultTurnAcceptanceLogic:36 Cannot move vehicle 14_0_0 from link -298236_0_r to link -299128_0
2021-07-13 09:36:09,341  WARN DefaultTurnAcceptanceLogic:36 Cannot move vehicle 15_0_0 from link -289416_0 to link -297047_0_r
2021-07-13 09:36:09,342  WARN DefaultTurnAcceptanceLogic:36 Cannot move vehicle 17_0_0 from link -283111_0 to link -283525_0
2021-07-13 09:36:09,342  WARN DefaultTurnAcceptanceLogic:36 Cannot move vehicle 19_0_0 from link -300808_0 to link -298270_0_r
2021-07-13 09:36:09,343  WARN DefaultTurnAcceptanceLogic:36 Cannot move vehicle 20_0_0 from link -299615_0 to link -299892_0_r
2021-07-13 09:36:09,343  WARN DefaultTurnAcceptanceLogic:36 Cannot move vehicle 22_0_0 from link -300886_0 to link -296116_0_r
2021-07-13 09:36:09,344  WARN DefaultTurnAcceptanceLogic:36 Cannot move vehicle 23_0_0 from link -289684_2 to link -303218_0
2021-07-13 09:36:09,345  WARN DefaultTurnAcceptanceLogic:36 Cannot move vehicle 25_0_0 from link -293153_0 to link -292863_0_r
2021-07-13 09:36:09,346  WARN DefaultTurnAcceptanceLogic:36 Cannot move vehicle 26_0_0 from link -300762_0 to link -290719_0
2021-07-13 09:36:09,346  WARN DefaultTurnAcceptanceLogic:36 Cannot move vehicle 27_0_0 from link -300438_0_r to link -303116_0_r
2021-07-13 09:36:09,347  WARN DefaultTurnAcceptanceLogic:36 Cannot move vehicle 28_0_0 from link -295860_0_r to link -295128_0_r
2021-07-13 09:36:09,347  WARN DefaultTurnAcceptanceLogic:36 Cannot move vehicle 29_0_0 from link -288465_0 to link -282092_0
2021-07-13 09:36:09,351  WARN DefaultTurnAcceptanceLogic:36 Cannot move vehicle 8_0_1 from link -281922_0_r to link -289981_0
2021-07-13 09:36:09,356  WARN DefaultTurnAcceptanceLogic:36 Cannot move vehicle 24_0_0 from link -297687_0 to link -287191_0
2021-07-13 09:36:10,192  WARN DefaultTurnAcceptanceLogic:36 Cannot move vehicle 0_1_0 from link -296751_0 to link -290028_0_r
2021-07-13 09:36:10,192  WARN DefaultTurnAcceptanceLogic:36 Cannot move vehicle 1_1_0 from link -283923_0 to link -295599_0
2021-07-13 09:36:10,193  WARN DefaultTurnAcceptanceLogic:36 Cannot move vehicle 2_1_0 from link -286143_0_r to link -303127_0
2021-07-13 09:36:10,193  WARN DefaultTurnAcceptanceLogic:36 Cannot move vehicle 3_1_0 from link -299507_0_r to link -298543_0_r
2021-07-13 09:36:10,193  WARN DefaultTurnAcceptanceLogic:36 Cannot move vehicle 5_1_0 from link -294143_0 to link -287576_0_r
2021-07-13 09:36:10,194  WARN DefaultTurnAcceptanceLogic:36 Cannot move vehicle 6_1_0 from link -285744_0_r to link -301114_0_r
2021-07-13 09:36:10,194  WARN DefaultTurnAcceptanceLogic:36 Cannot move vehicle 7_1_0 from link -289105_0_r to link -295127_0_r
2021-07-13 09:36:10,194  WARN DefaultTurnAcceptanceLogic:36 Cannot move vehicle 8_1_0 from link -289981_0 to link -287333_0_r
2021-07-13 09:36:10,194  WARN DefaultTurnAcceptanceLogic:36 Cannot move vehicle 9_1_0 from link -295968_0 to link -294827_0_r
2021-07-13 09:36:10,195  WARN DefaultTurnAcceptanceLogic:36 Cannot move vehicle 10_1_0 from link -288919_0 to link -300845_0_r
2021-07-13 09:36:10,195  WARN DefaultTurnAcceptanceLogic:36 Cannot move vehicle 11_1_0 from link -283215_0_r to link -297968_0_r
2021-07-13 09:36:10,196  WARN DefaultTurnAcceptanceLogic:36 Cannot move vehicle 13_1_0 from link -284849_0_r to link -298291_0_r
2021-07-13 09:36:10,196  WARN DefaultTurnAcceptanceLogic:36 Cannot move vehicle 15_1_0 from link -297047_0_r to link -289416_0
2021-07-13 09:36:10,196  WARN DefaultTurnAcceptanceLogic:36 Cannot move vehicle 16_1_0 from link -300619_0_r to link -301584_0
2021-07-13 09:36:10,196  WARN DefaultTurnAcceptanceLogic:36 Cannot move vehicle 17_1_0 from link -283525_0 to link -283111_0
2021-07-13 09:36:10,196  WARN DefaultTurnAcceptanceLogic:36 Cannot move vehicle 18_1_0 from link -292289_0 to link -299693_0_r
2021-07-13 09:36:10,197  WARN DefaultTurnAcceptanceLogic:36 Cannot move vehicle 20_1_0 from link -299892_0_r to link -299615_0
2021-07-13 09:36:10,197  WARN DefaultTurnAcceptanceLogic:36 Cannot move vehicle 22_1_0 from link -296116_0_r to link -300886_0
2021-07-13 09:36:10,198  WARN DefaultTurnAcceptanceLogic:36 Cannot move vehicle 23_1_0 from link -303218_0 to link -289684_2
2021-07-13 09:36:10,198  WARN DefaultTurnAcceptanceLogic:36 Cannot move vehicle 24_1_0 from link -287191_0 to link -283520_4
2021-07-13 09:36:10,198  WARN DefaultTurnAcceptanceLogic:36 Cannot move vehicle 25_1_0 from link -292863_0_r to link -293153_0
2021-07-13 09:36:10,199  WARN DefaultTurnAcceptanceLogic:36 Cannot move vehicle 26_1_0 from link -290719_0 to link -300762_0
2021-07-13 09:36:10,199  WARN DefaultTurnAcceptanceLogic:36 Cannot move vehicle 27_1_0 from link -303116_0_r to link -300438_0_r
2021-07-13 09:36:10,199  WARN DefaultTurnAcceptanceLogic:36 Cannot move vehicle 28_1_0 from link -295128_0_r to link -295860_0_r
2021-07-13 09:36:10,200  WARN DefaultTurnAcceptanceLogic:36 Cannot move vehicle 29_1_0 from link -282092_0 to link -288465_0
2021-07-13 09:36:13,306  WARN DefaultTurnAcceptanceLogic:36 Cannot move vehicle 0_0_0 from link -290028_0_r to link -296751_0
2021-07-13 09:36:13,307  WARN DefaultTurnAcceptanceLogic:36 Cannot move vehicle 2_0_0 from link -303127_0 to link -286143_0_r
2021-07-13 09:36:13,307  WARN DefaultTurnAcceptanceLogic:36 Cannot move vehicle 3_0_0 from link -298543_0_r to link -299507_0_r
2021-07-13 09:36:13,307  WARN DefaultTurnAcceptanceLogic:36 Cannot move vehicle 4_0_0 from link -282404_3_r to link -296011_0
2021-07-13 09:36:13,307  WARN DefaultTurnAcceptanceLogic:36 Cannot move vehicle 5_0_0 from link -287576_0_r to link -294143_0
2021-07-13 09:36:13,307  WARN DefaultTurnAcceptanceLogic:36 Cannot move vehicle 6_0_0 from link -301114_0_r to link -285744_0_r
2021-07-13 09:36:13,308  WARN DefaultTurnAcceptanceLogic:36 Cannot move vehicle 7_0_0 from link -295127_0_r to link -289105_0_r
2021-07-13 09:36:13,308  WARN DefaultTurnAcceptanceLogic:36 Cannot move vehicle 8_0_0 from link -287333_0_r to link -303134_0_r
2021-07-13 09:36:13,308  WARN DefaultTurnAcceptanceLogic:36 Cannot move vehicle 9_0_0 from link -294827_0_r to link -295968_0
2021-07-13 09:36:13,310  WARN DefaultTurnAcceptanceLogic:36 Cannot move vehicle 10_0_0 from link -300845_0_r to link -288919_0
2021-07-13 09:36:13,310  WARN DefaultTurnAcceptanceLogic:36 Cannot move vehicle 11_0_0 from link -297968_0_r to link -283215_0_r
2021-07-13 09:36:13,310  WARN DefaultTurnAcceptanceLogic:36 Cannot move vehicle 12_0_0 from link -292067_0 to link -283948_0
2021-07-13 09:36:13,310  WARN DefaultTurnAcceptanceLogic:36 Cannot move vehicle 13_0_0 from link -298291_0_r to link -284849_0_r
2021-07-13 09:36:13,310  WARN DefaultTurnAcceptanceLogic:36 Cannot move vehicle 14_0_0 from link -298236_0_r to link -299128_0
2021-07-13 09:36:13,310  WARN DefaultTurnAcceptanceLogic:36 Cannot move vehicle 15_0_0 from link -289416_0 to link -297047_0_r
2021-07-13 09:36:13,311  WARN DefaultTurnAcceptanceLogic:36 Cannot move vehicle 19_0_0 from link -300808_0 to link -298270_0_r
2021-07-13 09:36:13,311  WARN DefaultTurnAcceptanceLogic:36 Cannot move vehicle 20_0_0 from link -299615_0 to link -299892_0_r
2021-07-13 09:36:13,312  WARN DefaultTurnAcceptanceLogic:36 Cannot move vehicle 22_0_0 from link -300886_0 to link -296116_0_r
2021-07-13 09:36:13,312  WARN DefaultTurnAcceptanceLogic:36 Cannot move vehicle 23_0_0 from link -289684_2 to link -303218_0
2021-07-13 09:36:13,312  WARN DefaultTurnAcceptanceLogic:36 Cannot move vehicle 25_0_0 from link -293153_0 to link -292863_0_r
2021-07-13 09:36:13,313  WARN DefaultTurnAcceptanceLogic:36 Cannot move vehicle 26_0_0 from link -300762_0 to link -290719_0
2021-07-13 09:36:13,313  WARN DefaultTurnAcceptanceLogic:36 Cannot move vehicle 27_0_0 from link -300438_0_r to link -303116_0_r
2021-07-13 09:36:13,313  WARN DefaultTurnAcceptanceLogic:36 Cannot move vehicle 28_0_0 from link -295860_0_r to link -295128_0_r
2021-07-13 09:36:13,313  WARN DefaultTurnAcceptanceLogic:36 Cannot move vehicle 29_0_0 from link -288465_0 to link -282092_0
2021-07-13 09:36:13,316  WARN DefaultTurnAcceptanceLogic:36 Cannot move vehicle 8_0_1 from link -281922_0_r to link -289981_0
2021-07-13 09:36:13,318  WARN DefaultTurnAcceptanceLogic:36 Cannot move vehicle 24_0_0 from link -297687_0 to link -287191_0
2021-07-13 09:36:13,973  WARN DefaultTurnAcceptanceLogic:36 Cannot move vehicle 0_1_0 from link -296751_0 to link -290028_0_r
2021-07-13 09:36:13,973  WARN DefaultTurnAcceptanceLogic:36 Cannot move vehicle 1_1_0 from link -283923_0 to link -295599_0
2021-07-13 09:36:13,973  WARN DefaultTurnAcceptanceLogic:36 Cannot move vehicle 2_1_0 from link -286143_0_r to link -303127_0
2021-07-13 09:36:13,974  WARN DefaultTurnAcceptanceLogic:36 Cannot move vehicle 3_1_0 from link -299507_0_r to link -298543_0_r
2021-07-13 09:36:13,974  WARN DefaultTurnAcceptanceLogic:36 Cannot move vehicle 5_1_0 from link -294143_0 to link -287576_0_r
2021-07-13 09:36:13,974  WARN DefaultTurnAcceptanceLogic:36 Cannot move vehicle 6_1_0 from link -285744_0_r to link -301114_0_r
2021-07-13 09:36:13,975  WARN DefaultTurnAcceptanceLogic:36 Cannot move vehicle 7_1_0 from link -289105_0_r to link -295127_0_r
2021-07-13 09:36:13,975  WARN DefaultTurnAcceptanceLogic:36 Cannot move vehicle 8_1_0 from link -289981_0 to link -287333_0_r
2021-07-13 09:36:13,975  WARN DefaultTurnAcceptanceLogic:36 Cannot move vehicle 9_1_0 from link -295968_0 to link -294827_0_r
2021-07-13 09:36:13,976  WARN DefaultTurnAcceptanceLogic:36 Cannot move vehicle 10_1_0 from link -288919_0 to link -300845_0_r
2021-07-13 09:36:13,976  WARN DefaultTurnAcceptanceLogic:36 Cannot move vehicle 11_1_0 from link -283215_0_r to link -297968_0_r
2021-07-13 09:36:13,976  WARN DefaultTurnAcceptanceLogic:36 Cannot move vehicle 13_1_0 from link -284849_0_r to link -298291_0_r
2021-07-13 09:36:13,977  WARN DefaultTurnAcceptanceLogic:36 Cannot move vehicle 15_1_0 from link -297047_0_r to link -289416_0
2021-07-13 09:36:13,977  WARN DefaultTurnAcceptanceLogic:36 Cannot move vehicle 16_1_0 from link -300619_0_r to link -301584_0
2021-07-13 09:36:13,977  WARN DefaultTurnAcceptanceLogic:36 Cannot move vehicle 17_1_0 from link -283525_0 to link -283111_0
2021-07-13 09:36:13,977  WARN DefaultTurnAcceptanceLogic:36 Cannot move vehicle 18_1_0 from link -292289_0 to link -299693_0_r
2021-07-13 09:36:13,978  WARN DefaultTurnAcceptanceLogic:36 Cannot move vehicle 20_1_0 from link -299892_0_r to link -299615_0
2021-07-13 09:36:13,978  WARN DefaultTurnAcceptanceLogic:36 Cannot move vehicle 22_1_0 from link -296116_0_r to link -300886_0
2021-07-13 09:36:13,978  WARN DefaultTurnAcceptanceLogic:36 Cannot move vehicle 23_1_0 from link -303218_0 to link -289684_2
2021-07-13 09:36:13,979  WARN DefaultTurnAcceptanceLogic:36 Cannot move vehicle 24_1_0 from link -287191_0 to link -283520_4
2021-07-13 09:36:13,979  WARN DefaultTurnAcceptanceLogic:36 Cannot move vehicle 25_1_0 from link -292863_0_r to link -293153_0
2021-07-13 09:36:13,979  WARN DefaultTurnAcceptanceLogic:36 Cannot move vehicle 26_1_0 from link -290719_0 to link -300762_0
2021-07-13 09:36:13,979  WARN DefaultTurnAcceptanceLogic:36 Cannot move vehicle 27_1_0 from link -303116_0_r to link -300438_0_r
2021-07-13 09:36:13,980  WARN DefaultTurnAcceptanceLogic:36 Cannot move vehicle 28_1_0 from link -295128_0_r to link -295860_0_r
2021-07-13 09:36:17,038  WARN DefaultTurnAcceptanceLogic:36 Cannot move vehicle 0_0_0 from link -290028_0_r to link -296751_0
2021-07-13 09:36:17,039  WARN DefaultTurnAcceptanceLogic:36 Cannot move vehicle 2_0_0 from link -303127_0 to link -286143_0_r
2021-07-13 09:36:17,040  WARN DefaultTurnAcceptanceLogic:36 Cannot move vehicle 4_0_0 from link -282404_3_r to link -296011_0
2021-07-13 09:36:17,041  WARN DefaultTurnAcceptanceLogic:36 Cannot move vehicle 5_0_0 from link -287576_0_r to link -294143_0
2021-07-13 09:36:17,041  WARN DefaultTurnAcceptanceLogic:36 Cannot move vehicle 6_0_0 from link -301114_0_r to link -285744_0_r
2021-07-13 09:36:17,043  WARN DefaultTurnAcceptanceLogic:36 Cannot move vehicle 8_0_0 from link -287333_0_r to link -303134_0_r
2021-07-13 09:36:17,043  WARN DefaultTurnAcceptanceLogic:36 Cannot move vehicle 9_0_0 from link -294827_0_r to link -295968_0
2021-07-13 09:36:17,044  WARN DefaultTurnAcceptanceLogic:36 Cannot move vehicle 10_0_0 from link -300845_0_r to link -288919_0
2021-07-13 09:36:17,044  WARN DefaultTurnAcceptanceLogic:36 Cannot move vehicle 11_0_0 from link -297968_0_r to link -283215_0_r
2021-07-13 09:36:17,045  WARN DefaultTurnAcceptanceLogic:36 Cannot move vehicle 12_0_0 from link -292067_0 to link -283948_0
2021-07-13 09:36:17,045  WARN DefaultTurnAcceptanceLogic:36 Cannot move vehicle 13_0_0 from link -298291_0_r to link -284849_0_r
2021-07-13 09:36:17,045  WARN DefaultTurnAcceptanceLogic:36 Cannot move vehicle 14_0_0 from link -298236_0_r to link -299128_0
2021-07-13 09:36:17,045  WARN DefaultTurnAcceptanceLogic:36 Cannot move vehicle 15_0_0 from link -289416_0 to link -297047_0_r
2021-07-13 09:36:17,046  WARN DefaultTurnAcceptanceLogic:36 Cannot move vehicle 19_0_0 from link -300808_0 to link -298270_0_r
2021-07-13 09:36:17,046  WARN DefaultTurnAcceptanceLogic:36 Cannot move vehicle 20_0_0 from link -299615_0 to link -299892_0_r
2021-07-13 09:36:17,047  WARN DefaultTurnAcceptanceLogic:36 Cannot move vehicle 22_0_0 from link -300886_0 to link -296116_0_r
2021-07-13 09:36:17,047  WARN DefaultTurnAcceptanceLogic:36 Cannot move vehicle 25_0_0 from link -293153_0 to link -292863_0_r
2021-07-13 09:36:17,048  WARN DefaultTurnAcceptanceLogic:36 Cannot move vehicle 26_0_0 from link -300762_0 to link -290719_0
2021-07-13 09:36:17,048  WARN DefaultTurnAcceptanceLogic:36 Cannot move vehicle 27_0_0 from link -300438_0_r to link -303116_0_r
2021-07-13 09:36:17,049  WARN DefaultTurnAcceptanceLogic:36 Cannot move vehicle 28_0_0 from link -295860_0_r to link -295128_0_r
2021-07-13 09:36:17,049  WARN DefaultTurnAcceptanceLogic:36 Cannot move vehicle 29_0_0 from link -288465_0 to link -282092_0
2021-07-13 09:36:17,052  WARN DefaultTurnAcceptanceLogic:36 Cannot move vehicle 8_0_1 from link -281922_0_r to link -289981_0
2021-07-13 09:36:17,056  WARN DefaultTurnAcceptanceLogic:36 Cannot move vehicle 24_0_0 from link -297687_0 to link -287191_0
2021-07-13 09:36:17,841  WARN DefaultTurnAcceptanceLogic:36 Cannot move vehicle 0_1_0 from link -296751_0 to link -290028_0_r
2021-07-13 09:36:17,841  WARN DefaultTurnAcceptanceLogic:36 Cannot move vehicle 1_1_0 from link -283923_0 to link -295599_0
2021-07-13 09:36:17,842  WARN DefaultTurnAcceptanceLogic:36 Cannot move vehicle 2_1_0 from link -286143_0_r to link -303127_0
2021-07-13 09:36:17,842  WARN DefaultTurnAcceptanceLogic:36 Cannot move vehicle 3_1_0 from link -299507_0_r to link -298543_0_r
2021-07-13 09:36:17,842  WARN DefaultTurnAcceptanceLogic:36 Cannot move vehicle 5_1_0 from link -294143_0 to link -287576_0_r
2021-07-13 09:36:17,842  WARN DefaultTurnAcceptanceLogic:36 Cannot move vehicle 6_1_0 from link -285744_0_r to link -301114_0_r
2021-07-13 09:36:17,842  WARN DefaultTurnAcceptanceLogic:36 Cannot move vehicle 7_1_0 from link -289105_0_r to link -295127_0_r
2021-07-13 09:36:17,843  WARN DefaultTurnAcceptanceLogic:36 Cannot move vehicle 9_1_0 from link -295968_0 to link -294827_0_r
2021-07-13 09:36:17,844  WARN DefaultTurnAcceptanceLogic:36 Cannot move vehicle 11_1_0 from link -283215_0_r to link -297968_0_r
2021-07-13 09:36:17,844  WARN DefaultTurnAcceptanceLogic:36 Cannot move vehicle 13_1_0 from link -284849_0_r to link -298291_0_r
2021-07-13 09:36:17,844  WARN DefaultTurnAcceptanceLogic:36 Cannot move vehicle 15_1_0 from link -297047_0_r to link -289416_0
2021-07-13 09:36:17,845  WARN DefaultTurnAcceptanceLogic:36 Cannot move vehicle 16_1_0 from link -300619_0_r to link -301584_0
2021-07-13 09:36:17,845  WARN DefaultTurnAcceptanceLogic:36 Cannot move vehicle 17_1_0 from link -283525_0 to link -283111_0
2021-07-13 09:36:17,845  WARN DefaultTurnAcceptanceLogic:36 Cannot move vehicle 18_1_0 from link -292289_0 to link -299693_0_r
2021-07-13 09:36:17,845  WARN DefaultTurnAcceptanceLogic:36 Cannot move vehicle 20_1_0 from link -299892_0_r to link -299615_0
2021-07-13 09:36:17,845  WARN DefaultTurnAcceptanceLogic:36 Cannot move vehicle 22_1_0 from link -296116_0_r to link -300886_0
2021-07-13 09:36:17,845  WARN DefaultTurnAcceptanceLogic:36 Cannot move vehicle 24_1_0 from link -287191_0 to link -283520_4
2021-07-13 09:36:17,845  WARN DefaultTurnAcceptanceLogic:36 Cannot move vehicle 26_1_0 from link -290719_0 to link -300762_0
2021-07-13 09:36:17,845  WARN DefaultTurnAcceptanceLogic:36 Cannot move vehicle 27_1_0 from link -303116_0_r to link -300438_0_r
2021-07-13 09:36:17,846  WARN DefaultTurnAcceptanceLogic:36 Cannot move vehicle 28_1_0 from link -295128_0_r to link -295860_0_r
2021-07-13 09:36:20,931  WARN DefaultTurnAcceptanceLogic:36 Cannot move vehicle 0_0_0 from link -290028_0_r to link -296751_0
2021-07-13 09:36:20,932  WARN DefaultTurnAcceptanceLogic:36 Cannot move vehicle 2_0_0 from link -303127_0 to link -286143_0_r
2021-07-13 09:36:20,932  WARN DefaultTurnAcceptanceLogic:36 Cannot move vehicle 4_0_0 from link -282404_3_r to link -296011_0
2021-07-13 09:36:20,932  WARN DefaultTurnAcceptanceLogic:36 Cannot move vehicle 5_0_0 from link -287576_0_r to link -294143_0
2021-07-13 09:36:20,933  WARN DefaultTurnAcceptanceLogic:36 Cannot move vehicle 6_0_0 from link -301114_0_r to link -285744_0_r
2021-07-13 09:36:20,933  WARN DefaultTurnAcceptanceLogic:36 Cannot move vehicle 8_0_0 from link -287333_0_r to link -303134_0_r
2021-07-13 09:36:20,934  WARN DefaultTurnAcceptanceLogic:36 Cannot move vehicle 11_0_0 from link -297968_0_r to link -283215_0_r
2021-07-13 09:36:20,934  WARN DefaultTurnAcceptanceLogic:36 Cannot move vehicle 12_0_0 from link -292067_0 to link -283948_0
2021-07-13 09:36:20,935  WARN DefaultTurnAcceptanceLogic:36 Cannot move vehicle 13_0_0 from link -298291_0_r to link -284849_0_r
2021-07-13 09:36:20,935  WARN DefaultTurnAcceptanceLogic:36 Cannot move vehicle 14_0_0 from link -298236_0_r to link -299128_0
2021-07-13 09:36:20,935  WARN DefaultTurnAcceptanceLogic:36 Cannot move vehicle 15_0_0 from link -289416_0 to link -297047_0_r
2021-07-13 09:36:20,936  WARN DefaultTurnAcceptanceLogic:36 Cannot move vehicle 19_0_0 from link -300808_0 to link -298270_0_r
2021-07-13 09:36:20,936  WARN DefaultTurnAcceptanceLogic:36 Cannot move vehicle 22_0_0 from link -300886_0 to link -296116_0_r
2021-07-13 09:36:20,937  WARN DefaultTurnAcceptanceLogic:36 Cannot move vehicle 25_0_0 from link -293153_0 to link -292863_0_r
2021-07-13 09:36:20,938  WARN DefaultTurnAcceptanceLogic:36 Cannot move vehicle 26_0_0 from link -300762_0 to link -290719_0
2021-07-13 09:36:20,938  WARN DefaultTurnAcceptanceLogic:36 Cannot move vehicle 27_0_0 from link -300438_0_r to link -303116_0_r
2021-07-13 09:36:20,938  WARN DefaultTurnAcceptanceLogic:36 Cannot move vehicle 28_0_0 from link -295860_0_r to link -295128_0_r
2021-07-13 09:36:20,943  WARN DefaultTurnAcceptanceLogic:36 Cannot move vehicle 8_0_1 from link -281922_0_r to link -289981_0
2021-07-13 09:36:20,946  WARN DefaultTurnAcceptanceLogic:36 Cannot move vehicle 24_0_0 from link -297687_0 to link -287191_0
2021-07-13 09:36:21,590  WARN DefaultTurnAcceptanceLogic:36 Cannot move vehicle 0_1_0 from link -296751_0 to link -290028_0_r
2021-07-13 09:36:21,590  WARN DefaultTurnAcceptanceLogic:36 Cannot move vehicle 1_1_0 from link -283923_0 to link -295599_0
2021-07-13 09:36:21,591  WARN DefaultTurnAcceptanceLogic:36 Cannot move vehicle 2_1_0 from link -286143_0_r to link -303127_0
2021-07-13 09:36:21,591  WARN DefaultTurnAcceptanceLogic:36 Cannot move vehicle 3_1_0 from link -299507_0_r to link -298543_0_r
2021-07-13 09:36:21,591  WARN DefaultTurnAcceptanceLogic:36 Cannot move vehicle 5_1_0 from link -294143_0 to link -287576_0_r
2021-07-13 09:36:21,591  WARN DefaultTurnAcceptanceLogic:36 Cannot move vehicle 6_1_0 from link -285744_0_r to link -301114_0_r
2021-07-13 09:36:21,592  WARN DefaultTurnAcceptanceLogic:36 Cannot move vehicle 7_1_0 from link -289105_0_r to link -295127_0_r
2021-07-13 09:36:21,593  WARN DefaultTurnAcceptanceLogic:36 Cannot move vehicle 9_1_0 from link -295968_0 to link -294827_0_r
2021-07-13 09:36:21,593  WARN DefaultTurnAcceptanceLogic:36 Cannot move vehicle 11_1_0 from link -283215_0_r to link -297968_0_r
2021-07-13 09:36:21,593  WARN DefaultTurnAcceptanceLogic:36 Cannot move vehicle 13_1_0 from link -284849_0_r to link -298291_0_r
2021-07-13 09:36:21,594  WARN DefaultTurnAcceptanceLogic:36 Cannot move vehicle 15_1_0 from link -297047_0_r to link -289416_0
2021-07-13 09:36:21,594  WARN DefaultTurnAcceptanceLogic:36 Cannot move vehicle 16_1_0 from link -300619_0_r to link -301584_0
2021-07-13 09:36:21,594  WARN DefaultTurnAcceptanceLogic:36 Cannot move vehicle 17_1_0 from link -283525_0 to link -283111_0
2021-07-13 09:36:21,595  WARN DefaultTurnAcceptanceLogic:36 Cannot move vehicle 18_1_0 from link -292289_0 to link -299693_0_r
2021-07-13 09:36:21,595  WARN DefaultTurnAcceptanceLogic:36 Cannot move vehicle 20_1_0 from link -299892_0_r to link -299615_0
2021-07-13 09:36:21,595  WARN DefaultTurnAcceptanceLogic:36 Cannot move vehicle 22_1_0 from link -296116_0_r to link -300886_0
2021-07-13 09:36:21,596  WARN DefaultTurnAcceptanceLogic:36 Cannot move vehicle 24_1_0 from link -287191_0 to link -283520_4
2021-07-13 09:36:21,596  WARN DefaultTurnAcceptanceLogic:36 Cannot move vehicle 26_1_0 from link -290719_0 to link -300762_0
2021-07-13 09:36:21,596  WARN DefaultTurnAcceptanceLogic:36 Cannot move vehicle 27_1_0 from link -303116_0_r to link -300438_0_r
2021-07-13 09:36:21,596  WARN DefaultTurnAcceptanceLogic:36 Cannot move vehicle 28_1_0 from link -295128_0_r to link -295860_0_r
2021-07-13 09:36:24,449  WARN DefaultTurnAcceptanceLogic:36 Cannot move vehicle 2_0_0 from link -303127_0 to link -286143_0_r
2021-07-13 09:36:24,450  WARN DefaultTurnAcceptanceLogic:36 Cannot move vehicle 4_0_0 from link -282404_3_r to link -296011_0
2021-07-13 09:36:24,450  WARN DefaultTurnAcceptanceLogic:36 Cannot move vehicle 5_0_0 from link -287576_0_r to link -294143_0
2021-07-13 09:36:24,450  WARN DefaultTurnAcceptanceLogic:36 Cannot move vehicle 6_0_0 from link -301114_0_r to link -285744_0_r
2021-07-13 09:36:24,451  WARN DefaultTurnAcceptanceLogic:36 Cannot move vehicle 8_0_0 from link -287333_0_r to link -303134_0_r
2021-07-13 09:36:24,451  WARN DefaultTurnAcceptanceLogic:36 Cannot move vehicle 11_0_0 from link -297968_0_r to link -283215_0_r
2021-07-13 09:36:24,451  WARN DefaultTurnAcceptanceLogic:36 Cannot move vehicle 12_0_0 from link -292067_0 to link -283948_0
2021-07-13 09:36:24,452  WARN DefaultTurnAcceptanceLogic:36 Cannot move vehicle 13_0_0 from link -298291_0_r to link -284849_0_r
2021-07-13 09:36:24,452  WARN DefaultTurnAcceptanceLogic:36 Cannot move vehicle 15_0_0 from link -289416_0 to link -297047_0_r
2021-07-13 09:36:24,452  WARN DefaultTurnAcceptanceLogic:36 Cannot move vehicle 19_0_0 from link -300808_0 to link -298270_0_r
2021-07-13 09:36:24,454  WARN DefaultTurnAcceptanceLogic:36 Cannot move vehicle 22_0_0 from link -300886_0 to link -296116_0_r
2021-07-13 09:36:24,455  WARN DefaultTurnAcceptanceLogic:36 Cannot move vehicle 25_0_0 from link -293153_0 to link -292863_0_r
2021-07-13 09:36:24,455  WARN DefaultTurnAcceptanceLogic:36 Cannot move vehicle 26_0_0 from link -300762_0 to link -290719_0
2021-07-13 09:36:24,455  WARN DefaultTurnAcceptanceLogic:36 Cannot move vehicle 27_0_0 from link -300438_0_r to link -303116_0_r
2021-07-13 09:36:24,456  WARN DefaultTurnAcceptanceLogic:36 Cannot move vehicle 28_0_0 from link -295860_0_r to link -295128_0_r
2021-07-13 09:36:24,460  WARN DefaultTurnAcceptanceLogic:36 Cannot move vehicle 8_0_1 from link -281922_0_r to link -289981_0
2021-07-13 09:36:24,463  WARN DefaultTurnAcceptanceLogic:36 Cannot move vehicle 24_0_0 from link -297687_0 to link -287191_0
2021-07-13 09:36:25,080  WARN DefaultTurnAcceptanceLogic:36 Cannot move vehicle 0_1_0 from link -296751_0 to link -290028_0_r
2021-07-13 09:36:25,080  WARN DefaultTurnAcceptanceLogic:36 Cannot move vehicle 1_1_0 from link -283923_0 to link -295599_0
2021-07-13 09:36:25,081  WARN DefaultTurnAcceptanceLogic:36 Cannot move vehicle 2_1_0 from link -286143_0_r to link -303127_0
2021-07-13 09:36:25,081  WARN DefaultTurnAcceptanceLogic:36 Cannot move vehicle 3_1_0 from link -299507_0_r to link -298543_0_r
2021-07-13 09:36:25,081  WARN DefaultTurnAcceptanceLogic:36 Cannot move vehicle 5_1_0 from link -294143_0 to link -287576_0_r
2021-07-13 09:36:25,081  WARN DefaultTurnAcceptanceLogic:36 Cannot move vehicle 6_1_0 from link -285744_0_r to link -301114_0_r
2021-07-13 09:36:25,082  WARN DefaultTurnAcceptanceLogic:36 Cannot move vehicle 9_1_0 from link -295968_0 to link -294827_0_r
2021-07-13 09:36:25,083  WARN DefaultTurnAcceptanceLogic:36 Cannot move vehicle 11_1_0 from link -283215_0_r to link -297968_0_r
2021-07-13 09:36:25,083  WARN DefaultTurnAcceptanceLogic:36 Cannot move vehicle 13_1_0 from link -284849_0_r to link -298291_0_r
2021-07-13 09:36:25,083  WARN DefaultTurnAcceptanceLogic:36 Cannot move vehicle 15_1_0 from link -297047_0_r to link -289416_0
2021-07-13 09:36:25,083  WARN DefaultTurnAcceptanceLogic:36 Cannot move vehicle 16_1_0 from link -300619_0_r to link -301584_0
2021-07-13 09:36:25,084  WARN DefaultTurnAcceptanceLogic:36 Cannot move vehicle 17_1_0 from link -283525_0 to link -283111_0
2021-07-13 09:36:25,084  WARN DefaultTurnAcceptanceLogic:36 Cannot move vehicle 18_1_0 from link -292289_0 to link -299693_0_r
2021-07-13 09:36:25,084  WARN DefaultTurnAcceptanceLogic:36 Cannot move vehicle 20_1_0 from link -299892_0_r to link -299615_0
2021-07-13 09:36:25,085  WARN DefaultTurnAcceptanceLogic:36 Cannot move vehicle 22_1_0 from link -296116_0_r to link -300886_0
2021-07-13 09:36:25,085  WARN DefaultTurnAcceptanceLogic:36 Cannot move vehicle 24_1_0 from link -287191_0 to link -283520_4
2021-07-13 09:36:25,085  WARN DefaultTurnAcceptanceLogic:36 Cannot move vehicle 26_1_0 from link -290719_0 to link -300762_0
2021-07-13 09:36:25,085  WARN DefaultTurnAcceptanceLogic:36 Cannot move vehicle 27_1_0 from link -303116_0_r to link -300438_0_r
2021-07-13 09:36:25,086  WARN DefaultTurnAcceptanceLogic:36 Cannot move vehicle 28_1_0 from link -295128_0_r to link -295860_0_r
2021-07-13 09:36:27,786  WARN DefaultTurnAcceptanceLogic:36 Cannot move vehicle 2_0_0 from link -303127_0 to link -286143_0_r
2021-07-13 09:36:27,787  WARN DefaultTurnAcceptanceLogic:36 Cannot move vehicle 4_0_0 from link -282404_3_r to link -296011_0
2021-07-13 09:36:27,787  WARN DefaultTurnAcceptanceLogic:36 Cannot move vehicle 5_0_0 from link -287576_0_r to link -294143_0
2021-07-13 09:36:27,787  WARN DefaultTurnAcceptanceLogic:36 Cannot move vehicle 6_0_0 from link -301114_0_r to link -285744_0_r
2021-07-13 09:36:27,787  WARN DefaultTurnAcceptanceLogic:36 Cannot move vehicle 8_0_0 from link -287333_0_r to link -303134_0_r
2021-07-13 09:36:27,788  WARN DefaultTurnAcceptanceLogic:36 Cannot move vehicle 11_0_0 from link -297968_0_r to link -283215_0_r
2021-07-13 09:36:27,788  WARN DefaultTurnAcceptanceLogic:36 Cannot move vehicle 12_0_0 from link -292067_0 to link -283948_0
2021-07-13 09:36:27,788  WARN DefaultTurnAcceptanceLogic:36 Cannot move vehicle 13_0_0 from link -298291_0_r to link -284849_0_r
2021-07-13 09:36:27,789  WARN DefaultTurnAcceptanceLogic:36 Cannot move vehicle 19_0_0 from link -300808_0 to link -298270_0_r
2021-07-13 09:36:27,789  WARN DefaultTurnAcceptanceLogic:36 Cannot move vehicle 22_0_0 from link -300886_0 to link -296116_0_r
2021-07-13 09:36:27,790  WARN DefaultTurnAcceptanceLogic:36 Cannot move vehicle 25_0_0 from link -293153_0 to link -292863_0_r
2021-07-13 09:36:27,790  WARN DefaultTurnAcceptanceLogic:36 Cannot move vehicle 26_0_0 from link -300762_0 to link -290719_0
2021-07-13 09:36:27,790  WARN DefaultTurnAcceptanceLogic:36 Cannot move vehicle 28_0_0 from link -295860_0_r to link -295128_0_r
2021-07-13 09:36:27,794  WARN DefaultTurnAcceptanceLogic:36 Cannot move vehicle 8_0_1 from link -281922_0_r to link -289981_0
2021-07-13 09:36:27,797  WARN DefaultTurnAcceptanceLogic:36 Cannot move vehicle 24_0_0 from link -297687_0 to link -287191_0
2021-07-13 09:36:28,377  WARN DefaultTurnAcceptanceLogic:36 Cannot move vehicle 0_1_0 from link -296751_0 to link -290028_0_r
2021-07-13 09:36:28,377  WARN DefaultTurnAcceptanceLogic:36 Cannot move vehicle 1_1_0 from link -283923_0 to link -295599_0
2021-07-13 09:36:28,377  WARN DefaultTurnAcceptanceLogic:36 Cannot move vehicle 2_1_0 from link -286143_0_r to link -303127_0
2021-07-13 09:36:28,377  WARN DefaultTurnAcceptanceLogic:36 Cannot move vehicle 3_1_0 from link -299507_0_r to link -298543_0_r
2021-07-13 09:36:28,378  WARN DefaultTurnAcceptanceLogic:36 Cannot move vehicle 5_1_0 from link -294143_0 to link -287576_0_r
2021-07-13 09:36:28,378  WARN DefaultTurnAcceptanceLogic:36 Cannot move vehicle 6_1_0 from link -285744_0_r to link -301114_0_r
2021-07-13 09:36:28,378  WARN DefaultTurnAcceptanceLogic:36 Cannot move vehicle 9_1_0 from link -295968_0 to link -294827_0_r
2021-07-13 09:36:28,379  WARN DefaultTurnAcceptanceLogic:36 Cannot move vehicle 11_1_0 from link -283215_0_r to link -297968_0_r
2021-07-13 09:36:28,379  WARN DefaultTurnAcceptanceLogic:36 Cannot move vehicle 13_1_0 from link -284849_0_r to link -298291_0_r
2021-07-13 09:36:28,379  WARN DefaultTurnAcceptanceLogic:36 Cannot move vehicle 15_1_0 from link -297047_0_r to link -289416_0
2021-07-13 09:36:28,379  WARN DefaultTurnAcceptanceLogic:36 Cannot move vehicle 16_1_0 from link -300619_0_r to link -301584_0
2021-07-13 09:36:28,379  WARN DefaultTurnAcceptanceLogic:36 Cannot move vehicle 17_1_0 from link -283525_0 to link -283111_0
2021-07-13 09:36:28,379  WARN DefaultTurnAcceptanceLogic:36 Cannot move vehicle 18_1_0 from link -292289_0 to link -299693_0_r
2021-07-13 09:36:28,380  WARN DefaultTurnAcceptanceLogic:36 Cannot move vehicle 20_1_0 from link -299892_0_r to link -299615_0
2021-07-13 09:36:28,380  WARN DefaultTurnAcceptanceLogic:36 Cannot move vehicle 22_1_0 from link -296116_0_r to link -300886_0
2021-07-13 09:36:28,380  WARN DefaultTurnAcceptanceLogic:36 Cannot move vehicle 24_1_0 from link -287191_0 to link -283520_4
2021-07-13 09:36:28,381  WARN DefaultTurnAcceptanceLogic:36 Cannot move vehicle 26_1_0 from link -290719_0 to link -300762_0
2021-07-13 09:36:28,381  WARN DefaultTurnAcceptanceLogic:36 Cannot move vehicle 27_1_0 from link -303116_0_r to link -300438_0_r
2021-07-13 09:36:28,381  WARN DefaultTurnAcceptanceLogic:36 Cannot move vehicle 28_1_0 from link -295128_0_r to link -295860_0_r
2021-07-13 09:36:31,166  WARN DefaultTurnAcceptanceLogic:36 Cannot move vehicle 4_0_0 from link -282404_3_r to link -296011_0
2021-07-13 09:36:31,166  WARN DefaultTurnAcceptanceLogic:36 Cannot move vehicle 5_0_0 from link -287576_0_r to link -294143_0
2021-07-13 09:36:31,166  WARN DefaultTurnAcceptanceLogic:36 Cannot move vehicle 6_0_0 from link -301114_0_r to link -285744_0_r
2021-07-13 09:36:31,166  WARN DefaultTurnAcceptanceLogic:36 Cannot move vehicle 8_0_0 from link -287333_0_r to link -303134_0_r
2021-07-13 09:36:31,167  WARN DefaultTurnAcceptanceLogic:36 Cannot move vehicle 11_0_0 from link -297968_0_r to link -283215_0_r
2021-07-13 09:36:31,167  WARN DefaultTurnAcceptanceLogic:36 Cannot move vehicle 12_0_0 from link -292067_0 to link -283948_0
2021-07-13 09:36:31,167  WARN DefaultTurnAcceptanceLogic:36 Cannot move vehicle 13_0_0 from link -298291_0_r to link -284849_0_r
2021-07-13 09:36:31,168  WARN DefaultTurnAcceptanceLogic:36 Cannot move vehicle 19_0_0 from link -300808_0 to link -298270_0_r
2021-07-13 09:36:31,168  WARN DefaultTurnAcceptanceLogic:36 Cannot move vehicle 22_0_0 from link -300886_0 to link -296116_0_r
2021-07-13 09:36:31,169  WARN DefaultTurnAcceptanceLogic:36 Cannot move vehicle 25_0_0 from link -293153_0 to link -292863_0_r
2021-07-13 09:36:31,169  WARN DefaultTurnAcceptanceLogic:36 Cannot move vehicle 26_0_0 from link -300762_0 to link -290719_0
2021-07-13 09:36:31,170  WARN DefaultTurnAcceptanceLogic:36 Cannot move vehicle 28_0_0 from link -295860_0_r to link -295128_0_r
2021-07-13 09:36:31,173  WARN DefaultTurnAcceptanceLogic:36 Cannot move vehicle 8_0_1 from link -281922_0_r to link -289981_0
2021-07-13 09:36:31,176  WARN DefaultTurnAcceptanceLogic:36 Cannot move vehicle 24_0_0 from link -297687_0 to link -287191_0
2021-07-13 09:36:31,780  WARN DefaultTurnAcceptanceLogic:36 Cannot move vehicle 0_1_0 from link -296751_0 to link -290028_0_r
2021-07-13 09:36:31,780  WARN DefaultTurnAcceptanceLogic:36 Cannot move vehicle 1_1_0 from link -283923_0 to link -295599_0
2021-07-13 09:36:31,780  WARN DefaultTurnAcceptanceLogic:36 Cannot move vehicle 2_1_0 from link -286143_0_r to link -303127_0
2021-07-13 09:36:31,780  WARN DefaultTurnAcceptanceLogic:36 Cannot move vehicle 3_1_0 from link -299507_0_r to link -298543_0_r
2021-07-13 09:36:31,781  WARN DefaultTurnAcceptanceLogic:36 Cannot move vehicle 5_1_0 from link -294143_0 to link -287576_0_r
2021-07-13 09:36:31,781  WARN DefaultTurnAcceptanceLogic:36 Cannot move vehicle 6_1_0 from link -285744_0_r to link -301114_0_r
2021-07-13 09:36:31,781  WARN DefaultTurnAcceptanceLogic:36 Cannot move vehicle 9_1_0 from link -295968_0 to link -294827_0_r
2021-07-13 09:36:31,782  WARN DefaultTurnAcceptanceLogic:36 Cannot move vehicle 11_1_0 from link -283215_0_r to link -297968_0_r
2021-07-13 09:36:31,782  WARN DefaultTurnAcceptanceLogic:36 Cannot move vehicle 13_1_0 from link -284849_0_r to link -298291_0_r
2021-07-13 09:36:31,782  WARN DefaultTurnAcceptanceLogic:36 Cannot move vehicle 15_1_0 from link -297047_0_r to link -289416_0
2021-07-13 09:36:31,782  WARN DefaultTurnAcceptanceLogic:36 Cannot move vehicle 16_1_0 from link -300619_0_r to link -301584_0
2021-07-13 09:36:31,782  WARN DefaultTurnAcceptanceLogic:36 Cannot move vehicle 17_1_0 from link -283525_0 to link -283111_0
2021-07-13 09:36:31,783  WARN DefaultTurnAcceptanceLogic:36 Cannot move vehicle 18_1_0 from link -292289_0 to link -299693_0_r
2021-07-13 09:36:31,783  WARN DefaultTurnAcceptanceLogic:36 Cannot move vehicle 20_1_0 from link -299892_0_r to link -299615_0
2021-07-13 09:36:31,783  WARN DefaultTurnAcceptanceLogic:36 Cannot move vehicle 22_1_0 from link -296116_0_r to link -300886_0
2021-07-13 09:36:31,783  WARN DefaultTurnAcceptanceLogic:36 Cannot move vehicle 24_1_0 from link -287191_0 to link -283520_4
2021-07-13 09:36:31,784  WARN DefaultTurnAcceptanceLogic:36 Cannot move vehicle 26_1_0 from link -290719_0 to link -300762_0
2021-07-13 09:36:31,784  WARN DefaultTurnAcceptanceLogic:36 Cannot move vehicle 27_1_0 from link -303116_0_r to link -300438_0_r
2021-07-13 09:36:31,784  WARN DefaultTurnAcceptanceLogic:36 Cannot move vehicle 28_1_0 from link -295128_0_r to link -295860_0_r
2021-07-13 09:36:34,908  WARN DefaultTurnAcceptanceLogic:36 Cannot move vehicle 5_0_0 from link -287576_0_r to link -294143_0
2021-07-13 09:36:34,908  WARN DefaultTurnAcceptanceLogic:36 Cannot move vehicle 6_0_0 from link -301114_0_r to link -285744_0_r
2021-07-13 09:36:34,909  WARN DefaultTurnAcceptanceLogic:36 Cannot move vehicle 8_0_0 from link -287333_0_r to link -303134_0_r
2021-07-13 09:36:34,910  WARN DefaultTurnAcceptanceLogic:36 Cannot move vehicle 11_0_0 from link -297968_0_r to link -283215_0_r
2021-07-13 09:36:34,910  WARN DefaultTurnAcceptanceLogic:36 Cannot move vehicle 12_0_0 from link -292067_0 to link -283948_0
2021-07-13 09:36:34,910  WARN DefaultTurnAcceptanceLogic:36 Cannot move vehicle 19_0_0 from link -300808_0 to link -298270_0_r
2021-07-13 09:36:34,911  WARN DefaultTurnAcceptanceLogic:36 Cannot move vehicle 22_0_0 from link -300886_0 to link -296116_0_r
2021-07-13 09:36:34,912  WARN DefaultTurnAcceptanceLogic:36 Cannot move vehicle 26_0_0 from link -300762_0 to link -290719_0
2021-07-13 09:36:34,912  WARN DefaultTurnAcceptanceLogic:36 Cannot move vehicle 28_0_0 from link -295860_0_r to link -295128_0_r
2021-07-13 09:36:34,916  WARN DefaultTurnAcceptanceLogic:36 Cannot move vehicle 8_0_1 from link -281922_0_r to link -289981_0
2021-07-13 09:36:34,918  WARN DefaultTurnAcceptanceLogic:36 Cannot move vehicle 24_0_0 from link -297687_0 to link -287191_0
2021-07-13 09:36:35,516  WARN DefaultTurnAcceptanceLogic:36 Cannot move vehicle 0_1_0 from link -296751_0 to link -290028_0_r
2021-07-13 09:36:35,516  WARN DefaultTurnAcceptanceLogic:36 Cannot move vehicle 1_1_0 from link -283923_0 to link -295599_0
2021-07-13 09:36:35,516  WARN DefaultTurnAcceptanceLogic:36 Cannot move vehicle 2_1_0 from link -286143_0_r to link -303127_0
2021-07-13 09:36:35,516  WARN DefaultTurnAcceptanceLogic:36 Cannot move vehicle 3_1_0 from link -299507_0_r to link -298543_0_r
2021-07-13 09:36:35,517  WARN DefaultTurnAcceptanceLogic:36 Cannot move vehicle 5_1_0 from link -294143_0 to link -287576_0_r
2021-07-13 09:36:35,517  WARN DefaultTurnAcceptanceLogic:36 Cannot move vehicle 6_1_0 from link -285744_0_r to link -301114_0_r
2021-07-13 09:36:35,517  WARN DefaultTurnAcceptanceLogic:36 Cannot move vehicle 9_1_0 from link -295968_0 to link -294827_0_r
2021-07-13 09:36:35,518  WARN DefaultTurnAcceptanceLogic:36 Cannot move vehicle 11_1_0 from link -283215_0_r to link -297968_0_r
2021-07-13 09:36:35,518  WARN DefaultTurnAcceptanceLogic:36 Cannot move vehicle 13_1_0 from link -284849_0_r to link -298291_0_r
2021-07-13 09:36:35,518  WARN DefaultTurnAcceptanceLogic:36 Cannot move vehicle 15_1_0 from link -297047_0_r to link -289416_0
2021-07-13 09:36:35,519  WARN DefaultTurnAcceptanceLogic:36 Cannot move vehicle 16_1_0 from link -300619_0_r to link -301584_0
2021-07-13 09:36:35,519  WARN DefaultTurnAcceptanceLogic:36 Cannot move vehicle 18_1_0 from link -292289_0 to link -299693_0_r
2021-07-13 09:36:35,519  WARN DefaultTurnAcceptanceLogic:36 Cannot move vehicle 20_1_0 from link -299892_0_r to link -299615_0
2021-07-13 09:36:35,520  WARN DefaultTurnAcceptanceLogic:36 Cannot move vehicle 22_1_0 from link -296116_0_r to link -300886_0
2021-07-13 09:36:35,520  WARN DefaultTurnAcceptanceLogic:36 Cannot move vehicle 24_1_0 from link -287191_0 to link -283520_4
2021-07-13 09:36:35,521  WARN DefaultTurnAcceptanceLogic:36 Cannot move vehicle 26_1_0 from link -290719_0 to link -300762_0
2021-07-13 09:36:38,931  WARN DefaultTurnAcceptanceLogic:36 Cannot move vehicle 5_0_0 from link -287576_0_r to link -294143_0
2021-07-13 09:36:38,932  WARN DefaultTurnAcceptanceLogic:36 Cannot move vehicle 6_0_0 from link -301114_0_r to link -285744_0_r
2021-07-13 09:36:38,932  WARN DefaultTurnAcceptanceLogic:36 Cannot move vehicle 8_0_0 from link -287333_0_r to link -303134_0_r
2021-07-13 09:36:38,933  WARN DefaultTurnAcceptanceLogic:36 Cannot move vehicle 11_0_0 from link -297968_0_r to link -283215_0_r
2021-07-13 09:36:38,933  WARN DefaultTurnAcceptanceLogic:36 Cannot move vehicle 12_0_0 from link -292067_0 to link -283948_0
2021-07-13 09:36:38,934  WARN DefaultTurnAcceptanceLogic:36 Cannot move vehicle 19_0_0 from link -300808_0 to link -298270_0_r
2021-07-13 09:36:38,934  WARN DefaultTurnAcceptanceLogic:36 Cannot move vehicle 22_0_0 from link -300886_0 to link -296116_0_r
2021-07-13 09:36:38,935  WARN DefaultTurnAcceptanceLogic:36 Cannot move vehicle 26_0_0 from link -300762_0 to link -290719_0
2021-07-13 09:36:38,935  WARN DefaultTurnAcceptanceLogic:36 Cannot move vehicle 28_0_0 from link -295860_0_r to link -295128_0_r
2021-07-13 09:36:38,939  WARN DefaultTurnAcceptanceLogic:36 Cannot move vehicle 8_0_1 from link -281922_0_r to link -289981_0
2021-07-13 09:36:39,607  WARN DefaultTurnAcceptanceLogic:36 Cannot move vehicle 0_1_0 from link -296751_0 to link -290028_0_r
2021-07-13 09:36:39,607  WARN DefaultTurnAcceptanceLogic:36 Cannot move vehicle 1_1_0 from link -283923_0 to link -295599_0
2021-07-13 09:36:39,607  WARN DefaultTurnAcceptanceLogic:36 Cannot move vehicle 2_1_0 from link -286143_0_r to link -303127_0
2021-07-13 09:36:39,608  WARN DefaultTurnAcceptanceLogic:36 Cannot move vehicle 3_1_0 from link -299507_0_r to link -298543_0_r
2021-07-13 09:36:39,608  WARN DefaultTurnAcceptanceLogic:36 Cannot move vehicle 6_1_0 from link -285744_0_r to link -301114_0_r
2021-07-13 09:36:39,608  WARN DefaultTurnAcceptanceLogic:36 Cannot move vehicle 9_1_0 from link -295968_0 to link -294827_0_r
2021-07-13 09:36:39,609  WARN DefaultTurnAcceptanceLogic:36 Cannot move vehicle 11_1_0 from link -283215_0_r to link -297968_0_r
2021-07-13 09:36:39,609  WARN DefaultTurnAcceptanceLogic:36 Cannot move vehicle 13_1_0 from link -284849_0_r to link -298291_0_r
2021-07-13 09:36:39,609  WARN DefaultTurnAcceptanceLogic:36 Cannot move vehicle 15_1_0 from link -297047_0_r to link -289416_0
2021-07-13 09:36:39,610  WARN DefaultTurnAcceptanceLogic:36 Cannot move vehicle 16_1_0 from link -300619_0_r to link -301584_0
2021-07-13 09:36:39,610  WARN DefaultTurnAcceptanceLogic:36 Cannot move vehicle 18_1_0 from link -292289_0 to link -299693_0_r
2021-07-13 09:36:39,610  WARN DefaultTurnAcceptanceLogic:36 Cannot move vehicle 20_1_0 from link -299892_0_r to link -299615_0
2021-07-13 09:36:39,611  WARN DefaultTurnAcceptanceLogic:36 Cannot move vehicle 22_1_0 from link -296116_0_r to link -300886_0
2021-07-13 09:36:39,611  WARN DefaultTurnAcceptanceLogic:36 Cannot move vehicle 24_1_0 from link -287191_0 to link -283520_4
2021-07-13 09:36:39,612  WARN DefaultTurnAcceptanceLogic:36 Cannot move vehicle 26_1_0 from link -290719_0 to link -300762_0
2021-07-13 09:36:42,704  WARN DefaultTurnAcceptanceLogic:36 Cannot move vehicle 5_0_0 from link -287576_0_r to link -294143_0
2021-07-13 09:36:42,705  WARN DefaultTurnAcceptanceLogic:36 Cannot move vehicle 8_0_0 from link -287333_0_r to link -303134_0_r
2021-07-13 09:36:42,706  WARN DefaultTurnAcceptanceLogic:36 Cannot move vehicle 11_0_0 from link -297968_0_r to link -283215_0_r
2021-07-13 09:36:42,706  WARN DefaultTurnAcceptanceLogic:36 Cannot move vehicle 12_0_0 from link -292067_0 to link -283948_0
2021-07-13 09:36:42,708  WARN DefaultTurnAcceptanceLogic:36 Cannot move vehicle 19_0_0 from link -300808_0 to link -298270_0_r
2021-07-13 09:36:42,708  WARN DefaultTurnAcceptanceLogic:36 Cannot move vehicle 22_0_0 from link -300886_0 to link -296116_0_r
2021-07-13 09:36:42,709  WARN DefaultTurnAcceptanceLogic:36 Cannot move vehicle 26_0_0 from link -300762_0 to link -290719_0
2021-07-13 09:36:42,709  WARN DefaultTurnAcceptanceLogic:36 Cannot move vehicle 28_0_0 from link -295860_0_r to link -295128_0_r
2021-07-13 09:36:42,718  WARN DefaultTurnAcceptanceLogic:36 Cannot move vehicle 8_0_1 from link -281922_0_r to link -289981_0
2021-07-13 09:36:43,394  WARN DefaultTurnAcceptanceLogic:36 Cannot move vehicle 0_1_0 from link -296751_0 to link -290028_0_r
2021-07-13 09:36:43,394  WARN DefaultTurnAcceptanceLogic:36 Cannot move vehicle 1_1_0 from link -283923_0 to link -295599_0
2021-07-13 09:36:43,394  WARN DefaultTurnAcceptanceLogic:36 Cannot move vehicle 2_1_0 from link -286143_0_r to link -303127_0
2021-07-13 09:36:43,394  WARN DefaultTurnAcceptanceLogic:36 Cannot move vehicle 3_1_0 from link -299507_0_r to link -298543_0_r
2021-07-13 09:36:43,395  WARN DefaultTurnAcceptanceLogic:36 Cannot move vehicle 6_1_0 from link -285744_0_r to link -301114_0_r
2021-07-13 09:36:43,395  WARN DefaultTurnAcceptanceLogic:36 Cannot move vehicle 9_1_0 from link -295968_0 to link -294827_0_r
2021-07-13 09:36:43,396  WARN DefaultTurnAcceptanceLogic:36 Cannot move vehicle 11_1_0 from link -283215_0_r to link -297968_0_r
2021-07-13 09:36:43,396  WARN DefaultTurnAcceptanceLogic:36 Cannot move vehicle 13_1_0 from link -284849_0_r to link -298291_0_r
2021-07-13 09:36:43,396  WARN DefaultTurnAcceptanceLogic:36 Cannot move vehicle 15_1_0 from link -297047_0_r to link -289416_0
2021-07-13 09:36:43,397  WARN DefaultTurnAcceptanceLogic:36 Cannot move vehicle 16_1_0 from link -300619_0_r to link -301584_0
2021-07-13 09:36:43,397  WARN DefaultTurnAcceptanceLogic:36 Cannot move vehicle 18_1_0 from link -292289_0 to link -299693_0_r
2021-07-13 09:36:43,397  WARN DefaultTurnAcceptanceLogic:36 Cannot move vehicle 20_1_0 from link -299892_0_r to link -299615_0
2021-07-13 09:36:43,397  WARN DefaultTurnAcceptanceLogic:36 Cannot move vehicle 22_1_0 from link -296116_0_r to link -300886_0
2021-07-13 09:36:43,398  WARN DefaultTurnAcceptanceLogic:36 Cannot move vehicle 24_1_0 from link -287191_0 to link -283520_4
2021-07-13 09:36:43,399  WARN DefaultTurnAcceptanceLogic:36 Cannot move vehicle 26_1_0 from link -290719_0 to link -300762_0
2021-07-13 09:36:48,261  WARN DefaultTurnAcceptanceLogic:36 Cannot move vehicle 11_0_0 from link -297968_0_r to link -283215_0_r
2021-07-13 09:36:48,261  WARN DefaultTurnAcceptanceLogic:36 Cannot move vehicle 12_0_0 from link -292067_0 to link -283948_0
2021-07-13 09:36:48,262  WARN DefaultTurnAcceptanceLogic:36 Cannot move vehicle 19_0_0 from link -300808_0 to link -298270_0_r
2021-07-13 09:36:48,263  WARN DefaultTurnAcceptanceLogic:36 Cannot move vehicle 22_0_0 from link -300886_0 to link -296116_0_r
2021-07-13 09:36:48,263  WARN DefaultTurnAcceptanceLogic:36 Cannot move vehicle 26_0_0 from link -300762_0 to link -290719_0
2021-07-13 09:36:48,264  WARN DefaultTurnAcceptanceLogic:36 Cannot move vehicle 28_0_0 from link -295860_0_r to link -295128_0_r
2021-07-13 09:36:48,268  WARN DefaultTurnAcceptanceLogic:36 Cannot move vehicle 8_0_1 from link -281922_0_r to link -289981_0
2021-07-13 09:36:48,853  WARN DefaultTurnAcceptanceLogic:36 Cannot move vehicle 0_1_0 from link -296751_0 to link -290028_0_r
2021-07-13 09:36:48,853  WARN DefaultTurnAcceptanceLogic:36 Cannot move vehicle 1_1_0 from link -283923_0 to link -295599_0
2021-07-13 09:36:48,853  WARN DefaultTurnAcceptanceLogic:36 Cannot move vehicle 2_1_0 from link -286143_0_r to link -303127_0
2021-07-13 09:36:48,854  WARN DefaultTurnAcceptanceLogic:36 Cannot move vehicle 3_1_0 from link -299507_0_r to link -298543_0_r
2021-07-13 09:36:48,854  WARN DefaultTurnAcceptanceLogic:36 Cannot move vehicle 6_1_0 from link -285744_0_r to link -301114_0_r
2021-07-13 09:36:48,854  WARN DefaultTurnAcceptanceLogic:36 Cannot move vehicle 9_1_0 from link -295968_0 to link -294827_0_r
2021-07-13 09:36:48,855  WARN DefaultTurnAcceptanceLogic:36 Cannot move vehicle 11_1_0 from link -283215_0_r to link -297968_0_r
2021-07-13 09:36:48,855  WARN DefaultTurnAcceptanceLogic:36 Cannot move vehicle 13_1_0 from link -284849_0_r to link -298291_0_r
2021-07-13 09:36:48,855  WARN DefaultTurnAcceptanceLogic:36 Cannot move vehicle 15_1_0 from link -297047_0_r to link -289416_0
2021-07-13 09:36:48,856  WARN DefaultTurnAcceptanceLogic:36 Cannot move vehicle 16_1_0 from link -300619_0_r to link -301584_0
2021-07-13 09:36:48,856  WARN DefaultTurnAcceptanceLogic:36 Cannot move vehicle 18_1_0 from link -292289_0 to link -299693_0_r
2021-07-13 09:36:48,856  WARN DefaultTurnAcceptanceLogic:36 Cannot move vehicle 20_1_0 from link -299892_0_r to link -299615_0
2021-07-13 09:36:48,856  WARN DefaultTurnAcceptanceLogic:36 Cannot move vehicle 22_1_0 from link -296116_0_r to link -300886_0
2021-07-13 09:36:48,857  WARN DefaultTurnAcceptanceLogic:36 Cannot move vehicle 24_1_0 from link -287191_0 to link -283520_4
2021-07-13 09:36:48,857  WARN DefaultTurnAcceptanceLogic:36 Cannot move vehicle 26_1_0 from link -290719_0 to link -300762_0
2021-07-13 09:36:51,647  WARN DefaultTurnAcceptanceLogic:36 Cannot move vehicle 11_0_0 from link -297968_0_r to link -283215_0_r
2021-07-13 09:36:51,648  WARN DefaultTurnAcceptanceLogic:36 Cannot move vehicle 12_0_0 from link -292067_0 to link -283948_0
2021-07-13 09:36:51,648  WARN DefaultTurnAcceptanceLogic:36 Cannot move vehicle 19_0_0 from link -300808_0 to link -298270_0_r
2021-07-13 09:36:51,649  WARN DefaultTurnAcceptanceLogic:36 Cannot move vehicle 22_0_0 from link -300886_0 to link -296116_0_r
2021-07-13 09:36:51,650  WARN DefaultTurnAcceptanceLogic:36 Cannot move vehicle 26_0_0 from link -300762_0 to link -290719_0
2021-07-13 09:36:51,650  WARN DefaultTurnAcceptanceLogic:36 Cannot move vehicle 28_0_0 from link -295860_0_r to link -295128_0_r
2021-07-13 09:36:52,247  WARN DefaultTurnAcceptanceLogic:36 Cannot move vehicle 0_1_0 from link -296751_0 to link -290028_0_r
2021-07-13 09:36:52,248  WARN DefaultTurnAcceptanceLogic:36 Cannot move vehicle 1_1_0 from link -283923_0 to link -295599_0
2021-07-13 09:36:52,248  WARN DefaultTurnAcceptanceLogic:36 Cannot move vehicle 2_1_0 from link -286143_0_r to link -303127_0
2021-07-13 09:36:52,248  WARN DefaultTurnAcceptanceLogic:36 Cannot move vehicle 3_1_0 from link -299507_0_r to link -298543_0_r
2021-07-13 09:36:52,249  WARN DefaultTurnAcceptanceLogic:36 Cannot move vehicle 6_1_0 from link -285744_0_r to link -301114_0_r
2021-07-13 09:36:52,249  WARN DefaultTurnAcceptanceLogic:36 Cannot move vehicle 9_1_0 from link -295968_0 to link -294827_0_r
2021-07-13 09:36:52,250  WARN DefaultTurnAcceptanceLogic:36 Cannot move vehicle 11_1_0 from link -283215_0_r to link -297968_0_r
2021-07-13 09:36:52,250  WARN DefaultTurnAcceptanceLogic:36 Cannot move vehicle 13_1_0 from link -284849_0_r to link -298291_0_r
2021-07-13 09:36:52,250  WARN DefaultTurnAcceptanceLogic:36 Cannot move vehicle 15_1_0 from link -297047_0_r to link -289416_0
2021-07-13 09:36:52,250  WARN DefaultTurnAcceptanceLogic:36 Cannot move vehicle 16_1_0 from link -300619_0_r to link -301584_0
2021-07-13 09:36:52,251  WARN DefaultTurnAcceptanceLogic:36 Cannot move vehicle 18_1_0 from link -292289_0 to link -299693_0_r
2021-07-13 09:36:52,251  WARN DefaultTurnAcceptanceLogic:36 Cannot move vehicle 20_1_0 from link -299892_0_r to link -299615_0
2021-07-13 09:36:52,251  WARN DefaultTurnAcceptanceLogic:36 Cannot move vehicle 22_1_0 from link -296116_0_r to link -300886_0
2021-07-13 09:36:52,252  WARN DefaultTurnAcceptanceLogic:36 Cannot move vehicle 24_1_0 from link -287191_0 to link -283520_4
2021-07-13 09:36:52,253  WARN DefaultTurnAcceptanceLogic:36 Cannot move vehicle 26_1_0 from link -290719_0 to link -300762_0
2021-07-13 09:36:55,621  WARN DefaultTurnAcceptanceLogic:36 Cannot move vehicle 11_0_0 from link -297968_0_r to link -283215_0_r
2021-07-13 09:36:55,622  WARN DefaultTurnAcceptanceLogic:36 Cannot move vehicle 12_0_0 from link -292067_0 to link -283948_0
2021-07-13 09:36:55,622  WARN DefaultTurnAcceptanceLogic:36 Cannot move vehicle 19_0_0 from link -300808_0 to link -298270_0_r
2021-07-13 09:36:55,624  WARN DefaultTurnAcceptanceLogic:36 Cannot move vehicle 22_0_0 from link -300886_0 to link -296116_0_r
2021-07-13 09:36:55,625  WARN DefaultTurnAcceptanceLogic:36 Cannot move vehicle 26_0_0 from link -300762_0 to link -290719_0
2021-07-13 09:36:55,625  WARN DefaultTurnAcceptanceLogic:36 Cannot move vehicle 28_0_0 from link -295860_0_r to link -295128_0_r
2021-07-13 09:36:56,295  WARN DefaultTurnAcceptanceLogic:36 Cannot move vehicle 0_1_0 from link -296751_0 to link -290028_0_r
2021-07-13 09:36:56,295  WARN DefaultTurnAcceptanceLogic:36 Cannot move vehicle 1_1_0 from link -283923_0 to link -295599_0
2021-07-13 09:36:56,295  WARN DefaultTurnAcceptanceLogic:36 Cannot move vehicle 2_1_0 from link -286143_0_r to link -303127_0
2021-07-13 09:36:56,296  WARN DefaultTurnAcceptanceLogic:36 Cannot move vehicle 3_1_0 from link -299507_0_r to link -298543_0_r
2021-07-13 09:36:56,296  WARN DefaultTurnAcceptanceLogic:36 Cannot move vehicle 6_1_0 from link -285744_0_r to link -301114_0_r
2021-07-13 09:36:56,296  WARN DefaultTurnAcceptanceLogic:36 Cannot move vehicle 9_1_0 from link -295968_0 to link -294827_0_r
2021-07-13 09:36:56,297  WARN DefaultTurnAcceptanceLogic:36 Cannot move vehicle 11_1_0 from link -283215_0_r to link -297968_0_r
2021-07-13 09:36:56,297  WARN DefaultTurnAcceptanceLogic:36 Cannot move vehicle 13_1_0 from link -284849_0_r to link -298291_0_r
2021-07-13 09:36:56,297  WARN DefaultTurnAcceptanceLogic:36 Cannot move vehicle 15_1_0 from link -297047_0_r to link -289416_0
2021-07-13 09:36:56,297  WARN DefaultTurnAcceptanceLogic:36 Cannot move vehicle 16_1_0 from link -300619_0_r to link -301584_0
2021-07-13 09:36:56,297  WARN DefaultTurnAcceptanceLogic:36 Cannot move vehicle 18_1_0 from link -292289_0 to link -299693_0_r
2021-07-13 09:36:56,298  WARN DefaultTurnAcceptanceLogic:36 Cannot move vehicle 20_1_0 from link -299892_0_r to link -299615_0
2021-07-13 09:36:56,298  WARN DefaultTurnAcceptanceLogic:36 Cannot move vehicle 22_1_0 from link -296116_0_r to link -300886_0
2021-07-13 09:36:56,298  WARN DefaultTurnAcceptanceLogic:36 Cannot move vehicle 26_1_0 from link -290719_0 to link -300762_0
2021-07-13 09:36:59,162  WARN DefaultTurnAcceptanceLogic:36 Cannot move vehicle 11_0_0 from link -297968_0_r to link -283215_0_r
2021-07-13 09:36:59,163  WARN DefaultTurnAcceptanceLogic:36 Cannot move vehicle 12_0_0 from link -292067_0 to link -283948_0
2021-07-13 09:36:59,163  WARN DefaultTurnAcceptanceLogic:36 Cannot move vehicle 19_0_0 from link -300808_0 to link -298270_0_r
2021-07-13 09:36:59,164  WARN DefaultTurnAcceptanceLogic:36 Cannot move vehicle 22_0_0 from link -300886_0 to link -296116_0_r
2021-07-13 09:36:59,165  WARN DefaultTurnAcceptanceLogic:36 Cannot move vehicle 26_0_0 from link -300762_0 to link -290719_0
2021-07-13 09:36:59,165  WARN DefaultTurnAcceptanceLogic:36 Cannot move vehicle 28_0_0 from link -295860_0_r to link -295128_0_r
2021-07-13 09:36:59,768  WARN DefaultTurnAcceptanceLogic:36 Cannot move vehicle 0_1_0 from link -296751_0 to link -290028_0_r
2021-07-13 09:36:59,768  WARN DefaultTurnAcceptanceLogic:36 Cannot move vehicle 1_1_0 from link -283923_0 to link -295599_0
2021-07-13 09:36:59,768  WARN DefaultTurnAcceptanceLogic:36 Cannot move vehicle 2_1_0 from link -286143_0_r to link -303127_0
2021-07-13 09:36:59,768  WARN DefaultTurnAcceptanceLogic:36 Cannot move vehicle 3_1_0 from link -299507_0_r to link -298543_0_r
2021-07-13 09:36:59,769  WARN DefaultTurnAcceptanceLogic:36 Cannot move vehicle 6_1_0 from link -285744_0_r to link -301114_0_r
2021-07-13 09:36:59,769  WARN DefaultTurnAcceptanceLogic:36 Cannot move vehicle 9_1_0 from link -295968_0 to link -294827_0_r
2021-07-13 09:36:59,770  WARN DefaultTurnAcceptanceLogic:36 Cannot move vehicle 13_1_0 from link -284849_0_r to link -298291_0_r
2021-07-13 09:36:59,771  WARN DefaultTurnAcceptanceLogic:36 Cannot move vehicle 15_1_0 from link -297047_0_r to link -289416_0
2021-07-13 09:36:59,771  WARN DefaultTurnAcceptanceLogic:36 Cannot move vehicle 16_1_0 from link -300619_0_r to link -301584_0
2021-07-13 09:36:59,771  WARN DefaultTurnAcceptanceLogic:36 Cannot move vehicle 18_1_0 from link -292289_0 to link -299693_0_r
2021-07-13 09:36:59,771  WARN DefaultTurnAcceptanceLogic:36 Cannot move vehicle 20_1_0 from link -299892_0_r to link -299615_0
2021-07-13 09:36:59,771  WARN DefaultTurnAcceptanceLogic:36 Cannot move vehicle 22_1_0 from link -296116_0_r to link -300886_0
2021-07-13 09:36:59,772  WARN DefaultTurnAcceptanceLogic:36 Cannot move vehicle 26_1_0 from link -290719_0 to link -300762_0
2021-07-13 09:37:02,566  WARN DefaultTurnAcceptanceLogic:36 Cannot move vehicle 11_0_0 from link -297968_0_r to link -283215_0_r
2021-07-13 09:37:02,566  WARN DefaultTurnAcceptanceLogic:36 Cannot move vehicle 12_0_0 from link -292067_0 to link -283948_0
2021-07-13 09:37:02,567  WARN DefaultTurnAcceptanceLogic:36 Cannot move vehicle 19_0_0 from link -300808_0 to link -298270_0_r
2021-07-13 09:37:02,567  WARN DefaultTurnAcceptanceLogic:36 Cannot move vehicle 22_0_0 from link -300886_0 to link -296116_0_r
2021-07-13 09:37:02,568  WARN DefaultTurnAcceptanceLogic:36 Cannot move vehicle 26_0_0 from link -300762_0 to link -290719_0
2021-07-13 09:37:02,569  WARN DefaultTurnAcceptanceLogic:36 Cannot move vehicle 28_0_0 from link -295860_0_r to link -295128_0_r
2021-07-13 09:37:03,227  WARN DefaultTurnAcceptanceLogic:36 Cannot move vehicle 0_1_0 from link -296751_0 to link -290028_0_r
2021-07-13 09:37:03,227  WARN DefaultTurnAcceptanceLogic:36 Cannot move vehicle 1_1_0 from link -283923_0 to link -295599_0
2021-07-13 09:37:03,227  WARN DefaultTurnAcceptanceLogic:36 Cannot move vehicle 2_1_0 from link -286143_0_r to link -303127_0
2021-07-13 09:37:03,227  WARN DefaultTurnAcceptanceLogic:36 Cannot move vehicle 3_1_0 from link -299507_0_r to link -298543_0_r
2021-07-13 09:37:03,228  WARN DefaultTurnAcceptanceLogic:36 Cannot move vehicle 6_1_0 from link -285744_0_r to link -301114_0_r
2021-07-13 09:37:03,228  WARN DefaultTurnAcceptanceLogic:36 Cannot move vehicle 9_1_0 from link -295968_0 to link -294827_0_r
2021-07-13 09:37:03,229  WARN DefaultTurnAcceptanceLogic:36 Cannot move vehicle 13_1_0 from link -284849_0_r to link -298291_0_r
2021-07-13 09:37:03,229  WARN DefaultTurnAcceptanceLogic:36 Cannot move vehicle 15_1_0 from link -297047_0_r to link -289416_0
2021-07-13 09:37:03,230  WARN DefaultTurnAcceptanceLogic:36 Cannot move vehicle 18_1_0 from link -292289_0 to link -299693_0_r
2021-07-13 09:37:03,230  WARN DefaultTurnAcceptanceLogic:36 Cannot move vehicle 22_1_0 from link -296116_0_r to link -300886_0
2021-07-13 09:37:03,231  WARN DefaultTurnAcceptanceLogic:36 Cannot move vehicle 26_1_0 from link -290719_0 to link -300762_0
2021-07-13 09:37:06,217  WARN DefaultTurnAcceptanceLogic:36 Cannot move vehicle 11_0_0 from link -297968_0_r to link -283215_0_r
2021-07-13 09:37:06,217  WARN DefaultTurnAcceptanceLogic:36 Cannot move vehicle 12_0_0 from link -292067_0 to link -283948_0
2021-07-13 09:37:06,218  WARN DefaultTurnAcceptanceLogic:36 Cannot move vehicle 19_0_0 from link -300808_0 to link -298270_0_r
2021-07-13 09:37:06,219  WARN DefaultTurnAcceptanceLogic:36 Cannot move vehicle 26_0_0 from link -300762_0 to link -290719_0
2021-07-13 09:37:06,219  WARN DefaultTurnAcceptanceLogic:36 Cannot move vehicle 28_0_0 from link -295860_0_r to link -295128_0_r
2021-07-13 09:37:06,810  WARN DefaultTurnAcceptanceLogic:36 Cannot move vehicle 0_1_0 from link -296751_0 to link -290028_0_r
2021-07-13 09:37:06,810  WARN DefaultTurnAcceptanceLogic:36 Cannot move vehicle 1_1_0 from link -283923_0 to link -295599_0
2021-07-13 09:37:06,810  WARN DefaultTurnAcceptanceLogic:36 Cannot move vehicle 2_1_0 from link -286143_0_r to link -303127_0
2021-07-13 09:37:06,811  WARN DefaultTurnAcceptanceLogic:36 Cannot move vehicle 3_1_0 from link -299507_0_r to link -298543_0_r
2021-07-13 09:37:06,811  WARN DefaultTurnAcceptanceLogic:36 Cannot move vehicle 9_1_0 from link -295968_0 to link -294827_0_r
2021-07-13 09:37:06,812  WARN DefaultTurnAcceptanceLogic:36 Cannot move vehicle 15_1_0 from link -297047_0_r to link -289416_0
2021-07-13 09:37:06,813  WARN DefaultTurnAcceptanceLogic:36 Cannot move vehicle 18_1_0 from link -292289_0 to link -299693_0_r
2021-07-13 09:37:06,814  WARN DefaultTurnAcceptanceLogic:36 Cannot move vehicle 26_1_0 from link -290719_0 to link -300762_0
2021-07-13 09:37:10,573  WARN DefaultTurnAcceptanceLogic:36 Cannot move vehicle 11_0_0 from link -297968_0_r to link -283215_0_r
2021-07-13 09:37:10,573  WARN DefaultTurnAcceptanceLogic:36 Cannot move vehicle 12_0_0 from link -292067_0 to link -283948_0
2021-07-13 09:37:10,574  WARN DefaultTurnAcceptanceLogic:36 Cannot move vehicle 19_0_0 from link -300808_0 to link -298270_0_r
2021-07-13 09:37:10,575  WARN DefaultTurnAcceptanceLogic:36 Cannot move vehicle 26_0_0 from link -300762_0 to link -290719_0
2021-07-13 09:37:10,576  WARN DefaultTurnAcceptanceLogic:36 Cannot move vehicle 28_0_0 from link -295860_0_r to link -295128_0_r
2021-07-13 09:37:11,155  WARN DefaultTurnAcceptanceLogic:36 Cannot move vehicle 0_1_0 from link -296751_0 to link -290028_0_r
2021-07-13 09:37:11,155  WARN DefaultTurnAcceptanceLogic:36 Cannot move vehicle 1_1_0 from link -283923_0 to link -295599_0
2021-07-13 09:37:11,155  WARN DefaultTurnAcceptanceLogic:36 Cannot move vehicle 2_1_0 from link -286143_0_r to link -303127_0
2021-07-13 09:37:11,156  WARN DefaultTurnAcceptanceLogic:36 Cannot move vehicle 3_1_0 from link -299507_0_r to link -298543_0_r
2021-07-13 09:37:11,157  WARN DefaultTurnAcceptanceLogic:36 Cannot move vehicle 9_1_0 from link -295968_0 to link -294827_0_r
2021-07-13 09:37:11,158  WARN DefaultTurnAcceptanceLogic:36 Cannot move vehicle 15_1_0 from link -297047_0_r to link -289416_0
2021-07-13 09:37:11,159  WARN DefaultTurnAcceptanceLogic:36 Cannot move vehicle 26_1_0 from link -290719_0 to link -300762_0
2021-07-13 09:37:14,032  WARN DefaultTurnAcceptanceLogic:36 Cannot move vehicle 11_0_0 from link -297968_0_r to link -283215_0_r
2021-07-13 09:37:14,032  WARN DefaultTurnAcceptanceLogic:36 Cannot move vehicle 12_0_0 from link -292067_0 to link -283948_0
2021-07-13 09:37:14,033  WARN DefaultTurnAcceptanceLogic:36 Cannot move vehicle 19_0_0 from link -300808_0 to link -298270_0_r
2021-07-13 09:37:14,034  WARN DefaultTurnAcceptanceLogic:36 Cannot move vehicle 26_0_0 from link -300762_0 to link -290719_0
2021-07-13 09:37:14,034  WARN DefaultTurnAcceptanceLogic:36 Cannot move vehicle 28_0_0 from link -295860_0_r to link -295128_0_r
2021-07-13 09:37:14,612  WARN DefaultTurnAcceptanceLogic:36 Cannot move vehicle 0_1_0 from link -296751_0 to link -290028_0_r
2021-07-13 09:37:14,612  WARN DefaultTurnAcceptanceLogic:36 Cannot move vehicle 1_1_0 from link -283923_0 to link -295599_0
2021-07-13 09:37:14,612  WARN DefaultTurnAcceptanceLogic:36 Cannot move vehicle 2_1_0 from link -286143_0_r to link -303127_0
2021-07-13 09:37:14,613  WARN DefaultTurnAcceptanceLogic:36 Cannot move vehicle 3_1_0 from link -299507_0_r to link -298543_0_r
2021-07-13 09:37:14,613  WARN DefaultTurnAcceptanceLogic:36 Cannot move vehicle 9_1_0 from link -295968_0 to link -294827_0_r
2021-07-13 09:37:14,615  WARN DefaultTurnAcceptanceLogic:36 Cannot move vehicle 26_1_0 from link -290719_0 to link -300762_0
2021-07-13 09:37:17,693  WARN DefaultTurnAcceptanceLogic:36 Cannot move vehicle 11_0_0 from link -297968_0_r to link -283215_0_r
2021-07-13 09:37:17,693  WARN DefaultTurnAcceptanceLogic:36 Cannot move vehicle 12_0_0 from link -292067_0 to link -283948_0
2021-07-13 09:37:17,694  WARN DefaultTurnAcceptanceLogic:36 Cannot move vehicle 19_0_0 from link -300808_0 to link -298270_0_r
2021-07-13 09:37:17,695  WARN DefaultTurnAcceptanceLogic:36 Cannot move vehicle 26_0_0 from link -300762_0 to link -290719_0
2021-07-13 09:37:17,696  WARN DefaultTurnAcceptanceLogic:36 Cannot move vehicle 28_0_0 from link -295860_0_r to link -295128_0_r
2021-07-13 09:37:18,295  WARN DefaultTurnAcceptanceLogic:36 Cannot move vehicle 0_1_0 from link -296751_0 to link -290028_0_r
2021-07-13 09:37:18,295  WARN DefaultTurnAcceptanceLogic:36 Cannot move vehicle 1_1_0 from link -283923_0 to link -295599_0
2021-07-13 09:37:18,296  WARN DefaultTurnAcceptanceLogic:36 Cannot move vehicle 3_1_0 from link -299507_0_r to link -298543_0_r
2021-07-13 09:37:18,299  WARN DefaultTurnAcceptanceLogic:36 Cannot move vehicle 26_1_0 from link -290719_0 to link -300762_0
2021-07-13 09:37:22,428  WARN DefaultTurnAcceptanceLogic:36 Cannot move vehicle 11_0_0 from link -297968_0_r to link -283215_0_r
2021-07-13 09:37:22,430  WARN DefaultTurnAcceptanceLogic:36 Cannot move vehicle 12_0_0 from link -292067_0 to link -283948_0
2021-07-13 09:37:22,431  WARN DefaultTurnAcceptanceLogic:36 Cannot move vehicle 19_0_0 from link -300808_0 to link -298270_0_r
2021-07-13 09:37:22,433  WARN DefaultTurnAcceptanceLogic:36 Cannot move vehicle 26_0_0 from link -300762_0 to link -290719_0
2021-07-13 09:37:23,145  WARN DefaultTurnAcceptanceLogic:36 Cannot move vehicle 0_1_0 from link -296751_0 to link -290028_0_r
2021-07-13 09:37:23,145  WARN DefaultTurnAcceptanceLogic:36 Cannot move vehicle 1_1_0 from link -283923_0 to link -295599_0
2021-07-13 09:37:23,149  WARN DefaultTurnAcceptanceLogic:36 Cannot move vehicle 26_1_0 from link -290719_0 to link -300762_0
2021-07-13 09:37:29,035  WARN DefaultTurnAcceptanceLogic:36 Cannot move vehicle 11_0_0 from link -297968_0_r to link -283215_0_r
2021-07-13 09:37:29,036  WARN DefaultTurnAcceptanceLogic:36 Cannot move vehicle 12_0_0 from link -292067_0 to link -283948_0
2021-07-13 09:37:29,036  WARN DefaultTurnAcceptanceLogic:36 Cannot move vehicle 19_0_0 from link -300808_0 to link -298270_0_r
2021-07-13 09:37:29,038  WARN DefaultTurnAcceptanceLogic:36 Cannot move vehicle 26_0_0 from link -300762_0 to link -290719_0
2021-07-13 09:37:29,618  WARN DefaultTurnAcceptanceLogic:36 Cannot move vehicle 0_1_0 from link -296751_0 to link -290028_0_r
2021-07-13 09:37:29,619  WARN DefaultTurnAcceptanceLogic:36 Cannot move vehicle 1_1_0 from link -283923_0 to link -295599_0
2021-07-13 09:37:29,622  WARN DefaultTurnAcceptanceLogic:36 Cannot move vehicle 26_1_0 from link -290719_0 to link -300762_0
2021-07-13 09:37:32,759  WARN DefaultTurnAcceptanceLogic:36 Cannot move vehicle 12_0_0 from link -292067_0 to link -283948_0
2021-07-13 09:37:32,760  WARN DefaultTurnAcceptanceLogic:36 Cannot move vehicle 19_0_0 from link -300808_0 to link -298270_0_r
2021-07-13 09:37:32,761  WARN DefaultTurnAcceptanceLogic:36 Cannot move vehicle 26_0_0 from link -300762_0 to link -290719_0
2021-07-13 09:37:33,448  WARN DefaultTurnAcceptanceLogic:36 Cannot move vehicle 0_1_0 from link -296751_0 to link -290028_0_r
2021-07-13 09:37:33,449  WARN DefaultTurnAcceptanceLogic:36 Cannot move vehicle 1_1_0 from link -283923_0 to link -295599_0
2021-07-13 09:37:33,452  WARN DefaultTurnAcceptanceLogic:36 Cannot move vehicle 26_1_0 from link -290719_0 to link -300762_0
2021-07-13 09:37:36,418  WARN DefaultTurnAcceptanceLogic:36 Cannot move vehicle 12_0_0 from link -292067_0 to link -283948_0
2021-07-13 09:37:36,420  WARN DefaultTurnAcceptanceLogic:36 Cannot move vehicle 26_0_0 from link -300762_0 to link -290719_0
2021-07-13 09:37:37,013  WARN DefaultTurnAcceptanceLogic:36 Cannot move vehicle 0_1_0 from link -296751_0 to link -290028_0_r
2021-07-13 09:37:37,013  WARN DefaultTurnAcceptanceLogic:36 Cannot move vehicle 1_1_0 from link -283923_0 to link -295599_0
2021-07-13 09:37:37,016  WARN DefaultTurnAcceptanceLogic:36 Cannot move vehicle 26_1_0 from link -290719_0 to link -300762_0
2021-07-13 09:37:39,657  WARN DefaultTurnAcceptanceLogic:36 Cannot move vehicle 12_0_0 from link -292067_0 to link -283948_0
2021-07-13 09:37:39,659  WARN DefaultTurnAcceptanceLogic:36 Cannot move vehicle 26_0_0 from link -300762_0 to link -290719_0
2021-07-13 09:37:40,256  WARN DefaultTurnAcceptanceLogic:36 Cannot move vehicle 0_1_0 from link -296751_0 to link -290028_0_r
2021-07-13 09:37:40,256  WARN DefaultTurnAcceptanceLogic:36 Cannot move vehicle 1_1_0 from link -283923_0 to link -295599_0
2021-07-13 09:37:43,558  WARN DefaultTurnAcceptanceLogic:36 Cannot move vehicle 12_0_0 from link -292067_0 to link -283948_0
2021-07-13 09:37:44,198  WARN DefaultTurnAcceptanceLogic:36 Cannot move vehicle 0_1_0 from link -296751_0 to link -290028_0_r
2021-07-13 09:37:44,199  WARN DefaultTurnAcceptanceLogic:36 Cannot move vehicle 1_1_0 from link -283923_0 to link -295599_0
2021-07-13 09:37:47,017  WARN DefaultTurnAcceptanceLogic:36 Cannot move vehicle 12_0_0 from link -292067_0 to link -283948_0
2021-07-13 09:37:48,182  WARN DefaultTurnAcceptanceLogic:36 Cannot move vehicle 0_1_0 from link -296751_0 to link -290028_0_r
2021-07-13 09:37:48,182  WARN DefaultTurnAcceptanceLogic:36 Cannot move vehicle 1_1_0 from link -283923_0 to link -295599_0
2021-07-13 09:37:51,377  WARN DefaultTurnAcceptanceLogic:36 Cannot move vehicle 12_0_0 from link -292067_0 to link -283948_0
2021-07-13 09:37:51,993  WARN DefaultTurnAcceptanceLogic:36 Cannot move vehicle 0_1_0 from link -296751_0 to link -290028_0_r
2021-07-13 09:37:51,993  WARN DefaultTurnAcceptanceLogic:36 Cannot move vehicle 1_1_0 from link -283923_0 to link -295599_0
2021-07-13 09:37:54,894  WARN DefaultTurnAcceptanceLogic:36 Cannot move vehicle 12_0_0 from link -292067_0 to link -283948_0
2021-07-13 09:37:55,537  WARN DefaultTurnAcceptanceLogic:36 Cannot move vehicle 0_1_0 from link -296751_0 to link -290028_0_r
2021-07-13 09:37:55,537  WARN DefaultTurnAcceptanceLogic:36 Cannot move vehicle 1_1_0 from link -283923_0 to link -295599_0
2021-07-13 09:37:59,202  WARN DefaultTurnAcceptanceLogic:36 Cannot move vehicle 12_0_0 from link -292067_0 to link -283948_0
2021-07-13 09:37:59,789  WARN DefaultTurnAcceptanceLogic:36 Cannot move vehicle 1_1_0 from link -283923_0 to link -295599_0
2021-07-13 09:38:02,630  WARN DefaultTurnAcceptanceLogic:36 Cannot move vehicle 12_0_0 from link -292067_0 to link -283948_0
2021-07-13 09:38:03,254  WARN DefaultTurnAcceptanceLogic:36 Cannot move vehicle 1_1_0 from link -283923_0 to link -295599_0
2021-07-13 09:38:08,960  WARN DefaultTurnAcceptanceLogic:36 Cannot move vehicle 12_0_0 from link -292067_0 to link -283948_0
2021-07-13 09:38:09,663  WARN DefaultTurnAcceptanceLogic:36 Cannot move vehicle 1_1_0 from link -283923_0 to link -295599_0
2021-07-13 09:38:13,098  WARN DefaultTurnAcceptanceLogic:36 Cannot move vehicle 12_0_0 from link -292067_0 to link -283948_0
2021-07-13 09:38:13,737  WARN DefaultTurnAcceptanceLogic:36 Cannot move vehicle 1_1_0 from link -283923_0 to link -295599_0
