2021-07-26 06:57:32,016  WARN QueueWithBuffer:377 Link -101843_0 too small: enlarge storage capacity from: 21.978767138187695 Vehicles to: 22.12429583971113 Vehicles.  This is not fatal, but modifies the traffic flow dynamics.
2021-07-26 06:57:32,019  WARN QueueWithBuffer:377 Link -101939_0 too small: enlarge storage capacity from: 26.854181297450015 Vehicles to: 27.031991731953536 Vehicles.  This is not fatal, but modifies the traffic flow dynamics.
2021-07-26 06:57:32,020  WARN QueueWithBuffer:377 Link -101939_0_r too small: enlarge storage capacity from: 26.854181297450015 Vehicles to: 27.031991731953536 Vehicles.  This is not fatal, but modifies the traffic flow dynamics.
2021-07-26 06:57:32,339  WARN QueueWithBuffer:377 Link -102051_0 too small: enlarge storage capacity from: 10.229934204528268 Vehicles to: 10.297669989347085 Vehicles.  This is not fatal, but modifies the traffic flow dynamics.
2021-07-26 06:57:32,339  WARN QueueWithBuffer:377 Link -102053_0 too small: enlarge storage capacity from: 17.31582429078177 Vehicles to: 17.430478102299116 Vehicles.  This is not fatal, but modifies the traffic flow dynamics.
2021-07-26 06:57:32,339  WARN QueueWithBuffer:377 Link -102055_0 too small: enlarge storage capacity from: 12.427134740096651 Vehicles to: 12.509418917867514 Vehicles.  This is not fatal, but modifies the traffic flow dynamics.
2021-07-26 06:57:32,340  WARN QueueWithBuffer:377 Link -102147_1 too small: enlarge storage capacity from: 17.37470745962674 Vehicles to: 17.489751156120334 Vehicles.  This is not fatal, but modifies the traffic flow dynamics.
2021-07-26 06:57:32,340  WARN QueueWithBuffer:377 Link -102147_1_r too small: enlarge storage capacity from: 17.37470745962674 Vehicles to: 17.489751156120334 Vehicles.  This is not fatal, but modifies the traffic flow dynamics.
2021-07-26 06:57:32,340  WARN QueueWithBuffer:377 Link -102149_0 too small: enlarge storage capacity from: 11.070597398075178 Vehicles to: 11.143899492514832 Vehicles.  This is not fatal, but modifies the traffic flow dynamics.
2021-07-26 06:57:32,340  WARN QueueWithBuffer:377 Link -102149_0_r too small: enlarge storage capacity from: 11.070597398075178 Vehicles to: 11.143899492514832 Vehicles.  This is not fatal, but modifies the traffic flow dynamics.
2021-07-26 06:57:32,340  WARN QueueWithBuffer:377 Link -102159_0 too small: enlarge storage capacity from: 2.9787211233193407 Vehicles to: 2.9984442230979407 Vehicles.  This is not fatal, but modifies the traffic flow dynamics.
2021-07-26 06:57:32,340  WARN QueueWithBuffer:380 Additional warnings of this type are suppressed.
2021-07-26 06:58:17,001  WARN DefaultTurnAcceptanceLogic:36 Cannot move vehicle 0 from link -104717_4_r to link -163759_3
2021-07-26 06:58:22,322  WARN DefaultTurnAcceptanceLogic:36 Cannot move vehicle 1 from link -160751_3_r to link -161653_5_r
2021-07-26 06:58:22,323  WARN DefaultTurnAcceptanceLogic:36 Cannot move vehicle 2 from link -157221_0_r to link -155631_11_r
2021-07-26 06:58:22,324  WARN DefaultTurnAcceptanceLogic:36 Cannot move vehicle 3 from link -111005_0 to link -117037_0
2021-07-26 06:58:22,325  WARN DefaultTurnAcceptanceLogic:36 Cannot move vehicle 4 from link -167469_9_r to link -159441_1_r
2021-07-26 06:58:22,327  WARN DefaultTurnAcceptanceLogic:36 Cannot move vehicle 5 from link -126425_0 to link -167897_5
2021-07-26 06:58:22,327  WARN DefaultTurnAcceptanceLogic:36 Cannot move vehicle 6 from link -102565_0 to link -159781_3_r
2021-07-26 06:58:22,328  WARN DefaultTurnAcceptanceLogic:36 Cannot move vehicle 7 from link -161787_7_r to link -160145_0
2021-07-26 06:58:22,329  WARN DefaultTurnAcceptanceLogic:36 Cannot move vehicle 8 from link -134957_3_r to link -115533_0_r
2021-07-26 06:58:22,330  WARN DefaultTurnAcceptanceLogic:36 Cannot move vehicle 9 from link -139339_0 to link -169081_5_r
2021-07-26 06:58:22,331  WARN DefaultTurnAcceptanceLogic:36 Cannot move vehicle 10 from link -130607_7 to link -159825_8
2021-07-26 06:58:22,331  WARN DefaultTurnAcceptanceLogic:36 Cannot move vehicle 11 from link -166817_3_r to link -117801_8
2021-07-26 06:58:22,331  WARN DefaultTurnAcceptanceLogic:36 Cannot move vehicle 12 from link -169121_27_r to link -129655_0
2021-07-26 06:58:22,332  WARN DefaultTurnAcceptanceLogic:36 Cannot move vehicle 13 from link -142825_0_r to link -151671_0
2021-07-26 06:58:22,332  WARN DefaultTurnAcceptanceLogic:36 Cannot move vehicle 14 from link -158803_0_r to link -114467_7
2021-07-26 06:58:22,333  WARN DefaultTurnAcceptanceLogic:36 Cannot move vehicle 15 from link -124919_0 to link -135983_0
2021-07-26 06:58:22,334  WARN DefaultTurnAcceptanceLogic:36 Cannot move vehicle 16 from link -169697_0 to link -164921_4_r
2021-07-26 06:58:22,334  WARN DefaultTurnAcceptanceLogic:36 Cannot move vehicle 17 from link -146345_0_r to link -161353_1
2021-07-26 06:58:22,335  WARN DefaultTurnAcceptanceLogic:36 Cannot move vehicle 18 from link -158353_4 to link -156637_0_r
2021-07-26 06:58:22,335  WARN DefaultTurnAcceptanceLogic:36 Cannot move vehicle 19 from link -142249_2 to link -128415_7
2021-07-26 06:58:22,336  WARN DefaultTurnAcceptanceLogic:36 Cannot move vehicle 20 from link -158131_5 to link -158549_4
2021-07-26 06:58:22,336  WARN DefaultTurnAcceptanceLogic:36 Cannot move vehicle 21 from link -131685_0_r to link -110835_1_r
2021-07-26 06:58:22,337  WARN DefaultTurnAcceptanceLogic:36 Cannot move vehicle 22 from link -118303_2 to link -134423_4
2021-07-26 06:58:22,337  WARN DefaultTurnAcceptanceLogic:36 Cannot move vehicle 23 from link -167261_3 to link -162149_0
2021-07-26 06:58:22,338  WARN DefaultTurnAcceptanceLogic:36 Cannot move vehicle 24 from link -165599_7 to link -108489_2
2021-07-26 06:58:22,338  WARN DefaultTurnAcceptanceLogic:36 Cannot move vehicle 25 from link -149637_0_r to link -169099_19_r
2021-07-26 06:58:22,339  WARN DefaultTurnAcceptanceLogic:36 Cannot move vehicle 26 from link -157711_3 to link -163735_0
2021-07-26 06:58:22,340  WARN DefaultTurnAcceptanceLogic:36 Cannot move vehicle 27 from link -156707_4 to link -117471_0
2021-07-26 06:58:22,341  WARN DefaultTurnAcceptanceLogic:36 Cannot move vehicle 28 from link -142637_15 to link -165359_0_r
2021-07-26 06:58:22,342  WARN DefaultTurnAcceptanceLogic:36 Cannot move vehicle 29 from link -166023_0 to link -153967_29_r
2021-07-26 06:58:25,929  WARN DefaultTurnAcceptanceLogic:36 Cannot move vehicle 0 from link -104717_4_r to link -163759_3
2021-07-26 06:58:25,930  WARN DefaultTurnAcceptanceLogic:36 Cannot move vehicle 1 from link -160751_3_r to link -161653_5_r
2021-07-26 06:58:25,930  WARN DefaultTurnAcceptanceLogic:36 Cannot move vehicle 2 from link -157221_0_r to link -155631_11_r
2021-07-26 06:58:25,931  WARN DefaultTurnAcceptanceLogic:36 Cannot move vehicle 3 from link -111005_0 to link -117037_0
2021-07-26 06:58:25,931  WARN DefaultTurnAcceptanceLogic:36 Cannot move vehicle 4 from link -167469_9_r to link -159441_1_r
2021-07-26 06:58:25,932  WARN DefaultTurnAcceptanceLogic:36 Cannot move vehicle 5 from link -126425_0 to link -167897_5
2021-07-26 06:58:25,932  WARN DefaultTurnAcceptanceLogic:36 Cannot move vehicle 6 from link -102565_0 to link -159781_3_r
2021-07-26 06:58:25,933  WARN DefaultTurnAcceptanceLogic:36 Cannot move vehicle 7 from link -161787_7_r to link -160145_0
2021-07-26 06:58:25,933  WARN DefaultTurnAcceptanceLogic:36 Cannot move vehicle 8 from link -134957_3_r to link -115533_0_r
2021-07-26 06:58:28,542  WARN DefaultTurnAcceptanceLogic:36 Cannot move vehicle 10 from link -130607_7 to link -159825_8
2021-07-26 06:58:28,542  WARN DefaultTurnAcceptanceLogic:36 Cannot move vehicle 11 from link -166817_3_r to link -117801_8
2021-07-26 06:58:28,543  WARN DefaultTurnAcceptanceLogic:36 Cannot move vehicle 12 from link -169121_27_r to link -129655_0
2021-07-26 06:58:28,544  WARN DefaultTurnAcceptanceLogic:36 Cannot move vehicle 14 from link -158803_0_r to link -114467_7
2021-07-26 06:58:28,545  WARN DefaultTurnAcceptanceLogic:36 Cannot move vehicle 15 from link -124919_0 to link -135983_0
2021-07-26 06:58:28,546  WARN DefaultTurnAcceptanceLogic:36 Cannot move vehicle 17 from link -146345_0_r to link -161353_1
2021-07-26 06:58:28,546  WARN DefaultTurnAcceptanceLogic:36 Cannot move vehicle 18 from link -158353_4 to link -156637_0_r
2021-07-26 06:58:28,547  WARN DefaultTurnAcceptanceLogic:36 Cannot move vehicle 19 from link -142249_2 to link -128415_7
2021-07-26 06:58:28,547  WARN DefaultTurnAcceptanceLogic:36 Cannot move vehicle 21 from link -131685_0_r to link -110835_1_r
2021-07-26 06:58:28,547  WARN DefaultTurnAcceptanceLogic:36 Cannot move vehicle 22 from link -118303_2 to link -134423_4
2021-07-26 06:58:28,548  WARN DefaultTurnAcceptanceLogic:36 Cannot move vehicle 24 from link -165599_7 to link -108489_2
2021-07-26 06:58:28,549  WARN DefaultTurnAcceptanceLogic:36 Cannot move vehicle 25 from link -149637_0_r to link -169099_19_r
2021-07-26 06:58:28,550  WARN DefaultTurnAcceptanceLogic:36 Cannot move vehicle 26 from link -157711_3 to link -163735_0
2021-07-26 06:58:28,551  WARN DefaultTurnAcceptanceLogic:36 Cannot move vehicle 27 from link -156707_4 to link -117471_0
2021-07-26 06:58:32,200  WARN DefaultTurnAcceptanceLogic:36 Cannot move vehicle 0 from link -104717_4_r to link -163759_3
2021-07-26 06:58:32,200  WARN DefaultTurnAcceptanceLogic:36 Cannot move vehicle 1 from link -160751_3_r to link -161653_5_r
2021-07-26 06:58:32,201  WARN DefaultTurnAcceptanceLogic:36 Cannot move vehicle 3 from link -111005_0 to link -117037_0
2021-07-26 06:58:32,202  WARN DefaultTurnAcceptanceLogic:36 Cannot move vehicle 4 from link -167469_9_r to link -159441_1_r
2021-07-26 06:58:32,202  WARN DefaultTurnAcceptanceLogic:36 Cannot move vehicle 5 from link -126425_0 to link -167897_5
2021-07-26 06:58:32,202  WARN DefaultTurnAcceptanceLogic:36 Cannot move vehicle 6 from link -102565_0 to link -159781_3_r
2021-07-26 06:58:32,203  WARN DefaultTurnAcceptanceLogic:36 Cannot move vehicle 7 from link -161787_7_r to link -160145_0
2021-07-26 06:58:32,203  WARN DefaultTurnAcceptanceLogic:36 Cannot move vehicle 8 from link -134957_3_r to link -115533_0_r
2021-07-26 06:58:32,203  WARN DefaultTurnAcceptanceLogic:36 Cannot move vehicle 10 from link -130607_7 to link -159825_8
2021-07-26 06:58:32,203  WARN DefaultTurnAcceptanceLogic:36 Cannot move vehicle 11 from link -166817_3_r to link -117801_8
2021-07-26 06:58:32,204  WARN DefaultTurnAcceptanceLogic:36 Cannot move vehicle 12 from link -169121_27_r to link -129655_0
2021-07-26 06:58:32,204  WARN DefaultTurnAcceptanceLogic:36 Cannot move vehicle 14 from link -158803_0_r to link -114467_7
2021-07-26 06:58:32,205  WARN DefaultTurnAcceptanceLogic:36 Cannot move vehicle 15 from link -124919_0 to link -135983_0
2021-07-26 06:58:32,205  WARN DefaultTurnAcceptanceLogic:36 Cannot move vehicle 17 from link -146345_0_r to link -161353_1
2021-07-26 06:58:32,205  WARN DefaultTurnAcceptanceLogic:36 Cannot move vehicle 19 from link -142249_2 to link -128415_7
2021-07-26 06:58:32,206  WARN DefaultTurnAcceptanceLogic:36 Cannot move vehicle 21 from link -131685_0_r to link -110835_1_r
2021-07-26 06:58:32,206  WARN DefaultTurnAcceptanceLogic:36 Cannot move vehicle 22 from link -118303_2 to link -134423_4
2021-07-26 06:58:32,206  WARN DefaultTurnAcceptanceLogic:36 Cannot move vehicle 24 from link -165599_7 to link -108489_2
2021-07-26 06:58:32,207  WARN DefaultTurnAcceptanceLogic:36 Cannot move vehicle 25 from link -149637_0_r to link -169099_19_r
2021-07-26 06:58:32,207  WARN DefaultTurnAcceptanceLogic:36 Cannot move vehicle 26 from link -157711_3 to link -163735_0
2021-07-26 06:58:32,208  WARN DefaultTurnAcceptanceLogic:36 Cannot move vehicle 27 from link -156707_4 to link -117471_0
2021-07-26 06:58:35,180  WARN DefaultTurnAcceptanceLogic:36 Cannot move vehicle 0 from link -104717_4_r to link -163759_3
2021-07-26 06:58:35,180  WARN DefaultTurnAcceptanceLogic:36 Cannot move vehicle 1 from link -160751_3_r to link -161653_5_r
2021-07-26 06:58:35,181  WARN DefaultTurnAcceptanceLogic:36 Cannot move vehicle 3 from link -111005_0 to link -117037_0
2021-07-26 06:58:35,181  WARN DefaultTurnAcceptanceLogic:36 Cannot move vehicle 4 from link -167469_9_r to link -159441_1_r
2021-07-26 06:58:35,181  WARN DefaultTurnAcceptanceLogic:36 Cannot move vehicle 6 from link -102565_0 to link -159781_3_r
2021-07-26 06:58:35,182  WARN DefaultTurnAcceptanceLogic:36 Cannot move vehicle 7 from link -161787_7_r to link -160145_0
2021-07-26 06:58:35,182  WARN DefaultTurnAcceptanceLogic:36 Cannot move vehicle 8 from link -134957_3_r to link -115533_0_r
2021-07-26 06:58:35,182  WARN DefaultTurnAcceptanceLogic:36 Cannot move vehicle 10 from link -130607_7 to link -159825_8
2021-07-26 06:58:35,182  WARN DefaultTurnAcceptanceLogic:36 Cannot move vehicle 11 from link -166817_3_r to link -117801_8
2021-07-26 06:58:35,183  WARN DefaultTurnAcceptanceLogic:36 Cannot move vehicle 12 from link -169121_27_r to link -129655_0
2021-07-26 06:58:35,183  WARN DefaultTurnAcceptanceLogic:36 Cannot move vehicle 14 from link -158803_0_r to link -114467_7
2021-07-26 06:58:35,183  WARN DefaultTurnAcceptanceLogic:36 Cannot move vehicle 15 from link -124919_0 to link -135983_0
2021-07-26 06:58:35,184  WARN DefaultTurnAcceptanceLogic:36 Cannot move vehicle 17 from link -146345_0_r to link -161353_1
2021-07-26 06:58:35,184  WARN DefaultTurnAcceptanceLogic:36 Cannot move vehicle 19 from link -142249_2 to link -128415_7
2021-07-26 06:58:35,184  WARN DefaultTurnAcceptanceLogic:36 Cannot move vehicle 21 from link -131685_0_r to link -110835_1_r
2021-07-26 06:58:35,184  WARN DefaultTurnAcceptanceLogic:36 Cannot move vehicle 22 from link -118303_2 to link -134423_4
2021-07-26 06:58:35,185  WARN DefaultTurnAcceptanceLogic:36 Cannot move vehicle 24 from link -165599_7 to link -108489_2
2021-07-26 06:58:35,185  WARN DefaultTurnAcceptanceLogic:36 Cannot move vehicle 25 from link -149637_0_r to link -169099_19_r
2021-07-26 06:58:35,185  WARN DefaultTurnAcceptanceLogic:36 Cannot move vehicle 26 from link -157711_3 to link -163735_0
2021-07-26 06:58:35,186  WARN DefaultTurnAcceptanceLogic:36 Cannot move vehicle 27 from link -156707_4 to link -117471_0
2021-07-26 06:58:37,732  WARN DefaultTurnAcceptanceLogic:36 Cannot move vehicle 0 from link -104717_4_r to link -163759_3
2021-07-26 06:58:37,733  WARN DefaultTurnAcceptanceLogic:36 Cannot move vehicle 1 from link -160751_3_r to link -161653_5_r
2021-07-26 06:58:37,733  WARN DefaultTurnAcceptanceLogic:36 Cannot move vehicle 3 from link -111005_0 to link -117037_0
2021-07-26 06:58:37,734  WARN DefaultTurnAcceptanceLogic:36 Cannot move vehicle 6 from link -102565_0 to link -159781_3_r
2021-07-26 06:58:37,734  WARN DefaultTurnAcceptanceLogic:36 Cannot move vehicle 7 from link -161787_7_r to link -160145_0
2021-07-26 06:58:37,735  WARN DefaultTurnAcceptanceLogic:36 Cannot move vehicle 8 from link -134957_3_r to link -115533_0_r
2021-07-26 06:58:37,735  WARN DefaultTurnAcceptanceLogic:36 Cannot move vehicle 10 from link -130607_7 to link -159825_8
2021-07-26 06:58:37,735  WARN DefaultTurnAcceptanceLogic:36 Cannot move vehicle 11 from link -166817_3_r to link -117801_8
2021-07-26 06:58:37,735  WARN DefaultTurnAcceptanceLogic:36 Cannot move vehicle 12 from link -169121_27_r to link -129655_0
2021-07-26 06:58:37,736  WARN DefaultTurnAcceptanceLogic:36 Cannot move vehicle 14 from link -158803_0_r to link -114467_7
2021-07-26 06:58:37,736  WARN DefaultTurnAcceptanceLogic:36 Cannot move vehicle 15 from link -124919_0 to link -135983_0
2021-07-26 06:58:37,737  WARN DefaultTurnAcceptanceLogic:36 Cannot move vehicle 17 from link -146345_0_r to link -161353_1
2021-07-26 06:58:37,737  WARN DefaultTurnAcceptanceLogic:36 Cannot move vehicle 19 from link -142249_2 to link -128415_7
2021-07-26 06:58:37,738  WARN DefaultTurnAcceptanceLogic:36 Cannot move vehicle 21 from link -131685_0_r to link -110835_1_r
2021-07-26 06:58:37,738  WARN DefaultTurnAcceptanceLogic:36 Cannot move vehicle 22 from link -118303_2 to link -134423_4
2021-07-26 06:58:37,738  WARN DefaultTurnAcceptanceLogic:36 Cannot move vehicle 24 from link -165599_7 to link -108489_2
2021-07-26 06:58:37,738  WARN DefaultTurnAcceptanceLogic:36 Cannot move vehicle 25 from link -149637_0_r to link -169099_19_r
2021-07-26 06:58:37,739  WARN DefaultTurnAcceptanceLogic:36 Cannot move vehicle 27 from link -156707_4 to link -117471_0
2021-07-26 06:58:40,286  WARN DefaultTurnAcceptanceLogic:36 Cannot move vehicle 1 from link -160751_3_r to link -161653_5_r
2021-07-26 06:58:40,287  WARN DefaultTurnAcceptanceLogic:36 Cannot move vehicle 3 from link -111005_0 to link -117037_0
2021-07-26 06:58:40,287  WARN DefaultTurnAcceptanceLogic:36 Cannot move vehicle 6 from link -102565_0 to link -159781_3_r
2021-07-26 06:58:40,287  WARN DefaultTurnAcceptanceLogic:36 Cannot move vehicle 7 from link -161787_7_r to link -160145_0
2021-07-26 06:58:40,288  WARN DefaultTurnAcceptanceLogic:36 Cannot move vehicle 8 from link -134957_3_r to link -115533_0_r
2021-07-26 06:58:40,288  WARN DefaultTurnAcceptanceLogic:36 Cannot move vehicle 10 from link -130607_7 to link -159825_8
2021-07-26 06:58:40,288  WARN DefaultTurnAcceptanceLogic:36 Cannot move vehicle 11 from link -166817_3_r to link -117801_8
2021-07-26 06:58:40,289  WARN DefaultTurnAcceptanceLogic:36 Cannot move vehicle 14 from link -158803_0_r to link -114467_7
2021-07-26 06:58:40,289  WARN DefaultTurnAcceptanceLogic:36 Cannot move vehicle 15 from link -124919_0 to link -135983_0
2021-07-26 06:58:40,289  WARN DefaultTurnAcceptanceLogic:36 Cannot move vehicle 17 from link -146345_0_r to link -161353_1
2021-07-26 06:58:40,290  WARN DefaultTurnAcceptanceLogic:36 Cannot move vehicle 19 from link -142249_2 to link -128415_7
2021-07-26 06:58:40,290  WARN DefaultTurnAcceptanceLogic:36 Cannot move vehicle 21 from link -131685_0_r to link -110835_1_r
2021-07-26 06:58:40,291  WARN DefaultTurnAcceptanceLogic:36 Cannot move vehicle 22 from link -118303_2 to link -134423_4
2021-07-26 06:58:40,291  WARN DefaultTurnAcceptanceLogic:36 Cannot move vehicle 24 from link -165599_7 to link -108489_2
2021-07-26 06:58:40,292  WARN DefaultTurnAcceptanceLogic:36 Cannot move vehicle 25 from link -149637_0_r to link -169099_19_r
2021-07-26 06:58:40,292  WARN DefaultTurnAcceptanceLogic:36 Cannot move vehicle 27 from link -156707_4 to link -117471_0
2021-07-26 06:58:43,315  WARN DefaultTurnAcceptanceLogic:36 Cannot move vehicle 1 from link -160751_3_r to link -161653_5_r
2021-07-26 06:58:43,316  WARN DefaultTurnAcceptanceLogic:36 Cannot move vehicle 3 from link -111005_0 to link -117037_0
2021-07-26 06:58:43,316  WARN DefaultTurnAcceptanceLogic:36 Cannot move vehicle 6 from link -102565_0 to link -159781_3_r
2021-07-26 06:58:43,317  WARN DefaultTurnAcceptanceLogic:36 Cannot move vehicle 7 from link -161787_7_r to link -160145_0
2021-07-26 06:58:43,317  WARN DefaultTurnAcceptanceLogic:36 Cannot move vehicle 8 from link -134957_3_r to link -115533_0_r
2021-07-26 06:58:43,317  WARN DefaultTurnAcceptanceLogic:36 Cannot move vehicle 10 from link -130607_7 to link -159825_8
2021-07-26 06:58:43,317  WARN DefaultTurnAcceptanceLogic:36 Cannot move vehicle 11 from link -166817_3_r to link -117801_8
2021-07-26 06:58:43,318  WARN DefaultTurnAcceptanceLogic:36 Cannot move vehicle 15 from link -124919_0 to link -135983_0
2021-07-26 06:58:43,318  WARN DefaultTurnAcceptanceLogic:36 Cannot move vehicle 17 from link -146345_0_r to link -161353_1
2021-07-26 06:58:43,319  WARN DefaultTurnAcceptanceLogic:36 Cannot move vehicle 19 from link -142249_2 to link -128415_7
2021-07-26 06:58:43,319  WARN DefaultTurnAcceptanceLogic:36 Cannot move vehicle 21 from link -131685_0_r to link -110835_1_r
2021-07-26 06:58:43,319  WARN DefaultTurnAcceptanceLogic:36 Cannot move vehicle 22 from link -118303_2 to link -134423_4
2021-07-26 06:58:43,320  WARN DefaultTurnAcceptanceLogic:36 Cannot move vehicle 24 from link -165599_7 to link -108489_2
2021-07-26 06:58:43,320  WARN DefaultTurnAcceptanceLogic:36 Cannot move vehicle 25 from link -149637_0_r to link -169099_19_r
2021-07-26 06:58:43,320  WARN DefaultTurnAcceptanceLogic:36 Cannot move vehicle 27 from link -156707_4 to link -117471_0
2021-07-26 06:58:46,790  WARN DefaultTurnAcceptanceLogic:36 Cannot move vehicle 1 from link -160751_3_r to link -161653_5_r
2021-07-26 06:58:46,790  WARN DefaultTurnAcceptanceLogic:36 Cannot move vehicle 3 from link -111005_0 to link -117037_0
2021-07-26 06:58:46,791  WARN DefaultTurnAcceptanceLogic:36 Cannot move vehicle 6 from link -102565_0 to link -159781_3_r
2021-07-26 06:58:46,791  WARN DefaultTurnAcceptanceLogic:36 Cannot move vehicle 7 from link -161787_7_r to link -160145_0
2021-07-26 06:58:46,791  WARN DefaultTurnAcceptanceLogic:36 Cannot move vehicle 8 from link -134957_3_r to link -115533_0_r
2021-07-26 06:58:46,791  WARN DefaultTurnAcceptanceLogic:36 Cannot move vehicle 10 from link -130607_7 to link -159825_8
2021-07-26 06:58:46,791  WARN DefaultTurnAcceptanceLogic:36 Cannot move vehicle 11 from link -166817_3_r to link -117801_8
2021-07-26 06:58:46,792  WARN DefaultTurnAcceptanceLogic:36 Cannot move vehicle 15 from link -124919_0 to link -135983_0
2021-07-26 06:58:46,792  WARN DefaultTurnAcceptanceLogic:36 Cannot move vehicle 17 from link -146345_0_r to link -161353_1
2021-07-26 06:58:46,793  WARN DefaultTurnAcceptanceLogic:36 Cannot move vehicle 19 from link -142249_2 to link -128415_7
2021-07-26 06:58:46,793  WARN DefaultTurnAcceptanceLogic:36 Cannot move vehicle 21 from link -131685_0_r to link -110835_1_r
2021-07-26 06:58:46,793  WARN DefaultTurnAcceptanceLogic:36 Cannot move vehicle 22 from link -118303_2 to link -134423_4
2021-07-26 06:58:46,793  WARN DefaultTurnAcceptanceLogic:36 Cannot move vehicle 25 from link -149637_0_r to link -169099_19_r
2021-07-26 06:58:46,794  WARN DefaultTurnAcceptanceLogic:36 Cannot move vehicle 27 from link -156707_4 to link -117471_0
2021-07-26 06:58:50,009  WARN DefaultTurnAcceptanceLogic:36 Cannot move vehicle 1 from link -160751_3_r to link -161653_5_r
2021-07-26 06:58:50,009  WARN DefaultTurnAcceptanceLogic:36 Cannot move vehicle 3 from link -111005_0 to link -117037_0
2021-07-26 06:58:50,010  WARN DefaultTurnAcceptanceLogic:36 Cannot move vehicle 6 from link -102565_0 to link -159781_3_r
2021-07-26 06:58:50,010  WARN DefaultTurnAcceptanceLogic:36 Cannot move vehicle 7 from link -161787_7_r to link -160145_0
2021-07-26 06:58:50,010  WARN DefaultTurnAcceptanceLogic:36 Cannot move vehicle 8 from link -134957_3_r to link -115533_0_r
2021-07-26 06:58:50,010  WARN DefaultTurnAcceptanceLogic:36 Cannot move vehicle 11 from link -166817_3_r to link -117801_8
2021-07-26 06:58:50,011  WARN DefaultTurnAcceptanceLogic:36 Cannot move vehicle 15 from link -124919_0 to link -135983_0
2021-07-26 06:58:50,011  WARN DefaultTurnAcceptanceLogic:36 Cannot move vehicle 17 from link -146345_0_r to link -161353_1
2021-07-26 06:58:50,012  WARN DefaultTurnAcceptanceLogic:36 Cannot move vehicle 21 from link -131685_0_r to link -110835_1_r
2021-07-26 06:58:50,012  WARN DefaultTurnAcceptanceLogic:36 Cannot move vehicle 22 from link -118303_2 to link -134423_4
2021-07-26 06:58:50,012  WARN DefaultTurnAcceptanceLogic:36 Cannot move vehicle 25 from link -149637_0_r to link -169099_19_r
2021-07-26 06:58:50,013  WARN DefaultTurnAcceptanceLogic:36 Cannot move vehicle 27 from link -156707_4 to link -117471_0
2021-07-26 06:58:53,942  WARN DefaultTurnAcceptanceLogic:36 Cannot move vehicle 1 from link -160751_3_r to link -161653_5_r
2021-07-26 06:58:53,942  WARN DefaultTurnAcceptanceLogic:36 Cannot move vehicle 3 from link -111005_0 to link -117037_0
2021-07-26 06:58:53,942  WARN DefaultTurnAcceptanceLogic:36 Cannot move vehicle 6 from link -102565_0 to link -159781_3_r
2021-07-26 06:58:53,943  WARN DefaultTurnAcceptanceLogic:36 Cannot move vehicle 7 from link -161787_7_r to link -160145_0
2021-07-26 06:58:53,943  WARN DefaultTurnAcceptanceLogic:36 Cannot move vehicle 8 from link -134957_3_r to link -115533_0_r
2021-07-26 06:58:53,943  WARN DefaultTurnAcceptanceLogic:36 Cannot move vehicle 11 from link -166817_3_r to link -117801_8
2021-07-26 06:58:53,944  WARN DefaultTurnAcceptanceLogic:36 Cannot move vehicle 15 from link -124919_0 to link -135983_0
2021-07-26 06:58:53,944  WARN DefaultTurnAcceptanceLogic:36 Cannot move vehicle 17 from link -146345_0_r to link -161353_1
2021-07-26 06:58:53,945  WARN DefaultTurnAcceptanceLogic:36 Cannot move vehicle 21 from link -131685_0_r to link -110835_1_r
2021-07-26 06:58:53,945  WARN DefaultTurnAcceptanceLogic:36 Cannot move vehicle 22 from link -118303_2 to link -134423_4
2021-07-26 06:58:53,945  WARN DefaultTurnAcceptanceLogic:36 Cannot move vehicle 25 from link -149637_0_r to link -169099_19_r
2021-07-26 06:58:53,946  WARN DefaultTurnAcceptanceLogic:36 Cannot move vehicle 27 from link -156707_4 to link -117471_0
2021-07-26 06:58:56,861  WARN DefaultTurnAcceptanceLogic:36 Cannot move vehicle 1 from link -160751_3_r to link -161653_5_r
2021-07-26 06:58:56,861  WARN DefaultTurnAcceptanceLogic:36 Cannot move vehicle 3 from link -111005_0 to link -117037_0
2021-07-26 06:58:56,862  WARN DefaultTurnAcceptanceLogic:36 Cannot move vehicle 6 from link -102565_0 to link -159781_3_r
2021-07-26 06:58:56,862  WARN DefaultTurnAcceptanceLogic:36 Cannot move vehicle 7 from link -161787_7_r to link -160145_0
2021-07-26 06:58:56,862  WARN DefaultTurnAcceptanceLogic:36 Cannot move vehicle 8 from link -134957_3_r to link -115533_0_r
2021-07-26 06:58:56,862  WARN DefaultTurnAcceptanceLogic:36 Cannot move vehicle 11 from link -166817_3_r to link -117801_8
2021-07-26 06:58:56,863  WARN DefaultTurnAcceptanceLogic:36 Cannot move vehicle 15 from link -124919_0 to link -135983_0
2021-07-26 06:58:56,863  WARN DefaultTurnAcceptanceLogic:36 Cannot move vehicle 17 from link -146345_0_r to link -161353_1
2021-07-26 06:58:56,864  WARN DefaultTurnAcceptanceLogic:36 Cannot move vehicle 21 from link -131685_0_r to link -110835_1_r
2021-07-26 06:58:56,864  WARN DefaultTurnAcceptanceLogic:36 Cannot move vehicle 22 from link -118303_2 to link -134423_4
2021-07-26 06:58:56,864  WARN DefaultTurnAcceptanceLogic:36 Cannot move vehicle 25 from link -149637_0_r to link -169099_19_r
2021-07-26 06:58:56,865  WARN DefaultTurnAcceptanceLogic:36 Cannot move vehicle 27 from link -156707_4 to link -117471_0
2021-07-26 06:59:10,622  WARN DefaultTurnAcceptanceLogic:36 Cannot move vehicle 1 from link -160751_3_r to link -161653_5_r
2021-07-26 06:59:10,623  WARN DefaultTurnAcceptanceLogic:36 Cannot move vehicle 3 from link -111005_0 to link -117037_0
2021-07-26 06:59:10,623  WARN DefaultTurnAcceptanceLogic:36 Cannot move vehicle 6 from link -102565_0 to link -159781_3_r
2021-07-26 06:59:10,624  WARN DefaultTurnAcceptanceLogic:36 Cannot move vehicle 7 from link -161787_7_r to link -160145_0
2021-07-26 06:59:10,624  WARN DefaultTurnAcceptanceLogic:36 Cannot move vehicle 8 from link -134957_3_r to link -115533_0_r
2021-07-26 06:59:10,625  WARN DefaultTurnAcceptanceLogic:36 Cannot move vehicle 11 from link -166817_3_r to link -117801_8
2021-07-26 06:59:10,625  WARN DefaultTurnAcceptanceLogic:36 Cannot move vehicle 15 from link -124919_0 to link -135983_0
2021-07-26 06:59:10,626  WARN DefaultTurnAcceptanceLogic:36 Cannot move vehicle 17 from link -146345_0_r to link -161353_1
2021-07-26 06:59:10,626  WARN DefaultTurnAcceptanceLogic:36 Cannot move vehicle 21 from link -131685_0_r to link -110835_1_r
2021-07-26 06:59:10,626  WARN DefaultTurnAcceptanceLogic:36 Cannot move vehicle 22 from link -118303_2 to link -134423_4
2021-07-26 06:59:10,627  WARN DefaultTurnAcceptanceLogic:36 Cannot move vehicle 25 from link -149637_0_r to link -169099_19_r
2021-07-26 06:59:10,627  WARN DefaultTurnAcceptanceLogic:36 Cannot move vehicle 27 from link -156707_4 to link -117471_0
2021-07-26 06:59:13,216  WARN DefaultTurnAcceptanceLogic:36 Cannot move vehicle 1 from link -160751_3_r to link -161653_5_r
2021-07-26 06:59:13,217  WARN DefaultTurnAcceptanceLogic:36 Cannot move vehicle 3 from link -111005_0 to link -117037_0
2021-07-26 06:59:13,218  WARN DefaultTurnAcceptanceLogic:36 Cannot move vehicle 6 from link -102565_0 to link -159781_3_r
2021-07-26 06:59:13,218  WARN DefaultTurnAcceptanceLogic:36 Cannot move vehicle 7 from link -161787_7_r to link -160145_0
2021-07-26 06:59:13,219  WARN DefaultTurnAcceptanceLogic:36 Cannot move vehicle 8 from link -134957_3_r to link -115533_0_r
2021-07-26 06:59:13,219  WARN DefaultTurnAcceptanceLogic:36 Cannot move vehicle 11 from link -166817_3_r to link -117801_8
2021-07-26 06:59:13,220  WARN DefaultTurnAcceptanceLogic:36 Cannot move vehicle 15 from link -124919_0 to link -135983_0
2021-07-26 06:59:13,220  WARN DefaultTurnAcceptanceLogic:36 Cannot move vehicle 17 from link -146345_0_r to link -161353_1
2021-07-26 06:59:13,221  WARN DefaultTurnAcceptanceLogic:36 Cannot move vehicle 21 from link -131685_0_r to link -110835_1_r
2021-07-26 06:59:13,221  WARN DefaultTurnAcceptanceLogic:36 Cannot move vehicle 22 from link -118303_2 to link -134423_4
2021-07-26 06:59:13,222  WARN DefaultTurnAcceptanceLogic:36 Cannot move vehicle 25 from link -149637_0_r to link -169099_19_r
2021-07-26 06:59:13,222  WARN DefaultTurnAcceptanceLogic:36 Cannot move vehicle 27 from link -156707_4 to link -117471_0
2021-07-26 06:59:15,906  WARN DefaultTurnAcceptanceLogic:36 Cannot move vehicle 1 from link -160751_3_r to link -161653_5_r
2021-07-26 06:59:15,906  WARN DefaultTurnAcceptanceLogic:36 Cannot move vehicle 3 from link -111005_0 to link -117037_0
2021-07-26 06:59:15,907  WARN DefaultTurnAcceptanceLogic:36 Cannot move vehicle 6 from link -102565_0 to link -159781_3_r
2021-07-26 06:59:15,908  WARN DefaultTurnAcceptanceLogic:36 Cannot move vehicle 7 from link -161787_7_r to link -160145_0
2021-07-26 06:59:15,908  WARN DefaultTurnAcceptanceLogic:36 Cannot move vehicle 8 from link -134957_3_r to link -115533_0_r
2021-07-26 06:59:15,908  WARN DefaultTurnAcceptanceLogic:36 Cannot move vehicle 11 from link -166817_3_r to link -117801_8
2021-07-26 06:59:15,909  WARN DefaultTurnAcceptanceLogic:36 Cannot move vehicle 15 from link -124919_0 to link -135983_0
2021-07-26 06:59:15,909  WARN DefaultTurnAcceptanceLogic:36 Cannot move vehicle 17 from link -146345_0_r to link -161353_1
2021-07-26 06:59:15,910  WARN DefaultTurnAcceptanceLogic:36 Cannot move vehicle 21 from link -131685_0_r to link -110835_1_r
2021-07-26 06:59:15,910  WARN DefaultTurnAcceptanceLogic:36 Cannot move vehicle 22 from link -118303_2 to link -134423_4
2021-07-26 06:59:15,911  WARN DefaultTurnAcceptanceLogic:36 Cannot move vehicle 25 from link -149637_0_r to link -169099_19_r
2021-07-26 06:59:15,911  WARN DefaultTurnAcceptanceLogic:36 Cannot move vehicle 27 from link -156707_4 to link -117471_0
2021-07-26 06:59:18,100  WARN DefaultTurnAcceptanceLogic:36 Cannot move vehicle 1 from link -160751_3_r to link -161653_5_r
2021-07-26 06:59:18,100  WARN DefaultTurnAcceptanceLogic:36 Cannot move vehicle 3 from link -111005_0 to link -117037_0
2021-07-26 06:59:18,101  WARN DefaultTurnAcceptanceLogic:36 Cannot move vehicle 6 from link -102565_0 to link -159781_3_r
2021-07-26 06:59:18,102  WARN DefaultTurnAcceptanceLogic:36 Cannot move vehicle 8 from link -134957_3_r to link -115533_0_r
2021-07-26 06:59:18,102  WARN DefaultTurnAcceptanceLogic:36 Cannot move vehicle 11 from link -166817_3_r to link -117801_8
2021-07-26 06:59:18,102  WARN DefaultTurnAcceptanceLogic:36 Cannot move vehicle 15 from link -124919_0 to link -135983_0
2021-07-26 06:59:18,103  WARN DefaultTurnAcceptanceLogic:36 Cannot move vehicle 17 from link -146345_0_r to link -161353_1
2021-07-26 06:59:18,103  WARN DefaultTurnAcceptanceLogic:36 Cannot move vehicle 21 from link -131685_0_r to link -110835_1_r
2021-07-26 06:59:18,103  WARN DefaultTurnAcceptanceLogic:36 Cannot move vehicle 22 from link -118303_2 to link -134423_4
2021-07-26 06:59:18,104  WARN DefaultTurnAcceptanceLogic:36 Cannot move vehicle 25 from link -149637_0_r to link -169099_19_r
2021-07-26 06:59:18,104  WARN DefaultTurnAcceptanceLogic:36 Cannot move vehicle 27 from link -156707_4 to link -117471_0
2021-07-26 06:59:20,718  WARN DefaultTurnAcceptanceLogic:36 Cannot move vehicle 1 from link -160751_3_r to link -161653_5_r
2021-07-26 06:59:20,718  WARN DefaultTurnAcceptanceLogic:36 Cannot move vehicle 3 from link -111005_0 to link -117037_0
2021-07-26 06:59:20,719  WARN DefaultTurnAcceptanceLogic:36 Cannot move vehicle 6 from link -102565_0 to link -159781_3_r
2021-07-26 06:59:20,720  WARN DefaultTurnAcceptanceLogic:36 Cannot move vehicle 8 from link -134957_3_r to link -115533_0_r
2021-07-26 06:59:20,720  WARN DefaultTurnAcceptanceLogic:36 Cannot move vehicle 11 from link -166817_3_r to link -117801_8
2021-07-26 06:59:20,720  WARN DefaultTurnAcceptanceLogic:36 Cannot move vehicle 15 from link -124919_0 to link -135983_0
2021-07-26 06:59:20,721  WARN DefaultTurnAcceptanceLogic:36 Cannot move vehicle 21 from link -131685_0_r to link -110835_1_r
2021-07-26 06:59:20,722  WARN DefaultTurnAcceptanceLogic:36 Cannot move vehicle 22 from link -118303_2 to link -134423_4
2021-07-26 06:59:20,722  WARN DefaultTurnAcceptanceLogic:36 Cannot move vehicle 25 from link -149637_0_r to link -169099_19_r
2021-07-26 06:59:24,058  WARN DefaultTurnAcceptanceLogic:36 Cannot move vehicle 1 from link -160751_3_r to link -161653_5_r
2021-07-26 06:59:24,059  WARN DefaultTurnAcceptanceLogic:36 Cannot move vehicle 3 from link -111005_0 to link -117037_0
2021-07-26 06:59:24,060  WARN DefaultTurnAcceptanceLogic:36 Cannot move vehicle 6 from link -102565_0 to link -159781_3_r
2021-07-26 06:59:24,061  WARN DefaultTurnAcceptanceLogic:36 Cannot move vehicle 8 from link -134957_3_r to link -115533_0_r
2021-07-26 06:59:24,062  WARN DefaultTurnAcceptanceLogic:36 Cannot move vehicle 15 from link -124919_0 to link -135983_0
2021-07-26 06:59:24,063  WARN DefaultTurnAcceptanceLogic:36 Cannot move vehicle 21 from link -131685_0_r to link -110835_1_r
2021-07-26 06:59:24,063  WARN DefaultTurnAcceptanceLogic:36 Cannot move vehicle 22 from link -118303_2 to link -134423_4
2021-07-26 06:59:24,063  WARN DefaultTurnAcceptanceLogic:36 Cannot move vehicle 25 from link -149637_0_r to link -169099_19_r
2021-07-26 06:59:26,745  WARN DefaultTurnAcceptanceLogic:36 Cannot move vehicle 1 from link -160751_3_r to link -161653_5_r
2021-07-26 06:59:26,746  WARN DefaultTurnAcceptanceLogic:36 Cannot move vehicle 3 from link -111005_0 to link -117037_0
2021-07-26 06:59:26,746  WARN DefaultTurnAcceptanceLogic:36 Cannot move vehicle 6 from link -102565_0 to link -159781_3_r
2021-07-26 06:59:26,747  WARN DefaultTurnAcceptanceLogic:36 Cannot move vehicle 8 from link -134957_3_r to link -115533_0_r
2021-07-26 06:59:26,748  WARN DefaultTurnAcceptanceLogic:36 Cannot move vehicle 15 from link -124919_0 to link -135983_0
2021-07-26 06:59:26,749  WARN DefaultTurnAcceptanceLogic:36 Cannot move vehicle 22 from link -118303_2 to link -134423_4
2021-07-26 06:59:26,749  WARN DefaultTurnAcceptanceLogic:36 Cannot move vehicle 25 from link -149637_0_r to link -169099_19_r
2021-07-26 06:59:30,189  WARN DefaultTurnAcceptanceLogic:36 Cannot move vehicle 1 from link -160751_3_r to link -161653_5_r
2021-07-26 06:59:30,190  WARN DefaultTurnAcceptanceLogic:36 Cannot move vehicle 3 from link -111005_0 to link -117037_0
2021-07-26 06:59:30,191  WARN DefaultTurnAcceptanceLogic:36 Cannot move vehicle 6 from link -102565_0 to link -159781_3_r
2021-07-26 06:59:30,191  WARN DefaultTurnAcceptanceLogic:36 Cannot move vehicle 8 from link -134957_3_r to link -115533_0_r
2021-07-26 06:59:30,193  WARN DefaultTurnAcceptanceLogic:36 Cannot move vehicle 22 from link -118303_2 to link -134423_4
2021-07-26 06:59:30,193  WARN DefaultTurnAcceptanceLogic:36 Cannot move vehicle 25 from link -149637_0_r to link -169099_19_r
2021-07-26 06:59:32,778  WARN DefaultTurnAcceptanceLogic:36 Cannot move vehicle 1 from link -160751_3_r to link -161653_5_r
2021-07-26 06:59:32,779  WARN DefaultTurnAcceptanceLogic:36 Cannot move vehicle 3 from link -111005_0 to link -117037_0
2021-07-26 06:59:32,779  WARN DefaultTurnAcceptanceLogic:36 Cannot move vehicle 6 from link -102565_0 to link -159781_3_r
2021-07-26 06:59:32,780  WARN DefaultTurnAcceptanceLogic:36 Cannot move vehicle 8 from link -134957_3_r to link -115533_0_r
2021-07-26 06:59:32,781  WARN DefaultTurnAcceptanceLogic:36 Cannot move vehicle 22 from link -118303_2 to link -134423_4
2021-07-26 06:59:35,804  WARN DefaultTurnAcceptanceLogic:36 Cannot move vehicle 1 from link -160751_3_r to link -161653_5_r
2021-07-26 06:59:35,805  WARN DefaultTurnAcceptanceLogic:36 Cannot move vehicle 3 from link -111005_0 to link -117037_0
2021-07-26 06:59:35,805  WARN DefaultTurnAcceptanceLogic:36 Cannot move vehicle 6 from link -102565_0 to link -159781_3_r
2021-07-26 06:59:35,805  WARN DefaultTurnAcceptanceLogic:36 Cannot move vehicle 8 from link -134957_3_r to link -115533_0_r
2021-07-26 06:59:35,807  WARN DefaultTurnAcceptanceLogic:36 Cannot move vehicle 22 from link -118303_2 to link -134423_4
2021-07-26 06:59:47,620  WARN DefaultTurnAcceptanceLogic:36 Cannot move vehicle 1 from link -160751_3_r to link -161653_5_r
2021-07-26 06:59:47,621  WARN DefaultTurnAcceptanceLogic:36 Cannot move vehicle 3 from link -111005_0 to link -117037_0
2021-07-26 06:59:47,621  WARN DefaultTurnAcceptanceLogic:36 Cannot move vehicle 6 from link -102565_0 to link -159781_3_r
2021-07-26 06:59:47,622  WARN DefaultTurnAcceptanceLogic:36 Cannot move vehicle 8 from link -134957_3_r to link -115533_0_r
2021-07-26 06:59:47,623  WARN DefaultTurnAcceptanceLogic:36 Cannot move vehicle 22 from link -118303_2 to link -134423_4
2021-07-26 06:59:51,298  WARN DefaultTurnAcceptanceLogic:36 Cannot move vehicle 1 from link -160751_3_r to link -161653_5_r
2021-07-26 06:59:51,299  WARN DefaultTurnAcceptanceLogic:36 Cannot move vehicle 3 from link -111005_0 to link -117037_0
2021-07-26 06:59:51,300  WARN DefaultTurnAcceptanceLogic:36 Cannot move vehicle 8 from link -134957_3_r to link -115533_0_r
2021-07-26 06:59:51,301  WARN DefaultTurnAcceptanceLogic:36 Cannot move vehicle 22 from link -118303_2 to link -134423_4
2021-07-26 06:59:53,934  WARN DefaultTurnAcceptanceLogic:36 Cannot move vehicle 1 from link -160751_3_r to link -161653_5_r
2021-07-26 06:59:53,934  WARN DefaultTurnAcceptanceLogic:36 Cannot move vehicle 3 from link -111005_0 to link -117037_0
2021-07-26 06:59:53,936  WARN DefaultTurnAcceptanceLogic:36 Cannot move vehicle 8 from link -134957_3_r to link -115533_0_r
2021-07-26 06:59:56,168  WARN DefaultTurnAcceptanceLogic:36 Cannot move vehicle 1 from link -160751_3_r to link -161653_5_r
2021-07-26 06:59:56,168  WARN DefaultTurnAcceptanceLogic:36 Cannot move vehicle 3 from link -111005_0 to link -117037_0
2021-07-26 06:59:56,169  WARN DefaultTurnAcceptanceLogic:36 Cannot move vehicle 8 from link -134957_3_r to link -115533_0_r
2021-07-26 06:59:59,828  WARN DefaultTurnAcceptanceLogic:36 Cannot move vehicle 1 from link -160751_3_r to link -161653_5_r
2021-07-26 06:59:59,829  WARN DefaultTurnAcceptanceLogic:36 Cannot move vehicle 3 from link -111005_0 to link -117037_0
2021-07-26 06:59:59,830  WARN DefaultTurnAcceptanceLogic:36 Cannot move vehicle 8 from link -134957_3_r to link -115533_0_r
2021-07-26 07:00:02,689  WARN DefaultTurnAcceptanceLogic:36 Cannot move vehicle 1 from link -160751_3_r to link -161653_5_r
2021-07-26 07:00:02,689  WARN DefaultTurnAcceptanceLogic:36 Cannot move vehicle 3 from link -111005_0 to link -117037_0
2021-07-26 07:00:02,690  WARN DefaultTurnAcceptanceLogic:36 Cannot move vehicle 8 from link -134957_3_r to link -115533_0_r
2021-07-26 07:00:05,557  WARN DefaultTurnAcceptanceLogic:36 Cannot move vehicle 1 from link -160751_3_r to link -161653_5_r
2021-07-26 07:00:05,557  WARN DefaultTurnAcceptanceLogic:36 Cannot move vehicle 3 from link -111005_0 to link -117037_0
2021-07-26 07:00:05,558  WARN DefaultTurnAcceptanceLogic:36 Cannot move vehicle 8 from link -134957_3_r to link -115533_0_r
2021-07-26 07:00:08,611  WARN DefaultTurnAcceptanceLogic:36 Cannot move vehicle 1 from link -160751_3_r to link -161653_5_r
2021-07-26 07:00:08,611  WARN DefaultTurnAcceptanceLogic:36 Cannot move vehicle 3 from link -111005_0 to link -117037_0
2021-07-26 07:00:08,612  WARN DefaultTurnAcceptanceLogic:36 Cannot move vehicle 8 from link -134957_3_r to link -115533_0_r
2021-07-26 07:00:11,454  WARN DefaultTurnAcceptanceLogic:36 Cannot move vehicle 3 from link -111005_0 to link -117037_0
2021-07-26 07:00:11,455  WARN DefaultTurnAcceptanceLogic:36 Cannot move vehicle 8 from link -134957_3_r to link -115533_0_r
2021-07-26 07:00:14,551  WARN DefaultTurnAcceptanceLogic:36 Cannot move vehicle 3 from link -111005_0 to link -117037_0
2021-07-26 07:00:14,552  WARN DefaultTurnAcceptanceLogic:36 Cannot move vehicle 8 from link -134957_3_r to link -115533_0_r
2021-07-26 07:00:26,123  WARN DefaultTurnAcceptanceLogic:36 Cannot move vehicle 3 from link -111005_0 to link -117037_0
2021-07-26 07:00:26,124  WARN DefaultTurnAcceptanceLogic:36 Cannot move vehicle 8 from link -134957_3_r to link -115533_0_r
2021-07-26 07:00:28,883  WARN DefaultTurnAcceptanceLogic:36 Cannot move vehicle 3 from link -111005_0 to link -117037_0
2021-07-26 07:00:28,884  WARN DefaultTurnAcceptanceLogic:36 Cannot move vehicle 8 from link -134957_3_r to link -115533_0_r
