2021-07-12 13:42:28,398  WARN DefaultTurnAcceptanceLogic:36 Cannot move vehicle 0_0_0 from link -290028_0_r to link -296751_0
2021-07-12 13:42:28,399  WARN DefaultTurnAcceptanceLogic:36 Cannot move vehicle 1_0_0 from link -295599_0 to link -283923_0
2021-07-12 13:42:28,400  WARN DefaultTurnAcceptanceLogic:36 Cannot move vehicle 2_0_0 from link -303127_0 to link -286143_0_r
2021-07-12 13:42:28,400  WARN DefaultTurnAcceptanceLogic:36 Cannot move vehicle 3_0_0 from link -298543_0_r to link -299507_0_r
2021-07-12 13:42:28,401  WARN DefaultTurnAcceptanceLogic:36 Cannot move vehicle 4_0_0 from link -282404_3_r to link -296011_0
2021-07-12 13:42:28,401  WARN DefaultTurnAcceptanceLogic:36 Cannot move vehicle 5_0_0 from link -287576_0_r to link -294143_0
2021-07-12 13:42:28,402  WARN DefaultTurnAcceptanceLogic:36 Cannot move vehicle 6_0_0 from link -301114_0_r to link -285744_0_r
2021-07-12 13:42:28,402  WARN DefaultTurnAcceptanceLogic:36 Cannot move vehicle 7_0_0 from link -295127_0_r to link -289105_0_r
2021-07-12 13:42:28,403  WARN DefaultTurnAcceptanceLogic:36 Cannot move vehicle 8_0_0 from link -287333_0_r to link -303134_0_r
2021-07-12 13:42:28,403  WARN DefaultTurnAcceptanceLogic:36 Cannot move vehicle 9_0_0 from link -294827_0_r to link -295968_0
2021-07-12 13:42:28,404  WARN DefaultTurnAcceptanceLogic:36 Cannot move vehicle 10_0_0 from link -300845_0_r to link -288919_0
2021-07-12 13:42:28,405  WARN DefaultTurnAcceptanceLogic:36 Cannot move vehicle 11_0_0 from link -297968_0_r to link -283215_0_r
2021-07-12 13:42:28,405  WARN DefaultTurnAcceptanceLogic:36 Cannot move vehicle 12_0_0 from link -292067_0 to link -283948_0
2021-07-12 13:42:28,405  WARN DefaultTurnAcceptanceLogic:36 Cannot move vehicle 13_0_0 from link -298291_0_r to link -284849_0_r
2021-07-12 13:42:28,406  WARN DefaultTurnAcceptanceLogic:36 Cannot move vehicle 14_0_0 from link -298236_0_r to link -299128_0
2021-07-12 13:42:28,406  WARN DefaultTurnAcceptanceLogic:36 Cannot move vehicle 15_0_0 from link -289416_0 to link -297047_0_r
2021-07-12 13:42:28,407  WARN DefaultTurnAcceptanceLogic:36 Cannot move vehicle 16_0_0 from link -301584_0 to link -300619_0_r
2021-07-12 13:42:28,407  WARN DefaultTurnAcceptanceLogic:36 Cannot move vehicle 17_0_0 from link -283111_0 to link -283525_0
2021-07-12 13:42:28,407  WARN DefaultTurnAcceptanceLogic:36 Cannot move vehicle 18_0_0 from link -299693_0_r to link -292289_0
2021-07-12 13:42:28,407  WARN DefaultTurnAcceptanceLogic:36 Cannot move vehicle 19_0_0 from link -300808_0 to link -298270_0_r
2021-07-12 13:42:28,408  WARN DefaultTurnAcceptanceLogic:36 Cannot move vehicle 20_0_0 from link -299615_0 to link -299892_0_r
2021-07-12 13:42:28,408  WARN DefaultTurnAcceptanceLogic:36 Cannot move vehicle 21_0_0 from link -305040_0 to link -304551_0_r
2021-07-12 13:42:28,409  WARN DefaultTurnAcceptanceLogic:36 Cannot move vehicle 22_0_0 from link -300886_0 to link -296116_0_r
2021-07-12 13:42:28,409  WARN DefaultTurnAcceptanceLogic:36 Cannot move vehicle 23_0_0 from link -289684_2 to link -303218_0
2021-07-12 13:42:28,410  WARN DefaultTurnAcceptanceLogic:36 Cannot move vehicle 25_0_0 from link -293153_0 to link -292863_0_r
2021-07-12 13:42:28,411  WARN DefaultTurnAcceptanceLogic:36 Cannot move vehicle 26_0_0 from link -300762_0 to link -290719_0
2021-07-12 13:42:28,411  WARN DefaultTurnAcceptanceLogic:36 Cannot move vehicle 27_0_0 from link -300438_0_r to link -303116_0_r
2021-07-12 13:42:28,412  WARN DefaultTurnAcceptanceLogic:36 Cannot move vehicle 28_0_0 from link -295860_0_r to link -295128_0_r
2021-07-12 13:42:28,412  WARN DefaultTurnAcceptanceLogic:36 Cannot move vehicle 29_0_0 from link -288465_0 to link -282092_0
2021-07-12 13:42:28,419  WARN DefaultTurnAcceptanceLogic:36 Cannot move vehicle 8_0_1 from link -281922_0_r to link -289981_0
2021-07-12 13:42:28,422  WARN DefaultTurnAcceptanceLogic:36 Cannot move vehicle 24_0_0 from link -297687_0 to link -287191_0
2021-07-12 13:42:29,036  WARN DefaultTurnAcceptanceLogic:36 Cannot move vehicle 0_1_0 from link -296751_0 to link -290028_0_r
2021-07-12 13:42:29,036  WARN DefaultTurnAcceptanceLogic:36 Cannot move vehicle 1_1_0 from link -283923_0 to link -295599_0
2021-07-12 13:42:29,036  WARN DefaultTurnAcceptanceLogic:36 Cannot move vehicle 2_1_0 from link -286143_0_r to link -303127_0
2021-07-12 13:42:29,037  WARN DefaultTurnAcceptanceLogic:36 Cannot move vehicle 3_1_0 from link -299507_0_r to link -298543_0_r
2021-07-12 13:42:29,037  WARN DefaultTurnAcceptanceLogic:36 Cannot move vehicle 4_1_0 from link -296011_0 to link -282404_3_r
2021-07-12 13:42:29,037  WARN DefaultTurnAcceptanceLogic:36 Cannot move vehicle 5_1_0 from link -294143_0 to link -287576_0_r
2021-07-12 13:42:29,038  WARN DefaultTurnAcceptanceLogic:36 Cannot move vehicle 6_1_0 from link -285744_0_r to link -301114_0_r
2021-07-12 13:42:29,038  WARN DefaultTurnAcceptanceLogic:36 Cannot move vehicle 7_1_0 from link -289105_0_r to link -295127_0_r
2021-07-12 13:42:29,038  WARN DefaultTurnAcceptanceLogic:36 Cannot move vehicle 8_1_0 from link -289981_0 to link -287333_0_r
2021-07-12 13:42:29,039  WARN DefaultTurnAcceptanceLogic:36 Cannot move vehicle 9_1_0 from link -295968_0 to link -294827_0_r
2021-07-12 13:42:29,039  WARN DefaultTurnAcceptanceLogic:36 Cannot move vehicle 10_1_0 from link -288919_0 to link -300845_0_r
2021-07-12 13:42:29,040  WARN DefaultTurnAcceptanceLogic:36 Cannot move vehicle 11_1_0 from link -283215_0_r to link -297968_0_r
2021-07-12 13:42:29,040  WARN DefaultTurnAcceptanceLogic:36 Cannot move vehicle 12_1_0 from link -283948_0 to link -292067_0
2021-07-12 13:42:29,040  WARN DefaultTurnAcceptanceLogic:36 Cannot move vehicle 13_1_0 from link -284849_0_r to link -298291_0_r
2021-07-12 13:42:29,041  WARN DefaultTurnAcceptanceLogic:36 Cannot move vehicle 14_1_0 from link -299128_0 to link -298236_0_r
2021-07-12 13:42:29,041  WARN DefaultTurnAcceptanceLogic:36 Cannot move vehicle 15_1_0 from link -297047_0_r to link -289416_0
2021-07-12 13:42:29,041  WARN DefaultTurnAcceptanceLogic:36 Cannot move vehicle 16_1_0 from link -300619_0_r to link -301584_0
2021-07-12 13:42:29,041  WARN DefaultTurnAcceptanceLogic:36 Cannot move vehicle 17_1_0 from link -283525_0 to link -283111_0
2021-07-12 13:42:29,042  WARN DefaultTurnAcceptanceLogic:36 Cannot move vehicle 18_1_0 from link -292289_0 to link -299693_0_r
2021-07-12 13:42:29,042  WARN DefaultTurnAcceptanceLogic:36 Cannot move vehicle 19_1_0 from link -298270_0_r to link -300808_0
2021-07-12 13:42:29,042  WARN DefaultTurnAcceptanceLogic:36 Cannot move vehicle 20_1_0 from link -299892_0_r to link -299615_0
2021-07-12 13:42:29,042  WARN DefaultTurnAcceptanceLogic:36 Cannot move vehicle 21_1_0 from link -304551_0_r to link -305040_0
2021-07-12 13:42:29,042  WARN DefaultTurnAcceptanceLogic:36 Cannot move vehicle 22_1_0 from link -296116_0_r to link -300886_0
2021-07-12 13:42:29,043  WARN DefaultTurnAcceptanceLogic:36 Cannot move vehicle 23_1_0 from link -303218_0 to link -289684_2
2021-07-12 13:42:29,044  WARN DefaultTurnAcceptanceLogic:36 Cannot move vehicle 24_1_0 from link -287191_0 to link -283520_4
2021-07-12 13:42:29,044  WARN DefaultTurnAcceptanceLogic:36 Cannot move vehicle 25_1_0 from link -292863_0_r to link -293153_0
2021-07-12 13:42:29,044  WARN DefaultTurnAcceptanceLogic:36 Cannot move vehicle 26_1_0 from link -290719_0 to link -300762_0
2021-07-12 13:42:29,044  WARN DefaultTurnAcceptanceLogic:36 Cannot move vehicle 27_1_0 from link -303116_0_r to link -300438_0_r
2021-07-12 13:42:29,045  WARN DefaultTurnAcceptanceLogic:36 Cannot move vehicle 28_1_0 from link -295128_0_r to link -295860_0_r
2021-07-12 13:42:29,045  WARN DefaultTurnAcceptanceLogic:36 Cannot move vehicle 29_1_0 from link -282092_0 to link -288465_0
2021-07-12 13:42:31,026  WARN DefaultTurnAcceptanceLogic:36 Cannot move vehicle 0_0_0 from link -290028_0_r to link -296751_0
2021-07-12 13:42:31,026  WARN DefaultTurnAcceptanceLogic:36 Cannot move vehicle 1_0_0 from link -295599_0 to link -283923_0
2021-07-12 13:42:31,026  WARN DefaultTurnAcceptanceLogic:36 Cannot move vehicle 2_0_0 from link -303127_0 to link -286143_0_r
2021-07-12 13:42:31,027  WARN DefaultTurnAcceptanceLogic:36 Cannot move vehicle 3_0_0 from link -298543_0_r to link -299507_0_r
2021-07-12 13:42:31,028  WARN DefaultTurnAcceptanceLogic:36 Cannot move vehicle 4_0_0 from link -282404_3_r to link -296011_0
2021-07-12 13:42:31,028  WARN DefaultTurnAcceptanceLogic:36 Cannot move vehicle 5_0_0 from link -287576_0_r to link -294143_0
2021-07-12 13:42:31,028  WARN DefaultTurnAcceptanceLogic:36 Cannot move vehicle 6_0_0 from link -301114_0_r to link -285744_0_r
2021-07-12 13:42:31,029  WARN DefaultTurnAcceptanceLogic:36 Cannot move vehicle 7_0_0 from link -295127_0_r to link -289105_0_r
2021-07-12 13:42:31,029  WARN DefaultTurnAcceptanceLogic:36 Cannot move vehicle 8_0_0 from link -287333_0_r to link -303134_0_r
2021-07-12 13:42:31,030  WARN DefaultTurnAcceptanceLogic:36 Cannot move vehicle 9_0_0 from link -294827_0_r to link -295968_0
2021-07-12 13:42:31,031  WARN DefaultTurnAcceptanceLogic:36 Cannot move vehicle 10_0_0 from link -300845_0_r to link -288919_0
2021-07-12 13:42:31,031  WARN DefaultTurnAcceptanceLogic:36 Cannot move vehicle 11_0_0 from link -297968_0_r to link -283215_0_r
2021-07-12 13:42:31,031  WARN DefaultTurnAcceptanceLogic:36 Cannot move vehicle 12_0_0 from link -292067_0 to link -283948_0
2021-07-12 13:42:31,032  WARN DefaultTurnAcceptanceLogic:36 Cannot move vehicle 13_0_0 from link -298291_0_r to link -284849_0_r
2021-07-12 13:42:31,032  WARN DefaultTurnAcceptanceLogic:36 Cannot move vehicle 14_0_0 from link -298236_0_r to link -299128_0
2021-07-12 13:42:31,032  WARN DefaultTurnAcceptanceLogic:36 Cannot move vehicle 15_0_0 from link -289416_0 to link -297047_0_r
2021-07-12 13:42:31,033  WARN DefaultTurnAcceptanceLogic:36 Cannot move vehicle 17_0_0 from link -283111_0 to link -283525_0
2021-07-12 13:42:31,034  WARN DefaultTurnAcceptanceLogic:36 Cannot move vehicle 19_0_0 from link -300808_0 to link -298270_0_r
2021-07-12 13:42:31,034  WARN DefaultTurnAcceptanceLogic:36 Cannot move vehicle 20_0_0 from link -299615_0 to link -299892_0_r
2021-07-12 13:42:31,035  WARN DefaultTurnAcceptanceLogic:36 Cannot move vehicle 22_0_0 from link -300886_0 to link -296116_0_r
2021-07-12 13:42:31,035  WARN DefaultTurnAcceptanceLogic:36 Cannot move vehicle 23_0_0 from link -289684_2 to link -303218_0
2021-07-12 13:42:31,038  WARN DefaultTurnAcceptanceLogic:36 Cannot move vehicle 25_0_0 from link -293153_0 to link -292863_0_r
2021-07-12 13:42:31,040  WARN DefaultTurnAcceptanceLogic:36 Cannot move vehicle 26_0_0 from link -300762_0 to link -290719_0
2021-07-12 13:42:31,041  WARN DefaultTurnAcceptanceLogic:36 Cannot move vehicle 27_0_0 from link -300438_0_r to link -303116_0_r
2021-07-12 13:42:31,042  WARN DefaultTurnAcceptanceLogic:36 Cannot move vehicle 28_0_0 from link -295860_0_r to link -295128_0_r
2021-07-12 13:42:31,044  WARN DefaultTurnAcceptanceLogic:36 Cannot move vehicle 29_0_0 from link -288465_0 to link -282092_0
2021-07-12 13:42:31,052  WARN DefaultTurnAcceptanceLogic:36 Cannot move vehicle 8_0_1 from link -281922_0_r to link -289981_0
2021-07-12 13:42:31,056  WARN DefaultTurnAcceptanceLogic:36 Cannot move vehicle 24_0_0 from link -297687_0 to link -287191_0
2021-07-12 13:42:31,699  WARN DefaultTurnAcceptanceLogic:36 Cannot move vehicle 0_1_0 from link -296751_0 to link -290028_0_r
2021-07-12 13:42:31,700  WARN DefaultTurnAcceptanceLogic:36 Cannot move vehicle 1_1_0 from link -283923_0 to link -295599_0
2021-07-12 13:42:31,700  WARN DefaultTurnAcceptanceLogic:36 Cannot move vehicle 2_1_0 from link -286143_0_r to link -303127_0
2021-07-12 13:42:31,700  WARN DefaultTurnAcceptanceLogic:36 Cannot move vehicle 3_1_0 from link -299507_0_r to link -298543_0_r
2021-07-12 13:42:31,701  WARN DefaultTurnAcceptanceLogic:36 Cannot move vehicle 5_1_0 from link -294143_0 to link -287576_0_r
2021-07-12 13:42:31,701  WARN DefaultTurnAcceptanceLogic:36 Cannot move vehicle 6_1_0 from link -285744_0_r to link -301114_0_r
2021-07-12 13:42:31,701  WARN DefaultTurnAcceptanceLogic:36 Cannot move vehicle 7_1_0 from link -289105_0_r to link -295127_0_r
2021-07-12 13:42:31,701  WARN DefaultTurnAcceptanceLogic:36 Cannot move vehicle 8_1_0 from link -289981_0 to link -287333_0_r
2021-07-12 13:42:31,702  WARN DefaultTurnAcceptanceLogic:36 Cannot move vehicle 9_1_0 from link -295968_0 to link -294827_0_r
2021-07-12 13:42:31,702  WARN DefaultTurnAcceptanceLogic:36 Cannot move vehicle 10_1_0 from link -288919_0 to link -300845_0_r
2021-07-12 13:42:31,702  WARN DefaultTurnAcceptanceLogic:36 Cannot move vehicle 11_1_0 from link -283215_0_r to link -297968_0_r
2021-07-12 13:42:31,703  WARN DefaultTurnAcceptanceLogic:36 Cannot move vehicle 13_1_0 from link -284849_0_r to link -298291_0_r
2021-07-12 13:42:31,703  WARN DefaultTurnAcceptanceLogic:36 Cannot move vehicle 15_1_0 from link -297047_0_r to link -289416_0
2021-07-12 13:42:31,703  WARN DefaultTurnAcceptanceLogic:36 Cannot move vehicle 16_1_0 from link -300619_0_r to link -301584_0
2021-07-12 13:42:31,704  WARN DefaultTurnAcceptanceLogic:36 Cannot move vehicle 17_1_0 from link -283525_0 to link -283111_0
2021-07-12 13:42:31,704  WARN DefaultTurnAcceptanceLogic:36 Cannot move vehicle 18_1_0 from link -292289_0 to link -299693_0_r
2021-07-12 13:42:31,704  WARN DefaultTurnAcceptanceLogic:36 Cannot move vehicle 20_1_0 from link -299892_0_r to link -299615_0
2021-07-12 13:42:31,705  WARN DefaultTurnAcceptanceLogic:36 Cannot move vehicle 22_1_0 from link -296116_0_r to link -300886_0
2021-07-12 13:42:31,705  WARN DefaultTurnAcceptanceLogic:36 Cannot move vehicle 23_1_0 from link -303218_0 to link -289684_2
2021-07-12 13:42:31,705  WARN DefaultTurnAcceptanceLogic:36 Cannot move vehicle 24_1_0 from link -287191_0 to link -283520_4
2021-07-12 13:42:31,705  WARN DefaultTurnAcceptanceLogic:36 Cannot move vehicle 25_1_0 from link -292863_0_r to link -293153_0
2021-07-12 13:42:31,706  WARN DefaultTurnAcceptanceLogic:36 Cannot move vehicle 26_1_0 from link -290719_0 to link -300762_0
2021-07-12 13:42:31,706  WARN DefaultTurnAcceptanceLogic:36 Cannot move vehicle 27_1_0 from link -303116_0_r to link -300438_0_r
2021-07-12 13:42:31,707  WARN DefaultTurnAcceptanceLogic:36 Cannot move vehicle 28_1_0 from link -295128_0_r to link -295860_0_r
2021-07-12 13:42:31,707  WARN DefaultTurnAcceptanceLogic:36 Cannot move vehicle 29_1_0 from link -282092_0 to link -288465_0
2021-07-12 13:42:33,059  WARN DefaultTurnAcceptanceLogic:36 Cannot move vehicle 0_0_0 from link -290028_0_r to link -296751_0
2021-07-12 13:42:33,059  WARN DefaultTurnAcceptanceLogic:36 Cannot move vehicle 2_0_0 from link -303127_0 to link -286143_0_r
2021-07-12 13:42:33,059  WARN DefaultTurnAcceptanceLogic:36 Cannot move vehicle 3_0_0 from link -298543_0_r to link -299507_0_r
2021-07-12 13:42:33,060  WARN DefaultTurnAcceptanceLogic:36 Cannot move vehicle 4_0_0 from link -282404_3_r to link -296011_0
2021-07-12 13:42:33,060  WARN DefaultTurnAcceptanceLogic:36 Cannot move vehicle 5_0_0 from link -287576_0_r to link -294143_0
2021-07-12 13:42:33,060  WARN DefaultTurnAcceptanceLogic:36 Cannot move vehicle 6_0_0 from link -301114_0_r to link -285744_0_r
2021-07-12 13:42:33,061  WARN DefaultTurnAcceptanceLogic:36 Cannot move vehicle 7_0_0 from link -295127_0_r to link -289105_0_r
2021-07-12 13:42:33,061  WARN DefaultTurnAcceptanceLogic:36 Cannot move vehicle 8_0_0 from link -287333_0_r to link -303134_0_r
2021-07-12 13:42:33,061  WARN DefaultTurnAcceptanceLogic:36 Cannot move vehicle 9_0_0 from link -294827_0_r to link -295968_0
2021-07-12 13:42:33,062  WARN DefaultTurnAcceptanceLogic:36 Cannot move vehicle 10_0_0 from link -300845_0_r to link -288919_0
2021-07-12 13:42:33,062  WARN DefaultTurnAcceptanceLogic:36 Cannot move vehicle 11_0_0 from link -297968_0_r to link -283215_0_r
2021-07-12 13:42:33,062  WARN DefaultTurnAcceptanceLogic:36 Cannot move vehicle 12_0_0 from link -292067_0 to link -283948_0
2021-07-12 13:42:33,062  WARN DefaultTurnAcceptanceLogic:36 Cannot move vehicle 13_0_0 from link -298291_0_r to link -284849_0_r
2021-07-12 13:42:33,062  WARN DefaultTurnAcceptanceLogic:36 Cannot move vehicle 14_0_0 from link -298236_0_r to link -299128_0
2021-07-12 13:42:33,063  WARN DefaultTurnAcceptanceLogic:36 Cannot move vehicle 15_0_0 from link -289416_0 to link -297047_0_r
2021-07-12 13:42:33,063  WARN DefaultTurnAcceptanceLogic:36 Cannot move vehicle 19_0_0 from link -300808_0 to link -298270_0_r
2021-07-12 13:42:33,064  WARN DefaultTurnAcceptanceLogic:36 Cannot move vehicle 20_0_0 from link -299615_0 to link -299892_0_r
2021-07-12 13:42:33,064  WARN DefaultTurnAcceptanceLogic:36 Cannot move vehicle 22_0_0 from link -300886_0 to link -296116_0_r
2021-07-12 13:42:33,064  WARN DefaultTurnAcceptanceLogic:36 Cannot move vehicle 23_0_0 from link -289684_2 to link -303218_0
2021-07-12 13:42:33,065  WARN DefaultTurnAcceptanceLogic:36 Cannot move vehicle 25_0_0 from link -293153_0 to link -292863_0_r
2021-07-12 13:42:33,065  WARN DefaultTurnAcceptanceLogic:36 Cannot move vehicle 26_0_0 from link -300762_0 to link -290719_0
2021-07-12 13:42:33,065  WARN DefaultTurnAcceptanceLogic:36 Cannot move vehicle 27_0_0 from link -300438_0_r to link -303116_0_r
2021-07-12 13:42:33,066  WARN DefaultTurnAcceptanceLogic:36 Cannot move vehicle 28_0_0 from link -295860_0_r to link -295128_0_r
2021-07-12 13:42:33,066  WARN DefaultTurnAcceptanceLogic:36 Cannot move vehicle 29_0_0 from link -288465_0 to link -282092_0
2021-07-12 13:42:33,069  WARN DefaultTurnAcceptanceLogic:36 Cannot move vehicle 8_0_1 from link -281922_0_r to link -289981_0
2021-07-12 13:42:33,071  WARN DefaultTurnAcceptanceLogic:36 Cannot move vehicle 24_0_0 from link -297687_0 to link -287191_0
2021-07-12 13:42:33,678  WARN DefaultTurnAcceptanceLogic:36 Cannot move vehicle 0_1_0 from link -296751_0 to link -290028_0_r
2021-07-12 13:42:33,678  WARN DefaultTurnAcceptanceLogic:36 Cannot move vehicle 1_1_0 from link -283923_0 to link -295599_0
2021-07-12 13:42:33,678  WARN DefaultTurnAcceptanceLogic:36 Cannot move vehicle 2_1_0 from link -286143_0_r to link -303127_0
2021-07-12 13:42:33,679  WARN DefaultTurnAcceptanceLogic:36 Cannot move vehicle 3_1_0 from link -299507_0_r to link -298543_0_r
2021-07-12 13:42:33,679  WARN DefaultTurnAcceptanceLogic:36 Cannot move vehicle 5_1_0 from link -294143_0 to link -287576_0_r
2021-07-12 13:42:33,679  WARN DefaultTurnAcceptanceLogic:36 Cannot move vehicle 6_1_0 from link -285744_0_r to link -301114_0_r
2021-07-12 13:42:33,680  WARN DefaultTurnAcceptanceLogic:36 Cannot move vehicle 7_1_0 from link -289105_0_r to link -295127_0_r
2021-07-12 13:42:33,680  WARN DefaultTurnAcceptanceLogic:36 Cannot move vehicle 8_1_0 from link -289981_0 to link -287333_0_r
2021-07-12 13:42:33,680  WARN DefaultTurnAcceptanceLogic:36 Cannot move vehicle 9_1_0 from link -295968_0 to link -294827_0_r
2021-07-12 13:42:33,681  WARN DefaultTurnAcceptanceLogic:36 Cannot move vehicle 10_1_0 from link -288919_0 to link -300845_0_r
2021-07-12 13:42:33,681  WARN DefaultTurnAcceptanceLogic:36 Cannot move vehicle 11_1_0 from link -283215_0_r to link -297968_0_r
2021-07-12 13:42:33,681  WARN DefaultTurnAcceptanceLogic:36 Cannot move vehicle 13_1_0 from link -284849_0_r to link -298291_0_r
2021-07-12 13:42:33,681  WARN DefaultTurnAcceptanceLogic:36 Cannot move vehicle 15_1_0 from link -297047_0_r to link -289416_0
2021-07-12 13:42:33,682  WARN DefaultTurnAcceptanceLogic:36 Cannot move vehicle 16_1_0 from link -300619_0_r to link -301584_0
2021-07-12 13:42:33,682  WARN DefaultTurnAcceptanceLogic:36 Cannot move vehicle 17_1_0 from link -283525_0 to link -283111_0
2021-07-12 13:42:33,682  WARN DefaultTurnAcceptanceLogic:36 Cannot move vehicle 18_1_0 from link -292289_0 to link -299693_0_r
2021-07-12 13:42:33,683  WARN DefaultTurnAcceptanceLogic:36 Cannot move vehicle 20_1_0 from link -299892_0_r to link -299615_0
2021-07-12 13:42:33,683  WARN DefaultTurnAcceptanceLogic:36 Cannot move vehicle 22_1_0 from link -296116_0_r to link -300886_0
2021-07-12 13:42:33,683  WARN DefaultTurnAcceptanceLogic:36 Cannot move vehicle 23_1_0 from link -303218_0 to link -289684_2
2021-07-12 13:42:33,683  WARN DefaultTurnAcceptanceLogic:36 Cannot move vehicle 24_1_0 from link -287191_0 to link -283520_4
2021-07-12 13:42:33,684  WARN DefaultTurnAcceptanceLogic:36 Cannot move vehicle 25_1_0 from link -292863_0_r to link -293153_0
2021-07-12 13:42:33,684  WARN DefaultTurnAcceptanceLogic:36 Cannot move vehicle 26_1_0 from link -290719_0 to link -300762_0
2021-07-12 13:42:33,684  WARN DefaultTurnAcceptanceLogic:36 Cannot move vehicle 27_1_0 from link -303116_0_r to link -300438_0_r
2021-07-12 13:42:33,684  WARN DefaultTurnAcceptanceLogic:36 Cannot move vehicle 28_1_0 from link -295128_0_r to link -295860_0_r
2021-07-12 13:42:34,892  WARN DefaultTurnAcceptanceLogic:36 Cannot move vehicle 0_0_0 from link -290028_0_r to link -296751_0
2021-07-12 13:42:34,893  WARN DefaultTurnAcceptanceLogic:36 Cannot move vehicle 2_0_0 from link -303127_0 to link -286143_0_r
2021-07-12 13:42:34,893  WARN DefaultTurnAcceptanceLogic:36 Cannot move vehicle 4_0_0 from link -282404_3_r to link -296011_0
2021-07-12 13:42:34,893  WARN DefaultTurnAcceptanceLogic:36 Cannot move vehicle 5_0_0 from link -287576_0_r to link -294143_0
2021-07-12 13:42:34,894  WARN DefaultTurnAcceptanceLogic:36 Cannot move vehicle 6_0_0 from link -301114_0_r to link -285744_0_r
2021-07-12 13:42:34,894  WARN DefaultTurnAcceptanceLogic:36 Cannot move vehicle 8_0_0 from link -287333_0_r to link -303134_0_r
2021-07-12 13:42:34,894  WARN DefaultTurnAcceptanceLogic:36 Cannot move vehicle 9_0_0 from link -294827_0_r to link -295968_0
2021-07-12 13:42:34,895  WARN DefaultTurnAcceptanceLogic:36 Cannot move vehicle 10_0_0 from link -300845_0_r to link -288919_0
2021-07-12 13:42:34,895  WARN DefaultTurnAcceptanceLogic:36 Cannot move vehicle 11_0_0 from link -297968_0_r to link -283215_0_r
2021-07-12 13:42:34,895  WARN DefaultTurnAcceptanceLogic:36 Cannot move vehicle 12_0_0 from link -292067_0 to link -283948_0
2021-07-12 13:42:34,896  WARN DefaultTurnAcceptanceLogic:36 Cannot move vehicle 13_0_0 from link -298291_0_r to link -284849_0_r
2021-07-12 13:42:34,896  WARN DefaultTurnAcceptanceLogic:36 Cannot move vehicle 14_0_0 from link -298236_0_r to link -299128_0
2021-07-12 13:42:34,896  WARN DefaultTurnAcceptanceLogic:36 Cannot move vehicle 15_0_0 from link -289416_0 to link -297047_0_r
2021-07-12 13:42:34,897  WARN DefaultTurnAcceptanceLogic:36 Cannot move vehicle 19_0_0 from link -300808_0 to link -298270_0_r
2021-07-12 13:42:34,897  WARN DefaultTurnAcceptanceLogic:36 Cannot move vehicle 20_0_0 from link -299615_0 to link -299892_0_r
2021-07-12 13:42:34,898  WARN DefaultTurnAcceptanceLogic:36 Cannot move vehicle 22_0_0 from link -300886_0 to link -296116_0_r
2021-07-12 13:42:34,898  WARN DefaultTurnAcceptanceLogic:36 Cannot move vehicle 25_0_0 from link -293153_0 to link -292863_0_r
2021-07-12 13:42:34,899  WARN DefaultTurnAcceptanceLogic:36 Cannot move vehicle 26_0_0 from link -300762_0 to link -290719_0
2021-07-12 13:42:34,899  WARN DefaultTurnAcceptanceLogic:36 Cannot move vehicle 27_0_0 from link -300438_0_r to link -303116_0_r
2021-07-12 13:42:34,899  WARN DefaultTurnAcceptanceLogic:36 Cannot move vehicle 28_0_0 from link -295860_0_r to link -295128_0_r
2021-07-12 13:42:34,899  WARN DefaultTurnAcceptanceLogic:36 Cannot move vehicle 29_0_0 from link -288465_0 to link -282092_0
2021-07-12 13:42:34,904  WARN DefaultTurnAcceptanceLogic:36 Cannot move vehicle 8_0_1 from link -281922_0_r to link -289981_0
2021-07-12 13:42:34,906  WARN DefaultTurnAcceptanceLogic:36 Cannot move vehicle 24_0_0 from link -297687_0 to link -287191_0
2021-07-12 13:42:35,470  WARN DefaultTurnAcceptanceLogic:36 Cannot move vehicle 0_1_0 from link -296751_0 to link -290028_0_r
2021-07-12 13:42:35,470  WARN DefaultTurnAcceptanceLogic:36 Cannot move vehicle 1_1_0 from link -283923_0 to link -295599_0
2021-07-12 13:42:35,471  WARN DefaultTurnAcceptanceLogic:36 Cannot move vehicle 2_1_0 from link -286143_0_r to link -303127_0
2021-07-12 13:42:35,471  WARN DefaultTurnAcceptanceLogic:36 Cannot move vehicle 3_1_0 from link -299507_0_r to link -298543_0_r
2021-07-12 13:42:35,471  WARN DefaultTurnAcceptanceLogic:36 Cannot move vehicle 5_1_0 from link -294143_0 to link -287576_0_r
2021-07-12 13:42:35,472  WARN DefaultTurnAcceptanceLogic:36 Cannot move vehicle 6_1_0 from link -285744_0_r to link -301114_0_r
2021-07-12 13:42:35,472  WARN DefaultTurnAcceptanceLogic:36 Cannot move vehicle 7_1_0 from link -289105_0_r to link -295127_0_r
2021-07-12 13:42:35,472  WARN DefaultTurnAcceptanceLogic:36 Cannot move vehicle 9_1_0 from link -295968_0 to link -294827_0_r
2021-07-12 13:42:35,473  WARN DefaultTurnAcceptanceLogic:36 Cannot move vehicle 11_1_0 from link -283215_0_r to link -297968_0_r
2021-07-12 13:42:35,473  WARN DefaultTurnAcceptanceLogic:36 Cannot move vehicle 13_1_0 from link -284849_0_r to link -298291_0_r
2021-07-12 13:42:35,473  WARN DefaultTurnAcceptanceLogic:36 Cannot move vehicle 15_1_0 from link -297047_0_r to link -289416_0
2021-07-12 13:42:35,474  WARN DefaultTurnAcceptanceLogic:36 Cannot move vehicle 16_1_0 from link -300619_0_r to link -301584_0
2021-07-12 13:42:35,474  WARN DefaultTurnAcceptanceLogic:36 Cannot move vehicle 17_1_0 from link -283525_0 to link -283111_0
2021-07-12 13:42:35,474  WARN DefaultTurnAcceptanceLogic:36 Cannot move vehicle 18_1_0 from link -292289_0 to link -299693_0_r
2021-07-12 13:42:35,474  WARN DefaultTurnAcceptanceLogic:36 Cannot move vehicle 20_1_0 from link -299892_0_r to link -299615_0
2021-07-12 13:42:35,475  WARN DefaultTurnAcceptanceLogic:36 Cannot move vehicle 22_1_0 from link -296116_0_r to link -300886_0
2021-07-12 13:42:35,475  WARN DefaultTurnAcceptanceLogic:36 Cannot move vehicle 24_1_0 from link -287191_0 to link -283520_4
2021-07-12 13:42:35,476  WARN DefaultTurnAcceptanceLogic:36 Cannot move vehicle 26_1_0 from link -290719_0 to link -300762_0
2021-07-12 13:42:35,476  WARN DefaultTurnAcceptanceLogic:36 Cannot move vehicle 27_1_0 from link -303116_0_r to link -300438_0_r
2021-07-12 13:42:35,476  WARN DefaultTurnAcceptanceLogic:36 Cannot move vehicle 28_1_0 from link -295128_0_r to link -295860_0_r
2021-07-12 13:42:36,555  WARN DefaultTurnAcceptanceLogic:36 Cannot move vehicle 0_0_0 from link -290028_0_r to link -296751_0
2021-07-12 13:42:36,555  WARN DefaultTurnAcceptanceLogic:36 Cannot move vehicle 2_0_0 from link -303127_0 to link -286143_0_r
2021-07-12 13:42:36,555  WARN DefaultTurnAcceptanceLogic:36 Cannot move vehicle 4_0_0 from link -282404_3_r to link -296011_0
2021-07-12 13:42:36,555  WARN DefaultTurnAcceptanceLogic:36 Cannot move vehicle 5_0_0 from link -287576_0_r to link -294143_0
2021-07-12 13:42:36,556  WARN DefaultTurnAcceptanceLogic:36 Cannot move vehicle 6_0_0 from link -301114_0_r to link -285744_0_r
2021-07-12 13:42:36,556  WARN DefaultTurnAcceptanceLogic:36 Cannot move vehicle 8_0_0 from link -287333_0_r to link -303134_0_r
2021-07-12 13:42:36,557  WARN DefaultTurnAcceptanceLogic:36 Cannot move vehicle 11_0_0 from link -297968_0_r to link -283215_0_r
2021-07-12 13:42:36,557  WARN DefaultTurnAcceptanceLogic:36 Cannot move vehicle 12_0_0 from link -292067_0 to link -283948_0
2021-07-12 13:42:36,557  WARN DefaultTurnAcceptanceLogic:36 Cannot move vehicle 13_0_0 from link -298291_0_r to link -284849_0_r
2021-07-12 13:42:36,557  WARN DefaultTurnAcceptanceLogic:36 Cannot move vehicle 14_0_0 from link -298236_0_r to link -299128_0
2021-07-12 13:42:36,558  WARN DefaultTurnAcceptanceLogic:36 Cannot move vehicle 15_0_0 from link -289416_0 to link -297047_0_r
2021-07-12 13:42:36,558  WARN DefaultTurnAcceptanceLogic:36 Cannot move vehicle 19_0_0 from link -300808_0 to link -298270_0_r
2021-07-12 13:42:36,559  WARN DefaultTurnAcceptanceLogic:36 Cannot move vehicle 22_0_0 from link -300886_0 to link -296116_0_r
2021-07-12 13:42:36,559  WARN DefaultTurnAcceptanceLogic:36 Cannot move vehicle 25_0_0 from link -293153_0 to link -292863_0_r
2021-07-12 13:42:36,560  WARN DefaultTurnAcceptanceLogic:36 Cannot move vehicle 26_0_0 from link -300762_0 to link -290719_0
2021-07-12 13:42:36,560  WARN DefaultTurnAcceptanceLogic:36 Cannot move vehicle 27_0_0 from link -300438_0_r to link -303116_0_r
2021-07-12 13:42:36,560  WARN DefaultTurnAcceptanceLogic:36 Cannot move vehicle 28_0_0 from link -295860_0_r to link -295128_0_r
2021-07-12 13:42:36,564  WARN DefaultTurnAcceptanceLogic:36 Cannot move vehicle 8_0_1 from link -281922_0_r to link -289981_0
2021-07-12 13:42:36,567  WARN DefaultTurnAcceptanceLogic:36 Cannot move vehicle 24_0_0 from link -297687_0 to link -287191_0
2021-07-12 13:42:37,163  WARN DefaultTurnAcceptanceLogic:36 Cannot move vehicle 0_1_0 from link -296751_0 to link -290028_0_r
2021-07-12 13:42:37,163  WARN DefaultTurnAcceptanceLogic:36 Cannot move vehicle 1_1_0 from link -283923_0 to link -295599_0
2021-07-12 13:42:37,164  WARN DefaultTurnAcceptanceLogic:36 Cannot move vehicle 2_1_0 from link -286143_0_r to link -303127_0
2021-07-12 13:42:37,164  WARN DefaultTurnAcceptanceLogic:36 Cannot move vehicle 3_1_0 from link -299507_0_r to link -298543_0_r
2021-07-12 13:42:37,164  WARN DefaultTurnAcceptanceLogic:36 Cannot move vehicle 5_1_0 from link -294143_0 to link -287576_0_r
2021-07-12 13:42:37,164  WARN DefaultTurnAcceptanceLogic:36 Cannot move vehicle 6_1_0 from link -285744_0_r to link -301114_0_r
2021-07-12 13:42:37,165  WARN DefaultTurnAcceptanceLogic:36 Cannot move vehicle 7_1_0 from link -289105_0_r to link -295127_0_r
2021-07-12 13:42:37,165  WARN DefaultTurnAcceptanceLogic:36 Cannot move vehicle 9_1_0 from link -295968_0 to link -294827_0_r
2021-07-12 13:42:37,166  WARN DefaultTurnAcceptanceLogic:36 Cannot move vehicle 11_1_0 from link -283215_0_r to link -297968_0_r
2021-07-12 13:42:37,166  WARN DefaultTurnAcceptanceLogic:36 Cannot move vehicle 13_1_0 from link -284849_0_r to link -298291_0_r
2021-07-12 13:42:37,166  WARN DefaultTurnAcceptanceLogic:36 Cannot move vehicle 15_1_0 from link -297047_0_r to link -289416_0
2021-07-12 13:42:37,167  WARN DefaultTurnAcceptanceLogic:36 Cannot move vehicle 16_1_0 from link -300619_0_r to link -301584_0
2021-07-12 13:42:37,167  WARN DefaultTurnAcceptanceLogic:36 Cannot move vehicle 17_1_0 from link -283525_0 to link -283111_0
2021-07-12 13:42:37,167  WARN DefaultTurnAcceptanceLogic:36 Cannot move vehicle 18_1_0 from link -292289_0 to link -299693_0_r
2021-07-12 13:42:37,169  WARN DefaultTurnAcceptanceLogic:36 Cannot move vehicle 20_1_0 from link -299892_0_r to link -299615_0
2021-07-12 13:42:37,170  WARN DefaultTurnAcceptanceLogic:36 Cannot move vehicle 22_1_0 from link -296116_0_r to link -300886_0
2021-07-12 13:42:37,171  WARN DefaultTurnAcceptanceLogic:36 Cannot move vehicle 24_1_0 from link -287191_0 to link -283520_4
2021-07-12 13:42:37,171  WARN DefaultTurnAcceptanceLogic:36 Cannot move vehicle 26_1_0 from link -290719_0 to link -300762_0
2021-07-12 13:42:37,172  WARN DefaultTurnAcceptanceLogic:36 Cannot move vehicle 27_1_0 from link -303116_0_r to link -300438_0_r
2021-07-12 13:42:37,172  WARN DefaultTurnAcceptanceLogic:36 Cannot move vehicle 28_1_0 from link -295128_0_r to link -295860_0_r
2021-07-12 13:42:38,247  WARN DefaultTurnAcceptanceLogic:36 Cannot move vehicle 2_0_0 from link -303127_0 to link -286143_0_r
2021-07-12 13:42:38,247  WARN DefaultTurnAcceptanceLogic:36 Cannot move vehicle 4_0_0 from link -282404_3_r to link -296011_0
2021-07-12 13:42:38,247  WARN DefaultTurnAcceptanceLogic:36 Cannot move vehicle 5_0_0 from link -287576_0_r to link -294143_0
2021-07-12 13:42:38,248  WARN DefaultTurnAcceptanceLogic:36 Cannot move vehicle 6_0_0 from link -301114_0_r to link -285744_0_r
2021-07-12 13:42:38,248  WARN DefaultTurnAcceptanceLogic:36 Cannot move vehicle 8_0_0 from link -287333_0_r to link -303134_0_r
2021-07-12 13:42:38,249  WARN DefaultTurnAcceptanceLogic:36 Cannot move vehicle 11_0_0 from link -297968_0_r to link -283215_0_r
2021-07-12 13:42:38,249  WARN DefaultTurnAcceptanceLogic:36 Cannot move vehicle 12_0_0 from link -292067_0 to link -283948_0
2021-07-12 13:42:38,249  WARN DefaultTurnAcceptanceLogic:36 Cannot move vehicle 13_0_0 from link -298291_0_r to link -284849_0_r
2021-07-12 13:42:38,249  WARN DefaultTurnAcceptanceLogic:36 Cannot move vehicle 15_0_0 from link -289416_0 to link -297047_0_r
2021-07-12 13:42:38,250  WARN DefaultTurnAcceptanceLogic:36 Cannot move vehicle 19_0_0 from link -300808_0 to link -298270_0_r
2021-07-12 13:42:38,250  WARN DefaultTurnAcceptanceLogic:36 Cannot move vehicle 22_0_0 from link -300886_0 to link -296116_0_r
2021-07-12 13:42:38,251  WARN DefaultTurnAcceptanceLogic:36 Cannot move vehicle 25_0_0 from link -293153_0 to link -292863_0_r
2021-07-12 13:42:38,251  WARN DefaultTurnAcceptanceLogic:36 Cannot move vehicle 26_0_0 from link -300762_0 to link -290719_0
2021-07-12 13:42:38,251  WARN DefaultTurnAcceptanceLogic:36 Cannot move vehicle 27_0_0 from link -300438_0_r to link -303116_0_r
2021-07-12 13:42:38,252  WARN DefaultTurnAcceptanceLogic:36 Cannot move vehicle 28_0_0 from link -295860_0_r to link -295128_0_r
2021-07-12 13:42:38,255  WARN DefaultTurnAcceptanceLogic:36 Cannot move vehicle 8_0_1 from link -281922_0_r to link -289981_0
2021-07-12 13:42:38,259  WARN DefaultTurnAcceptanceLogic:36 Cannot move vehicle 24_0_0 from link -297687_0 to link -287191_0
2021-07-12 13:42:38,865  WARN DefaultTurnAcceptanceLogic:36 Cannot move vehicle 0_1_0 from link -296751_0 to link -290028_0_r
2021-07-12 13:42:38,865  WARN DefaultTurnAcceptanceLogic:36 Cannot move vehicle 1_1_0 from link -283923_0 to link -295599_0
2021-07-12 13:42:38,866  WARN DefaultTurnAcceptanceLogic:36 Cannot move vehicle 2_1_0 from link -286143_0_r to link -303127_0
2021-07-12 13:42:38,866  WARN DefaultTurnAcceptanceLogic:36 Cannot move vehicle 3_1_0 from link -299507_0_r to link -298543_0_r
2021-07-12 13:42:38,866  WARN DefaultTurnAcceptanceLogic:36 Cannot move vehicle 5_1_0 from link -294143_0 to link -287576_0_r
2021-07-12 13:42:38,866  WARN DefaultTurnAcceptanceLogic:36 Cannot move vehicle 6_1_0 from link -285744_0_r to link -301114_0_r
2021-07-12 13:42:38,867  WARN DefaultTurnAcceptanceLogic:36 Cannot move vehicle 9_1_0 from link -295968_0 to link -294827_0_r
2021-07-12 13:42:38,867  WARN DefaultTurnAcceptanceLogic:36 Cannot move vehicle 11_1_0 from link -283215_0_r to link -297968_0_r
2021-07-12 13:42:38,867  WARN DefaultTurnAcceptanceLogic:36 Cannot move vehicle 13_1_0 from link -284849_0_r to link -298291_0_r
2021-07-12 13:42:38,867  WARN DefaultTurnAcceptanceLogic:36 Cannot move vehicle 15_1_0 from link -297047_0_r to link -289416_0
2021-07-12 13:42:38,868  WARN DefaultTurnAcceptanceLogic:36 Cannot move vehicle 16_1_0 from link -300619_0_r to link -301584_0
2021-07-12 13:42:38,868  WARN DefaultTurnAcceptanceLogic:36 Cannot move vehicle 17_1_0 from link -283525_0 to link -283111_0
2021-07-12 13:42:38,868  WARN DefaultTurnAcceptanceLogic:36 Cannot move vehicle 18_1_0 from link -292289_0 to link -299693_0_r
2021-07-12 13:42:38,868  WARN DefaultTurnAcceptanceLogic:36 Cannot move vehicle 20_1_0 from link -299892_0_r to link -299615_0
2021-07-12 13:42:38,868  WARN DefaultTurnAcceptanceLogic:36 Cannot move vehicle 22_1_0 from link -296116_0_r to link -300886_0
2021-07-12 13:42:38,869  WARN DefaultTurnAcceptanceLogic:36 Cannot move vehicle 24_1_0 from link -287191_0 to link -283520_4
2021-07-12 13:42:38,869  WARN DefaultTurnAcceptanceLogic:36 Cannot move vehicle 26_1_0 from link -290719_0 to link -300762_0
2021-07-12 13:42:38,869  WARN DefaultTurnAcceptanceLogic:36 Cannot move vehicle 27_1_0 from link -303116_0_r to link -300438_0_r
2021-07-12 13:42:38,869  WARN DefaultTurnAcceptanceLogic:36 Cannot move vehicle 28_1_0 from link -295128_0_r to link -295860_0_r
2021-07-12 13:42:39,856  WARN DefaultTurnAcceptanceLogic:36 Cannot move vehicle 2_0_0 from link -303127_0 to link -286143_0_r
2021-07-12 13:42:39,856  WARN DefaultTurnAcceptanceLogic:36 Cannot move vehicle 4_0_0 from link -282404_3_r to link -296011_0
2021-07-12 13:42:39,856  WARN DefaultTurnAcceptanceLogic:36 Cannot move vehicle 5_0_0 from link -287576_0_r to link -294143_0
2021-07-12 13:42:39,857  WARN DefaultTurnAcceptanceLogic:36 Cannot move vehicle 6_0_0 from link -301114_0_r to link -285744_0_r
2021-07-12 13:42:39,857  WARN DefaultTurnAcceptanceLogic:36 Cannot move vehicle 8_0_0 from link -287333_0_r to link -303134_0_r
2021-07-12 13:42:39,858  WARN DefaultTurnAcceptanceLogic:36 Cannot move vehicle 11_0_0 from link -297968_0_r to link -283215_0_r
2021-07-12 13:42:39,858  WARN DefaultTurnAcceptanceLogic:36 Cannot move vehicle 12_0_0 from link -292067_0 to link -283948_0
2021-07-12 13:42:39,858  WARN DefaultTurnAcceptanceLogic:36 Cannot move vehicle 13_0_0 from link -298291_0_r to link -284849_0_r
2021-07-12 13:42:39,858  WARN DefaultTurnAcceptanceLogic:36 Cannot move vehicle 19_0_0 from link -300808_0 to link -298270_0_r
2021-07-12 13:42:39,859  WARN DefaultTurnAcceptanceLogic:36 Cannot move vehicle 22_0_0 from link -300886_0 to link -296116_0_r
2021-07-12 13:42:39,859  WARN DefaultTurnAcceptanceLogic:36 Cannot move vehicle 25_0_0 from link -293153_0 to link -292863_0_r
2021-07-12 13:42:39,860  WARN DefaultTurnAcceptanceLogic:36 Cannot move vehicle 26_0_0 from link -300762_0 to link -290719_0
2021-07-12 13:42:39,860  WARN DefaultTurnAcceptanceLogic:36 Cannot move vehicle 28_0_0 from link -295860_0_r to link -295128_0_r
2021-07-12 13:42:39,864  WARN DefaultTurnAcceptanceLogic:36 Cannot move vehicle 8_0_1 from link -281922_0_r to link -289981_0
2021-07-12 13:42:39,866  WARN DefaultTurnAcceptanceLogic:36 Cannot move vehicle 24_0_0 from link -297687_0 to link -287191_0
2021-07-12 13:42:40,496  WARN DefaultTurnAcceptanceLogic:36 Cannot move vehicle 0_1_0 from link -296751_0 to link -290028_0_r
2021-07-12 13:42:40,496  WARN DefaultTurnAcceptanceLogic:36 Cannot move vehicle 1_1_0 from link -283923_0 to link -295599_0
2021-07-12 13:42:40,497  WARN DefaultTurnAcceptanceLogic:36 Cannot move vehicle 2_1_0 from link -286143_0_r to link -303127_0
2021-07-12 13:42:40,497  WARN DefaultTurnAcceptanceLogic:36 Cannot move vehicle 3_1_0 from link -299507_0_r to link -298543_0_r
2021-07-12 13:42:40,497  WARN DefaultTurnAcceptanceLogic:36 Cannot move vehicle 5_1_0 from link -294143_0 to link -287576_0_r
2021-07-12 13:42:40,497  WARN DefaultTurnAcceptanceLogic:36 Cannot move vehicle 6_1_0 from link -285744_0_r to link -301114_0_r
2021-07-12 13:42:40,498  WARN DefaultTurnAcceptanceLogic:36 Cannot move vehicle 9_1_0 from link -295968_0 to link -294827_0_r
2021-07-12 13:42:40,498  WARN DefaultTurnAcceptanceLogic:36 Cannot move vehicle 11_1_0 from link -283215_0_r to link -297968_0_r
2021-07-12 13:42:40,499  WARN DefaultTurnAcceptanceLogic:36 Cannot move vehicle 13_1_0 from link -284849_0_r to link -298291_0_r
2021-07-12 13:42:40,499  WARN DefaultTurnAcceptanceLogic:36 Cannot move vehicle 15_1_0 from link -297047_0_r to link -289416_0
2021-07-12 13:42:40,499  WARN DefaultTurnAcceptanceLogic:36 Cannot move vehicle 16_1_0 from link -300619_0_r to link -301584_0
2021-07-12 13:42:40,499  WARN DefaultTurnAcceptanceLogic:36 Cannot move vehicle 17_1_0 from link -283525_0 to link -283111_0
2021-07-12 13:42:40,499  WARN DefaultTurnAcceptanceLogic:36 Cannot move vehicle 18_1_0 from link -292289_0 to link -299693_0_r
2021-07-12 13:42:40,500  WARN DefaultTurnAcceptanceLogic:36 Cannot move vehicle 20_1_0 from link -299892_0_r to link -299615_0
2021-07-12 13:42:40,500  WARN DefaultTurnAcceptanceLogic:36 Cannot move vehicle 22_1_0 from link -296116_0_r to link -300886_0
2021-07-12 13:42:40,500  WARN DefaultTurnAcceptanceLogic:36 Cannot move vehicle 24_1_0 from link -287191_0 to link -283520_4
2021-07-12 13:42:40,501  WARN DefaultTurnAcceptanceLogic:36 Cannot move vehicle 26_1_0 from link -290719_0 to link -300762_0
2021-07-12 13:42:40,501  WARN DefaultTurnAcceptanceLogic:36 Cannot move vehicle 27_1_0 from link -303116_0_r to link -300438_0_r
2021-07-12 13:42:40,501  WARN DefaultTurnAcceptanceLogic:36 Cannot move vehicle 28_1_0 from link -295128_0_r to link -295860_0_r
2021-07-12 13:42:42,029  WARN DefaultTurnAcceptanceLogic:36 Cannot move vehicle 4_0_0 from link -282404_3_r to link -296011_0
2021-07-12 13:42:42,029  WARN DefaultTurnAcceptanceLogic:36 Cannot move vehicle 5_0_0 from link -287576_0_r to link -294143_0
2021-07-12 13:42:42,030  WARN DefaultTurnAcceptanceLogic:36 Cannot move vehicle 6_0_0 from link -301114_0_r to link -285744_0_r
2021-07-12 13:42:42,030  WARN DefaultTurnAcceptanceLogic:36 Cannot move vehicle 8_0_0 from link -287333_0_r to link -303134_0_r
2021-07-12 13:42:42,031  WARN DefaultTurnAcceptanceLogic:36 Cannot move vehicle 11_0_0 from link -297968_0_r to link -283215_0_r
2021-07-12 13:42:42,031  WARN DefaultTurnAcceptanceLogic:36 Cannot move vehicle 12_0_0 from link -292067_0 to link -283948_0
2021-07-12 13:42:42,031  WARN DefaultTurnAcceptanceLogic:36 Cannot move vehicle 13_0_0 from link -298291_0_r to link -284849_0_r
2021-07-12 13:42:42,031  WARN DefaultTurnAcceptanceLogic:36 Cannot move vehicle 19_0_0 from link -300808_0 to link -298270_0_r
2021-07-12 13:42:42,032  WARN DefaultTurnAcceptanceLogic:36 Cannot move vehicle 22_0_0 from link -300886_0 to link -296116_0_r
2021-07-12 13:42:42,032  WARN DefaultTurnAcceptanceLogic:36 Cannot move vehicle 25_0_0 from link -293153_0 to link -292863_0_r
2021-07-12 13:42:42,033  WARN DefaultTurnAcceptanceLogic:36 Cannot move vehicle 26_0_0 from link -300762_0 to link -290719_0
2021-07-12 13:42:42,033  WARN DefaultTurnAcceptanceLogic:36 Cannot move vehicle 28_0_0 from link -295860_0_r to link -295128_0_r
2021-07-12 13:42:42,036  WARN DefaultTurnAcceptanceLogic:36 Cannot move vehicle 8_0_1 from link -281922_0_r to link -289981_0
2021-07-12 13:42:42,039  WARN DefaultTurnAcceptanceLogic:36 Cannot move vehicle 24_0_0 from link -297687_0 to link -287191_0
2021-07-12 13:42:42,669  WARN DefaultTurnAcceptanceLogic:36 Cannot move vehicle 0_1_0 from link -296751_0 to link -290028_0_r
2021-07-12 13:42:42,669  WARN DefaultTurnAcceptanceLogic:36 Cannot move vehicle 1_1_0 from link -283923_0 to link -295599_0
2021-07-12 13:42:42,669  WARN DefaultTurnAcceptanceLogic:36 Cannot move vehicle 2_1_0 from link -286143_0_r to link -303127_0
2021-07-12 13:42:42,670  WARN DefaultTurnAcceptanceLogic:36 Cannot move vehicle 3_1_0 from link -299507_0_r to link -298543_0_r
2021-07-12 13:42:42,670  WARN DefaultTurnAcceptanceLogic:36 Cannot move vehicle 5_1_0 from link -294143_0 to link -287576_0_r
2021-07-12 13:42:42,670  WARN DefaultTurnAcceptanceLogic:36 Cannot move vehicle 6_1_0 from link -285744_0_r to link -301114_0_r
2021-07-12 13:42:42,670  WARN DefaultTurnAcceptanceLogic:36 Cannot move vehicle 9_1_0 from link -295968_0 to link -294827_0_r
2021-07-12 13:42:42,671  WARN DefaultTurnAcceptanceLogic:36 Cannot move vehicle 11_1_0 from link -283215_0_r to link -297968_0_r
2021-07-12 13:42:42,671  WARN DefaultTurnAcceptanceLogic:36 Cannot move vehicle 13_1_0 from link -284849_0_r to link -298291_0_r
2021-07-12 13:42:42,671  WARN DefaultTurnAcceptanceLogic:36 Cannot move vehicle 15_1_0 from link -297047_0_r to link -289416_0
2021-07-12 13:42:42,671  WARN DefaultTurnAcceptanceLogic:36 Cannot move vehicle 16_1_0 from link -300619_0_r to link -301584_0
2021-07-12 13:42:42,672  WARN DefaultTurnAcceptanceLogic:36 Cannot move vehicle 17_1_0 from link -283525_0 to link -283111_0
2021-07-12 13:42:42,672  WARN DefaultTurnAcceptanceLogic:36 Cannot move vehicle 18_1_0 from link -292289_0 to link -299693_0_r
2021-07-12 13:42:42,672  WARN DefaultTurnAcceptanceLogic:36 Cannot move vehicle 20_1_0 from link -299892_0_r to link -299615_0
2021-07-12 13:42:42,672  WARN DefaultTurnAcceptanceLogic:36 Cannot move vehicle 22_1_0 from link -296116_0_r to link -300886_0
2021-07-12 13:42:42,673  WARN DefaultTurnAcceptanceLogic:36 Cannot move vehicle 24_1_0 from link -287191_0 to link -283520_4
2021-07-12 13:42:42,673  WARN DefaultTurnAcceptanceLogic:36 Cannot move vehicle 26_1_0 from link -290719_0 to link -300762_0
2021-07-12 13:42:42,673  WARN DefaultTurnAcceptanceLogic:36 Cannot move vehicle 27_1_0 from link -303116_0_r to link -300438_0_r
2021-07-12 13:42:42,673  WARN DefaultTurnAcceptanceLogic:36 Cannot move vehicle 28_1_0 from link -295128_0_r to link -295860_0_r
2021-07-12 13:42:43,928  WARN DefaultTurnAcceptanceLogic:36 Cannot move vehicle 5_0_0 from link -287576_0_r to link -294143_0
2021-07-12 13:42:43,929  WARN DefaultTurnAcceptanceLogic:36 Cannot move vehicle 6_0_0 from link -301114_0_r to link -285744_0_r
2021-07-12 13:42:43,929  WARN DefaultTurnAcceptanceLogic:36 Cannot move vehicle 8_0_0 from link -287333_0_r to link -303134_0_r
2021-07-12 13:42:43,930  WARN DefaultTurnAcceptanceLogic:36 Cannot move vehicle 11_0_0 from link -297968_0_r to link -283215_0_r
2021-07-12 13:42:43,930  WARN DefaultTurnAcceptanceLogic:36 Cannot move vehicle 12_0_0 from link -292067_0 to link -283948_0
2021-07-12 13:42:43,930  WARN DefaultTurnAcceptanceLogic:36 Cannot move vehicle 19_0_0 from link -300808_0 to link -298270_0_r
2021-07-12 13:42:43,931  WARN DefaultTurnAcceptanceLogic:36 Cannot move vehicle 22_0_0 from link -300886_0 to link -296116_0_r
2021-07-12 13:42:43,932  WARN DefaultTurnAcceptanceLogic:36 Cannot move vehicle 26_0_0 from link -300762_0 to link -290719_0
2021-07-12 13:42:43,932  WARN DefaultTurnAcceptanceLogic:36 Cannot move vehicle 28_0_0 from link -295860_0_r to link -295128_0_r
2021-07-12 13:42:43,936  WARN DefaultTurnAcceptanceLogic:36 Cannot move vehicle 8_0_1 from link -281922_0_r to link -289981_0
2021-07-12 13:42:43,938  WARN DefaultTurnAcceptanceLogic:36 Cannot move vehicle 24_0_0 from link -297687_0 to link -287191_0
2021-07-12 13:42:44,497  WARN DefaultTurnAcceptanceLogic:36 Cannot move vehicle 0_1_0 from link -296751_0 to link -290028_0_r
2021-07-12 13:42:44,497  WARN DefaultTurnAcceptanceLogic:36 Cannot move vehicle 1_1_0 from link -283923_0 to link -295599_0
2021-07-12 13:42:44,497  WARN DefaultTurnAcceptanceLogic:36 Cannot move vehicle 2_1_0 from link -286143_0_r to link -303127_0
2021-07-12 13:42:44,498  WARN DefaultTurnAcceptanceLogic:36 Cannot move vehicle 3_1_0 from link -299507_0_r to link -298543_0_r
2021-07-12 13:42:44,498  WARN DefaultTurnAcceptanceLogic:36 Cannot move vehicle 5_1_0 from link -294143_0 to link -287576_0_r
2021-07-12 13:42:44,498  WARN DefaultTurnAcceptanceLogic:36 Cannot move vehicle 6_1_0 from link -285744_0_r to link -301114_0_r
2021-07-12 13:42:44,499  WARN DefaultTurnAcceptanceLogic:36 Cannot move vehicle 9_1_0 from link -295968_0 to link -294827_0_r
2021-07-12 13:42:44,499  WARN DefaultTurnAcceptanceLogic:36 Cannot move vehicle 11_1_0 from link -283215_0_r to link -297968_0_r
2021-07-12 13:42:44,499  WARN DefaultTurnAcceptanceLogic:36 Cannot move vehicle 13_1_0 from link -284849_0_r to link -298291_0_r
2021-07-12 13:42:44,499  WARN DefaultTurnAcceptanceLogic:36 Cannot move vehicle 15_1_0 from link -297047_0_r to link -289416_0
2021-07-12 13:42:44,500  WARN DefaultTurnAcceptanceLogic:36 Cannot move vehicle 16_1_0 from link -300619_0_r to link -301584_0
2021-07-12 13:42:44,500  WARN DefaultTurnAcceptanceLogic:36 Cannot move vehicle 18_1_0 from link -292289_0 to link -299693_0_r
2021-07-12 13:42:44,500  WARN DefaultTurnAcceptanceLogic:36 Cannot move vehicle 20_1_0 from link -299892_0_r to link -299615_0
2021-07-12 13:42:44,500  WARN DefaultTurnAcceptanceLogic:36 Cannot move vehicle 22_1_0 from link -296116_0_r to link -300886_0
2021-07-12 13:42:44,501  WARN DefaultTurnAcceptanceLogic:36 Cannot move vehicle 24_1_0 from link -287191_0 to link -283520_4
2021-07-12 13:42:44,501  WARN DefaultTurnAcceptanceLogic:36 Cannot move vehicle 26_1_0 from link -290719_0 to link -300762_0
2021-07-12 13:42:45,611  WARN DefaultTurnAcceptanceLogic:36 Cannot move vehicle 5_0_0 from link -287576_0_r to link -294143_0
2021-07-12 13:42:45,612  WARN DefaultTurnAcceptanceLogic:36 Cannot move vehicle 6_0_0 from link -301114_0_r to link -285744_0_r
2021-07-12 13:42:45,612  WARN DefaultTurnAcceptanceLogic:36 Cannot move vehicle 8_0_0 from link -287333_0_r to link -303134_0_r
2021-07-12 13:42:45,613  WARN DefaultTurnAcceptanceLogic:36 Cannot move vehicle 11_0_0 from link -297968_0_r to link -283215_0_r
2021-07-12 13:42:45,613  WARN DefaultTurnAcceptanceLogic:36 Cannot move vehicle 12_0_0 from link -292067_0 to link -283948_0
2021-07-12 13:42:45,613  WARN DefaultTurnAcceptanceLogic:36 Cannot move vehicle 19_0_0 from link -300808_0 to link -298270_0_r
2021-07-12 13:42:45,614  WARN DefaultTurnAcceptanceLogic:36 Cannot move vehicle 22_0_0 from link -300886_0 to link -296116_0_r
2021-07-12 13:42:45,615  WARN DefaultTurnAcceptanceLogic:36 Cannot move vehicle 26_0_0 from link -300762_0 to link -290719_0
2021-07-12 13:42:45,615  WARN DefaultTurnAcceptanceLogic:36 Cannot move vehicle 28_0_0 from link -295860_0_r to link -295128_0_r
2021-07-12 13:42:45,618  WARN DefaultTurnAcceptanceLogic:36 Cannot move vehicle 8_0_1 from link -281922_0_r to link -289981_0
2021-07-12 13:42:46,191  WARN DefaultTurnAcceptanceLogic:36 Cannot move vehicle 0_1_0 from link -296751_0 to link -290028_0_r
2021-07-12 13:42:46,192  WARN DefaultTurnAcceptanceLogic:36 Cannot move vehicle 1_1_0 from link -283923_0 to link -295599_0
2021-07-12 13:42:46,192  WARN DefaultTurnAcceptanceLogic:36 Cannot move vehicle 2_1_0 from link -286143_0_r to link -303127_0
2021-07-12 13:42:46,192  WARN DefaultTurnAcceptanceLogic:36 Cannot move vehicle 3_1_0 from link -299507_0_r to link -298543_0_r
2021-07-12 13:42:46,192  WARN DefaultTurnAcceptanceLogic:36 Cannot move vehicle 6_1_0 from link -285744_0_r to link -301114_0_r
2021-07-12 13:42:46,193  WARN DefaultTurnAcceptanceLogic:36 Cannot move vehicle 9_1_0 from link -295968_0 to link -294827_0_r
2021-07-12 13:42:46,193  WARN DefaultTurnAcceptanceLogic:36 Cannot move vehicle 11_1_0 from link -283215_0_r to link -297968_0_r
2021-07-12 13:42:46,193  WARN DefaultTurnAcceptanceLogic:36 Cannot move vehicle 13_1_0 from link -284849_0_r to link -298291_0_r
2021-07-12 13:42:46,193  WARN DefaultTurnAcceptanceLogic:36 Cannot move vehicle 15_1_0 from link -297047_0_r to link -289416_0
2021-07-12 13:42:46,194  WARN DefaultTurnAcceptanceLogic:36 Cannot move vehicle 16_1_0 from link -300619_0_r to link -301584_0
2021-07-12 13:42:46,194  WARN DefaultTurnAcceptanceLogic:36 Cannot move vehicle 18_1_0 from link -292289_0 to link -299693_0_r
2021-07-12 13:42:46,194  WARN DefaultTurnAcceptanceLogic:36 Cannot move vehicle 20_1_0 from link -299892_0_r to link -299615_0
2021-07-12 13:42:46,194  WARN DefaultTurnAcceptanceLogic:36 Cannot move vehicle 22_1_0 from link -296116_0_r to link -300886_0
2021-07-12 13:42:46,195  WARN DefaultTurnAcceptanceLogic:36 Cannot move vehicle 24_1_0 from link -287191_0 to link -283520_4
2021-07-12 13:42:46,195  WARN DefaultTurnAcceptanceLogic:36 Cannot move vehicle 26_1_0 from link -290719_0 to link -300762_0
2021-07-12 13:42:47,384  WARN DefaultTurnAcceptanceLogic:36 Cannot move vehicle 5_0_0 from link -287576_0_r to link -294143_0
2021-07-12 13:42:47,384  WARN DefaultTurnAcceptanceLogic:36 Cannot move vehicle 8_0_0 from link -287333_0_r to link -303134_0_r
2021-07-12 13:42:47,385  WARN DefaultTurnAcceptanceLogic:36 Cannot move vehicle 11_0_0 from link -297968_0_r to link -283215_0_r
2021-07-12 13:42:47,385  WARN DefaultTurnAcceptanceLogic:36 Cannot move vehicle 12_0_0 from link -292067_0 to link -283948_0
2021-07-12 13:42:47,386  WARN DefaultTurnAcceptanceLogic:36 Cannot move vehicle 19_0_0 from link -300808_0 to link -298270_0_r
2021-07-12 13:42:47,386  WARN DefaultTurnAcceptanceLogic:36 Cannot move vehicle 22_0_0 from link -300886_0 to link -296116_0_r
2021-07-12 13:42:47,387  WARN DefaultTurnAcceptanceLogic:36 Cannot move vehicle 26_0_0 from link -300762_0 to link -290719_0
2021-07-12 13:42:47,388  WARN DefaultTurnAcceptanceLogic:36 Cannot move vehicle 28_0_0 from link -295860_0_r to link -295128_0_r
2021-07-12 13:42:47,392  WARN DefaultTurnAcceptanceLogic:36 Cannot move vehicle 8_0_1 from link -281922_0_r to link -289981_0
2021-07-12 13:42:48,006  WARN DefaultTurnAcceptanceLogic:36 Cannot move vehicle 0_1_0 from link -296751_0 to link -290028_0_r
2021-07-12 13:42:48,006  WARN DefaultTurnAcceptanceLogic:36 Cannot move vehicle 1_1_0 from link -283923_0 to link -295599_0
2021-07-12 13:42:48,006  WARN DefaultTurnAcceptanceLogic:36 Cannot move vehicle 2_1_0 from link -286143_0_r to link -303127_0
2021-07-12 13:42:48,006  WARN DefaultTurnAcceptanceLogic:36 Cannot move vehicle 3_1_0 from link -299507_0_r to link -298543_0_r
2021-07-12 13:42:48,007  WARN DefaultTurnAcceptanceLogic:36 Cannot move vehicle 6_1_0 from link -285744_0_r to link -301114_0_r
2021-07-12 13:42:48,007  WARN DefaultTurnAcceptanceLogic:36 Cannot move vehicle 9_1_0 from link -295968_0 to link -294827_0_r
2021-07-12 13:42:48,007  WARN DefaultTurnAcceptanceLogic:36 Cannot move vehicle 11_1_0 from link -283215_0_r to link -297968_0_r
2021-07-12 13:42:48,008  WARN DefaultTurnAcceptanceLogic:36 Cannot move vehicle 13_1_0 from link -284849_0_r to link -298291_0_r
2021-07-12 13:42:48,008  WARN DefaultTurnAcceptanceLogic:36 Cannot move vehicle 15_1_0 from link -297047_0_r to link -289416_0
2021-07-12 13:42:48,008  WARN DefaultTurnAcceptanceLogic:36 Cannot move vehicle 16_1_0 from link -300619_0_r to link -301584_0
2021-07-12 13:42:48,008  WARN DefaultTurnAcceptanceLogic:36 Cannot move vehicle 18_1_0 from link -292289_0 to link -299693_0_r
2021-07-12 13:42:48,009  WARN DefaultTurnAcceptanceLogic:36 Cannot move vehicle 20_1_0 from link -299892_0_r to link -299615_0
2021-07-12 13:42:48,009  WARN DefaultTurnAcceptanceLogic:36 Cannot move vehicle 22_1_0 from link -296116_0_r to link -300886_0
2021-07-12 13:42:48,009  WARN DefaultTurnAcceptanceLogic:36 Cannot move vehicle 24_1_0 from link -287191_0 to link -283520_4
2021-07-12 13:42:48,010  WARN DefaultTurnAcceptanceLogic:36 Cannot move vehicle 26_1_0 from link -290719_0 to link -300762_0
2021-07-12 13:42:50,854  WARN DefaultTurnAcceptanceLogic:36 Cannot move vehicle 11_0_0 from link -297968_0_r to link -283215_0_r
2021-07-12 13:42:50,855  WARN DefaultTurnAcceptanceLogic:36 Cannot move vehicle 12_0_0 from link -292067_0 to link -283948_0
2021-07-12 13:42:50,855  WARN DefaultTurnAcceptanceLogic:36 Cannot move vehicle 19_0_0 from link -300808_0 to link -298270_0_r
2021-07-12 13:42:50,856  WARN DefaultTurnAcceptanceLogic:36 Cannot move vehicle 22_0_0 from link -300886_0 to link -296116_0_r
2021-07-12 13:42:50,857  WARN DefaultTurnAcceptanceLogic:36 Cannot move vehicle 26_0_0 from link -300762_0 to link -290719_0
2021-07-12 13:42:50,857  WARN DefaultTurnAcceptanceLogic:36 Cannot move vehicle 28_0_0 from link -295860_0_r to link -295128_0_r
2021-07-12 13:42:50,861  WARN DefaultTurnAcceptanceLogic:36 Cannot move vehicle 8_0_1 from link -281922_0_r to link -289981_0
2021-07-12 13:42:51,427  WARN DefaultTurnAcceptanceLogic:36 Cannot move vehicle 0_1_0 from link -296751_0 to link -290028_0_r
2021-07-12 13:42:51,427  WARN DefaultTurnAcceptanceLogic:36 Cannot move vehicle 1_1_0 from link -283923_0 to link -295599_0
2021-07-12 13:42:51,427  WARN DefaultTurnAcceptanceLogic:36 Cannot move vehicle 2_1_0 from link -286143_0_r to link -303127_0
2021-07-12 13:42:51,427  WARN DefaultTurnAcceptanceLogic:36 Cannot move vehicle 3_1_0 from link -299507_0_r to link -298543_0_r
2021-07-12 13:42:51,427  WARN DefaultTurnAcceptanceLogic:36 Cannot move vehicle 6_1_0 from link -285744_0_r to link -301114_0_r
2021-07-12 13:42:51,428  WARN DefaultTurnAcceptanceLogic:36 Cannot move vehicle 9_1_0 from link -295968_0 to link -294827_0_r
2021-07-12 13:42:51,428  WARN DefaultTurnAcceptanceLogic:36 Cannot move vehicle 11_1_0 from link -283215_0_r to link -297968_0_r
2021-07-12 13:42:51,428  WARN DefaultTurnAcceptanceLogic:36 Cannot move vehicle 13_1_0 from link -284849_0_r to link -298291_0_r
2021-07-12 13:42:51,429  WARN DefaultTurnAcceptanceLogic:36 Cannot move vehicle 15_1_0 from link -297047_0_r to link -289416_0
2021-07-12 13:42:51,429  WARN DefaultTurnAcceptanceLogic:36 Cannot move vehicle 16_1_0 from link -300619_0_r to link -301584_0
2021-07-12 13:42:51,429  WARN DefaultTurnAcceptanceLogic:36 Cannot move vehicle 18_1_0 from link -292289_0 to link -299693_0_r
2021-07-12 13:42:51,429  WARN DefaultTurnAcceptanceLogic:36 Cannot move vehicle 20_1_0 from link -299892_0_r to link -299615_0
2021-07-12 13:42:51,429  WARN DefaultTurnAcceptanceLogic:36 Cannot move vehicle 22_1_0 from link -296116_0_r to link -300886_0
2021-07-12 13:42:51,430  WARN DefaultTurnAcceptanceLogic:36 Cannot move vehicle 24_1_0 from link -287191_0 to link -283520_4
2021-07-12 13:42:51,430  WARN DefaultTurnAcceptanceLogic:36 Cannot move vehicle 26_1_0 from link -290719_0 to link -300762_0
2021-07-12 13:42:52,460  WARN DefaultTurnAcceptanceLogic:36 Cannot move vehicle 11_0_0 from link -297968_0_r to link -283215_0_r
2021-07-12 13:42:52,461  WARN DefaultTurnAcceptanceLogic:36 Cannot move vehicle 12_0_0 from link -292067_0 to link -283948_0
2021-07-12 13:42:52,461  WARN DefaultTurnAcceptanceLogic:36 Cannot move vehicle 19_0_0 from link -300808_0 to link -298270_0_r
2021-07-12 13:42:52,462  WARN DefaultTurnAcceptanceLogic:36 Cannot move vehicle 22_0_0 from link -300886_0 to link -296116_0_r
2021-07-12 13:42:52,462  WARN DefaultTurnAcceptanceLogic:36 Cannot move vehicle 26_0_0 from link -300762_0 to link -290719_0
2021-07-12 13:42:52,463  WARN DefaultTurnAcceptanceLogic:36 Cannot move vehicle 28_0_0 from link -295860_0_r to link -295128_0_r
2021-07-12 13:42:53,037  WARN DefaultTurnAcceptanceLogic:36 Cannot move vehicle 0_1_0 from link -296751_0 to link -290028_0_r
2021-07-12 13:42:53,037  WARN DefaultTurnAcceptanceLogic:36 Cannot move vehicle 1_1_0 from link -283923_0 to link -295599_0
2021-07-12 13:42:53,038  WARN DefaultTurnAcceptanceLogic:36 Cannot move vehicle 2_1_0 from link -286143_0_r to link -303127_0
2021-07-12 13:42:53,038  WARN DefaultTurnAcceptanceLogic:36 Cannot move vehicle 3_1_0 from link -299507_0_r to link -298543_0_r
2021-07-12 13:42:53,038  WARN DefaultTurnAcceptanceLogic:36 Cannot move vehicle 6_1_0 from link -285744_0_r to link -301114_0_r
2021-07-12 13:42:53,039  WARN DefaultTurnAcceptanceLogic:36 Cannot move vehicle 9_1_0 from link -295968_0 to link -294827_0_r
2021-07-12 13:42:53,039  WARN DefaultTurnAcceptanceLogic:36 Cannot move vehicle 11_1_0 from link -283215_0_r to link -297968_0_r
2021-07-12 13:42:53,040  WARN DefaultTurnAcceptanceLogic:36 Cannot move vehicle 13_1_0 from link -284849_0_r to link -298291_0_r
2021-07-12 13:42:53,040  WARN DefaultTurnAcceptanceLogic:36 Cannot move vehicle 15_1_0 from link -297047_0_r to link -289416_0
2021-07-12 13:42:53,040  WARN DefaultTurnAcceptanceLogic:36 Cannot move vehicle 16_1_0 from link -300619_0_r to link -301584_0
2021-07-12 13:42:53,040  WARN DefaultTurnAcceptanceLogic:36 Cannot move vehicle 18_1_0 from link -292289_0 to link -299693_0_r
2021-07-12 13:42:53,040  WARN DefaultTurnAcceptanceLogic:36 Cannot move vehicle 20_1_0 from link -299892_0_r to link -299615_0
2021-07-12 13:42:53,040  WARN DefaultTurnAcceptanceLogic:36 Cannot move vehicle 22_1_0 from link -296116_0_r to link -300886_0
2021-07-12 13:42:53,041  WARN DefaultTurnAcceptanceLogic:36 Cannot move vehicle 24_1_0 from link -287191_0 to link -283520_4
2021-07-12 13:42:53,041  WARN DefaultTurnAcceptanceLogic:36 Cannot move vehicle 26_1_0 from link -290719_0 to link -300762_0
2021-07-12 13:42:54,069  WARN DefaultTurnAcceptanceLogic:36 Cannot move vehicle 11_0_0 from link -297968_0_r to link -283215_0_r
2021-07-12 13:42:54,069  WARN DefaultTurnAcceptanceLogic:36 Cannot move vehicle 12_0_0 from link -292067_0 to link -283948_0
2021-07-12 13:42:54,070  WARN DefaultTurnAcceptanceLogic:36 Cannot move vehicle 19_0_0 from link -300808_0 to link -298270_0_r
2021-07-12 13:42:54,070  WARN DefaultTurnAcceptanceLogic:36 Cannot move vehicle 22_0_0 from link -300886_0 to link -296116_0_r
2021-07-12 13:42:54,071  WARN DefaultTurnAcceptanceLogic:36 Cannot move vehicle 26_0_0 from link -300762_0 to link -290719_0
2021-07-12 13:42:54,072  WARN DefaultTurnAcceptanceLogic:36 Cannot move vehicle 28_0_0 from link -295860_0_r to link -295128_0_r
2021-07-12 13:42:54,635  WARN DefaultTurnAcceptanceLogic:36 Cannot move vehicle 0_1_0 from link -296751_0 to link -290028_0_r
2021-07-12 13:42:54,635  WARN DefaultTurnAcceptanceLogic:36 Cannot move vehicle 1_1_0 from link -283923_0 to link -295599_0
2021-07-12 13:42:54,635  WARN DefaultTurnAcceptanceLogic:36 Cannot move vehicle 2_1_0 from link -286143_0_r to link -303127_0
2021-07-12 13:42:54,635  WARN DefaultTurnAcceptanceLogic:36 Cannot move vehicle 3_1_0 from link -299507_0_r to link -298543_0_r
2021-07-12 13:42:54,636  WARN DefaultTurnAcceptanceLogic:36 Cannot move vehicle 6_1_0 from link -285744_0_r to link -301114_0_r
2021-07-12 13:42:54,636  WARN DefaultTurnAcceptanceLogic:36 Cannot move vehicle 9_1_0 from link -295968_0 to link -294827_0_r
2021-07-12 13:42:54,637  WARN DefaultTurnAcceptanceLogic:36 Cannot move vehicle 11_1_0 from link -283215_0_r to link -297968_0_r
2021-07-12 13:42:54,637  WARN DefaultTurnAcceptanceLogic:36 Cannot move vehicle 13_1_0 from link -284849_0_r to link -298291_0_r
2021-07-12 13:42:54,637  WARN DefaultTurnAcceptanceLogic:36 Cannot move vehicle 15_1_0 from link -297047_0_r to link -289416_0
2021-07-12 13:42:54,637  WARN DefaultTurnAcceptanceLogic:36 Cannot move vehicle 16_1_0 from link -300619_0_r to link -301584_0
2021-07-12 13:42:54,637  WARN DefaultTurnAcceptanceLogic:36 Cannot move vehicle 18_1_0 from link -292289_0 to link -299693_0_r
2021-07-12 13:42:54,638  WARN DefaultTurnAcceptanceLogic:36 Cannot move vehicle 20_1_0 from link -299892_0_r to link -299615_0
2021-07-12 13:42:54,638  WARN DefaultTurnAcceptanceLogic:36 Cannot move vehicle 22_1_0 from link -296116_0_r to link -300886_0
2021-07-12 13:42:54,638  WARN DefaultTurnAcceptanceLogic:36 Cannot move vehicle 26_1_0 from link -290719_0 to link -300762_0
2021-07-12 13:42:55,768  WARN DefaultTurnAcceptanceLogic:36 Cannot move vehicle 11_0_0 from link -297968_0_r to link -283215_0_r
2021-07-12 13:42:55,769  WARN DefaultTurnAcceptanceLogic:36 Cannot move vehicle 12_0_0 from link -292067_0 to link -283948_0
2021-07-12 13:42:55,769  WARN DefaultTurnAcceptanceLogic:36 Cannot move vehicle 19_0_0 from link -300808_0 to link -298270_0_r
2021-07-12 13:42:55,770  WARN DefaultTurnAcceptanceLogic:36 Cannot move vehicle 22_0_0 from link -300886_0 to link -296116_0_r
2021-07-12 13:42:55,771  WARN DefaultTurnAcceptanceLogic:36 Cannot move vehicle 26_0_0 from link -300762_0 to link -290719_0
2021-07-12 13:42:55,771  WARN DefaultTurnAcceptanceLogic:36 Cannot move vehicle 28_0_0 from link -295860_0_r to link -295128_0_r
2021-07-12 13:42:56,338  WARN DefaultTurnAcceptanceLogic:36 Cannot move vehicle 0_1_0 from link -296751_0 to link -290028_0_r
2021-07-12 13:42:56,338  WARN DefaultTurnAcceptanceLogic:36 Cannot move vehicle 1_1_0 from link -283923_0 to link -295599_0
2021-07-12 13:42:56,338  WARN DefaultTurnAcceptanceLogic:36 Cannot move vehicle 2_1_0 from link -286143_0_r to link -303127_0
2021-07-12 13:42:56,339  WARN DefaultTurnAcceptanceLogic:36 Cannot move vehicle 3_1_0 from link -299507_0_r to link -298543_0_r
2021-07-12 13:42:56,339  WARN DefaultTurnAcceptanceLogic:36 Cannot move vehicle 6_1_0 from link -285744_0_r to link -301114_0_r
2021-07-12 13:42:56,340  WARN DefaultTurnAcceptanceLogic:36 Cannot move vehicle 9_1_0 from link -295968_0 to link -294827_0_r
2021-07-12 13:42:56,340  WARN DefaultTurnAcceptanceLogic:36 Cannot move vehicle 13_1_0 from link -284849_0_r to link -298291_0_r
2021-07-12 13:42:56,340  WARN DefaultTurnAcceptanceLogic:36 Cannot move vehicle 15_1_0 from link -297047_0_r to link -289416_0
2021-07-12 13:42:56,341  WARN DefaultTurnAcceptanceLogic:36 Cannot move vehicle 16_1_0 from link -300619_0_r to link -301584_0
2021-07-12 13:42:56,341  WARN DefaultTurnAcceptanceLogic:36 Cannot move vehicle 18_1_0 from link -292289_0 to link -299693_0_r
2021-07-12 13:42:56,341  WARN DefaultTurnAcceptanceLogic:36 Cannot move vehicle 20_1_0 from link -299892_0_r to link -299615_0
2021-07-12 13:42:56,341  WARN DefaultTurnAcceptanceLogic:36 Cannot move vehicle 22_1_0 from link -296116_0_r to link -300886_0
2021-07-12 13:42:56,342  WARN DefaultTurnAcceptanceLogic:36 Cannot move vehicle 26_1_0 from link -290719_0 to link -300762_0
2021-07-12 13:42:57,289  WARN DefaultTurnAcceptanceLogic:36 Cannot move vehicle 11_0_0 from link -297968_0_r to link -283215_0_r
2021-07-12 13:42:57,289  WARN DefaultTurnAcceptanceLogic:36 Cannot move vehicle 12_0_0 from link -292067_0 to link -283948_0
2021-07-12 13:42:57,290  WARN DefaultTurnAcceptanceLogic:36 Cannot move vehicle 19_0_0 from link -300808_0 to link -298270_0_r
2021-07-12 13:42:57,290  WARN DefaultTurnAcceptanceLogic:36 Cannot move vehicle 22_0_0 from link -300886_0 to link -296116_0_r
2021-07-12 13:42:57,291  WARN DefaultTurnAcceptanceLogic:36 Cannot move vehicle 26_0_0 from link -300762_0 to link -290719_0
2021-07-12 13:42:57,292  WARN DefaultTurnAcceptanceLogic:36 Cannot move vehicle 28_0_0 from link -295860_0_r to link -295128_0_r
2021-07-12 13:42:57,875  WARN DefaultTurnAcceptanceLogic:36 Cannot move vehicle 0_1_0 from link -296751_0 to link -290028_0_r
2021-07-12 13:42:57,875  WARN DefaultTurnAcceptanceLogic:36 Cannot move vehicle 1_1_0 from link -283923_0 to link -295599_0
2021-07-12 13:42:57,875  WARN DefaultTurnAcceptanceLogic:36 Cannot move vehicle 2_1_0 from link -286143_0_r to link -303127_0
2021-07-12 13:42:57,876  WARN DefaultTurnAcceptanceLogic:36 Cannot move vehicle 3_1_0 from link -299507_0_r to link -298543_0_r
2021-07-12 13:42:57,876  WARN DefaultTurnAcceptanceLogic:36 Cannot move vehicle 6_1_0 from link -285744_0_r to link -301114_0_r
2021-07-12 13:42:57,877  WARN DefaultTurnAcceptanceLogic:36 Cannot move vehicle 9_1_0 from link -295968_0 to link -294827_0_r
2021-07-12 13:42:57,877  WARN DefaultTurnAcceptanceLogic:36 Cannot move vehicle 13_1_0 from link -284849_0_r to link -298291_0_r
2021-07-12 13:42:57,878  WARN DefaultTurnAcceptanceLogic:36 Cannot move vehicle 15_1_0 from link -297047_0_r to link -289416_0
2021-07-12 13:42:57,878  WARN DefaultTurnAcceptanceLogic:36 Cannot move vehicle 18_1_0 from link -292289_0 to link -299693_0_r
2021-07-12 13:42:57,878  WARN DefaultTurnAcceptanceLogic:36 Cannot move vehicle 22_1_0 from link -296116_0_r to link -300886_0
2021-07-12 13:42:57,879  WARN DefaultTurnAcceptanceLogic:36 Cannot move vehicle 26_1_0 from link -290719_0 to link -300762_0
2021-07-12 13:42:59,284  WARN DefaultTurnAcceptanceLogic:36 Cannot move vehicle 11_0_0 from link -297968_0_r to link -283215_0_r
2021-07-12 13:42:59,284  WARN DefaultTurnAcceptanceLogic:36 Cannot move vehicle 12_0_0 from link -292067_0 to link -283948_0
2021-07-12 13:42:59,285  WARN DefaultTurnAcceptanceLogic:36 Cannot move vehicle 19_0_0 from link -300808_0 to link -298270_0_r
2021-07-12 13:42:59,286  WARN DefaultTurnAcceptanceLogic:36 Cannot move vehicle 26_0_0 from link -300762_0 to link -290719_0
2021-07-12 13:42:59,286  WARN DefaultTurnAcceptanceLogic:36 Cannot move vehicle 28_0_0 from link -295860_0_r to link -295128_0_r
2021-07-12 13:42:59,864  WARN DefaultTurnAcceptanceLogic:36 Cannot move vehicle 0_1_0 from link -296751_0 to link -290028_0_r
2021-07-12 13:42:59,864  WARN DefaultTurnAcceptanceLogic:36 Cannot move vehicle 1_1_0 from link -283923_0 to link -295599_0
2021-07-12 13:42:59,864  WARN DefaultTurnAcceptanceLogic:36 Cannot move vehicle 2_1_0 from link -286143_0_r to link -303127_0
2021-07-12 13:42:59,864  WARN DefaultTurnAcceptanceLogic:36 Cannot move vehicle 3_1_0 from link -299507_0_r to link -298543_0_r
2021-07-12 13:42:59,865  WARN DefaultTurnAcceptanceLogic:36 Cannot move vehicle 9_1_0 from link -295968_0 to link -294827_0_r
2021-07-12 13:42:59,865  WARN DefaultTurnAcceptanceLogic:36 Cannot move vehicle 15_1_0 from link -297047_0_r to link -289416_0
2021-07-12 13:42:59,866  WARN DefaultTurnAcceptanceLogic:36 Cannot move vehicle 18_1_0 from link -292289_0 to link -299693_0_r
2021-07-12 13:42:59,867  WARN DefaultTurnAcceptanceLogic:36 Cannot move vehicle 26_1_0 from link -290719_0 to link -300762_0
2021-07-12 13:43:00,960  WARN DefaultTurnAcceptanceLogic:36 Cannot move vehicle 11_0_0 from link -297968_0_r to link -283215_0_r
2021-07-12 13:43:00,960  WARN DefaultTurnAcceptanceLogic:36 Cannot move vehicle 12_0_0 from link -292067_0 to link -283948_0
2021-07-12 13:43:00,961  WARN DefaultTurnAcceptanceLogic:36 Cannot move vehicle 19_0_0 from link -300808_0 to link -298270_0_r
2021-07-12 13:43:00,962  WARN DefaultTurnAcceptanceLogic:36 Cannot move vehicle 26_0_0 from link -300762_0 to link -290719_0
2021-07-12 13:43:00,963  WARN DefaultTurnAcceptanceLogic:36 Cannot move vehicle 28_0_0 from link -295860_0_r to link -295128_0_r
2021-07-12 13:43:01,541  WARN DefaultTurnAcceptanceLogic:36 Cannot move vehicle 0_1_0 from link -296751_0 to link -290028_0_r
2021-07-12 13:43:01,541  WARN DefaultTurnAcceptanceLogic:36 Cannot move vehicle 1_1_0 from link -283923_0 to link -295599_0
2021-07-12 13:43:01,542  WARN DefaultTurnAcceptanceLogic:36 Cannot move vehicle 2_1_0 from link -286143_0_r to link -303127_0
2021-07-12 13:43:01,542  WARN DefaultTurnAcceptanceLogic:36 Cannot move vehicle 3_1_0 from link -299507_0_r to link -298543_0_r
2021-07-12 13:43:01,543  WARN DefaultTurnAcceptanceLogic:36 Cannot move vehicle 9_1_0 from link -295968_0 to link -294827_0_r
2021-07-12 13:43:01,544  WARN DefaultTurnAcceptanceLogic:36 Cannot move vehicle 15_1_0 from link -297047_0_r to link -289416_0
2021-07-12 13:43:01,545  WARN DefaultTurnAcceptanceLogic:36 Cannot move vehicle 26_1_0 from link -290719_0 to link -300762_0
2021-07-12 13:43:02,692  WARN DefaultTurnAcceptanceLogic:36 Cannot move vehicle 11_0_0 from link -297968_0_r to link -283215_0_r
2021-07-12 13:43:02,693  WARN DefaultTurnAcceptanceLogic:36 Cannot move vehicle 12_0_0 from link -292067_0 to link -283948_0
2021-07-12 13:43:02,693  WARN DefaultTurnAcceptanceLogic:36 Cannot move vehicle 19_0_0 from link -300808_0 to link -298270_0_r
2021-07-12 13:43:02,695  WARN DefaultTurnAcceptanceLogic:36 Cannot move vehicle 26_0_0 from link -300762_0 to link -290719_0
2021-07-12 13:43:02,695  WARN DefaultTurnAcceptanceLogic:36 Cannot move vehicle 28_0_0 from link -295860_0_r to link -295128_0_r
2021-07-12 13:43:03,315  WARN DefaultTurnAcceptanceLogic:36 Cannot move vehicle 0_1_0 from link -296751_0 to link -290028_0_r
2021-07-12 13:43:03,315  WARN DefaultTurnAcceptanceLogic:36 Cannot move vehicle 1_1_0 from link -283923_0 to link -295599_0
2021-07-12 13:43:03,315  WARN DefaultTurnAcceptanceLogic:36 Cannot move vehicle 2_1_0 from link -286143_0_r to link -303127_0
2021-07-12 13:43:03,315  WARN DefaultTurnAcceptanceLogic:36 Cannot move vehicle 3_1_0 from link -299507_0_r to link -298543_0_r
2021-07-12 13:43:03,316  WARN DefaultTurnAcceptanceLogic:36 Cannot move vehicle 9_1_0 from link -295968_0 to link -294827_0_r
2021-07-12 13:43:03,318  WARN DefaultTurnAcceptanceLogic:36 Cannot move vehicle 26_1_0 from link -290719_0 to link -300762_0
2021-07-12 13:43:04,456  WARN DefaultTurnAcceptanceLogic:36 Cannot move vehicle 11_0_0 from link -297968_0_r to link -283215_0_r
2021-07-12 13:43:04,456  WARN DefaultTurnAcceptanceLogic:36 Cannot move vehicle 12_0_0 from link -292067_0 to link -283948_0
2021-07-12 13:43:04,457  WARN DefaultTurnAcceptanceLogic:36 Cannot move vehicle 19_0_0 from link -300808_0 to link -298270_0_r
2021-07-12 13:43:04,458  WARN DefaultTurnAcceptanceLogic:36 Cannot move vehicle 26_0_0 from link -300762_0 to link -290719_0
2021-07-12 13:43:04,459  WARN DefaultTurnAcceptanceLogic:36 Cannot move vehicle 28_0_0 from link -295860_0_r to link -295128_0_r
2021-07-12 13:43:05,017  WARN DefaultTurnAcceptanceLogic:36 Cannot move vehicle 0_1_0 from link -296751_0 to link -290028_0_r
2021-07-12 13:43:05,018  WARN DefaultTurnAcceptanceLogic:36 Cannot move vehicle 1_1_0 from link -283923_0 to link -295599_0
2021-07-12 13:43:05,018  WARN DefaultTurnAcceptanceLogic:36 Cannot move vehicle 3_1_0 from link -299507_0_r to link -298543_0_r
2021-07-12 13:43:05,020  WARN DefaultTurnAcceptanceLogic:36 Cannot move vehicle 26_1_0 from link -290719_0 to link -300762_0
2021-07-12 13:43:06,301  WARN DefaultTurnAcceptanceLogic:36 Cannot move vehicle 11_0_0 from link -297968_0_r to link -283215_0_r
2021-07-12 13:43:06,307  WARN DefaultTurnAcceptanceLogic:36 Cannot move vehicle 12_0_0 from link -292067_0 to link -283948_0
2021-07-12 13:43:06,308  WARN DefaultTurnAcceptanceLogic:36 Cannot move vehicle 19_0_0 from link -300808_0 to link -298270_0_r
2021-07-12 13:43:06,310  WARN DefaultTurnAcceptanceLogic:36 Cannot move vehicle 26_0_0 from link -300762_0 to link -290719_0
2021-07-12 13:43:06,902  WARN DefaultTurnAcceptanceLogic:36 Cannot move vehicle 0_1_0 from link -296751_0 to link -290028_0_r
2021-07-12 13:43:06,902  WARN DefaultTurnAcceptanceLogic:36 Cannot move vehicle 1_1_0 from link -283923_0 to link -295599_0
2021-07-12 13:43:06,905  WARN DefaultTurnAcceptanceLogic:36 Cannot move vehicle 26_1_0 from link -290719_0 to link -300762_0
2021-07-12 13:43:09,737  WARN DefaultTurnAcceptanceLogic:36 Cannot move vehicle 11_0_0 from link -297968_0_r to link -283215_0_r
2021-07-12 13:43:09,737  WARN DefaultTurnAcceptanceLogic:36 Cannot move vehicle 12_0_0 from link -292067_0 to link -283948_0
2021-07-12 13:43:09,738  WARN DefaultTurnAcceptanceLogic:36 Cannot move vehicle 19_0_0 from link -300808_0 to link -298270_0_r
2021-07-12 13:43:09,739  WARN DefaultTurnAcceptanceLogic:36 Cannot move vehicle 26_0_0 from link -300762_0 to link -290719_0
2021-07-12 13:43:10,292  WARN DefaultTurnAcceptanceLogic:36 Cannot move vehicle 0_1_0 from link -296751_0 to link -290028_0_r
2021-07-12 13:43:10,292  WARN DefaultTurnAcceptanceLogic:36 Cannot move vehicle 1_1_0 from link -283923_0 to link -295599_0
2021-07-12 13:43:10,295  WARN DefaultTurnAcceptanceLogic:36 Cannot move vehicle 26_1_0 from link -290719_0 to link -300762_0
2021-07-12 13:43:11,389  WARN DefaultTurnAcceptanceLogic:36 Cannot move vehicle 12_0_0 from link -292067_0 to link -283948_0
2021-07-12 13:43:11,390  WARN DefaultTurnAcceptanceLogic:36 Cannot move vehicle 19_0_0 from link -300808_0 to link -298270_0_r
2021-07-12 13:43:11,391  WARN DefaultTurnAcceptanceLogic:36 Cannot move vehicle 26_0_0 from link -300762_0 to link -290719_0
2021-07-12 13:43:11,949  WARN DefaultTurnAcceptanceLogic:36 Cannot move vehicle 0_1_0 from link -296751_0 to link -290028_0_r
2021-07-12 13:43:11,949  WARN DefaultTurnAcceptanceLogic:36 Cannot move vehicle 1_1_0 from link -283923_0 to link -295599_0
2021-07-12 13:43:11,952  WARN DefaultTurnAcceptanceLogic:36 Cannot move vehicle 26_1_0 from link -290719_0 to link -300762_0
2021-07-12 13:43:12,971  WARN DefaultTurnAcceptanceLogic:36 Cannot move vehicle 12_0_0 from link -292067_0 to link -283948_0
2021-07-12 13:43:12,972  WARN DefaultTurnAcceptanceLogic:36 Cannot move vehicle 26_0_0 from link -300762_0 to link -290719_0
2021-07-12 13:43:13,584  WARN DefaultTurnAcceptanceLogic:36 Cannot move vehicle 0_1_0 from link -296751_0 to link -290028_0_r
2021-07-12 13:43:13,584  WARN DefaultTurnAcceptanceLogic:36 Cannot move vehicle 1_1_0 from link -283923_0 to link -295599_0
2021-07-12 13:43:13,587  WARN DefaultTurnAcceptanceLogic:36 Cannot move vehicle 26_1_0 from link -290719_0 to link -300762_0
2021-07-12 13:43:15,264  WARN DefaultTurnAcceptanceLogic:36 Cannot move vehicle 12_0_0 from link -292067_0 to link -283948_0
2021-07-12 13:43:15,266  WARN DefaultTurnAcceptanceLogic:36 Cannot move vehicle 26_0_0 from link -300762_0 to link -290719_0
2021-07-12 13:43:15,851  WARN DefaultTurnAcceptanceLogic:36 Cannot move vehicle 0_1_0 from link -296751_0 to link -290028_0_r
2021-07-12 13:43:15,851  WARN DefaultTurnAcceptanceLogic:36 Cannot move vehicle 1_1_0 from link -283923_0 to link -295599_0
2021-07-12 13:43:16,955  WARN DefaultTurnAcceptanceLogic:36 Cannot move vehicle 12_0_0 from link -292067_0 to link -283948_0
2021-07-12 13:43:17,573  WARN DefaultTurnAcceptanceLogic:36 Cannot move vehicle 0_1_0 from link -296751_0 to link -290028_0_r
2021-07-12 13:43:17,573  WARN DefaultTurnAcceptanceLogic:36 Cannot move vehicle 1_1_0 from link -283923_0 to link -295599_0
2021-07-12 13:43:18,556  WARN DefaultTurnAcceptanceLogic:36 Cannot move vehicle 12_0_0 from link -292067_0 to link -283948_0
2021-07-12 13:43:19,178  WARN DefaultTurnAcceptanceLogic:36 Cannot move vehicle 0_1_0 from link -296751_0 to link -290028_0_r
2021-07-12 13:43:19,178  WARN DefaultTurnAcceptanceLogic:36 Cannot move vehicle 1_1_0 from link -283923_0 to link -295599_0
2021-07-12 13:43:20,524  WARN DefaultTurnAcceptanceLogic:36 Cannot move vehicle 12_0_0 from link -292067_0 to link -283948_0
2021-07-12 13:43:21,132  WARN DefaultTurnAcceptanceLogic:36 Cannot move vehicle 0_1_0 from link -296751_0 to link -290028_0_r
2021-07-12 13:43:21,132  WARN DefaultTurnAcceptanceLogic:36 Cannot move vehicle 1_1_0 from link -283923_0 to link -295599_0
2021-07-12 13:43:22,324  WARN DefaultTurnAcceptanceLogic:36 Cannot move vehicle 12_0_0 from link -292067_0 to link -283948_0
2021-07-12 13:43:22,900  WARN DefaultTurnAcceptanceLogic:36 Cannot move vehicle 0_1_0 from link -296751_0 to link -290028_0_r
2021-07-12 13:43:22,901  WARN DefaultTurnAcceptanceLogic:36 Cannot move vehicle 1_1_0 from link -283923_0 to link -295599_0
2021-07-12 13:43:24,152  WARN DefaultTurnAcceptanceLogic:36 Cannot move vehicle 12_0_0 from link -292067_0 to link -283948_0
2021-07-12 13:43:24,765  WARN DefaultTurnAcceptanceLogic:36 Cannot move vehicle 1_1_0 from link -283923_0 to link -295599_0
2021-07-12 13:43:26,071  WARN DefaultTurnAcceptanceLogic:36 Cannot move vehicle 12_0_0 from link -292067_0 to link -283948_0
2021-07-12 13:43:26,725  WARN DefaultTurnAcceptanceLogic:36 Cannot move vehicle 1_1_0 from link -283923_0 to link -295599_0
2021-07-12 13:43:29,802  WARN DefaultTurnAcceptanceLogic:36 Cannot move vehicle 12_0_0 from link -292067_0 to link -283948_0
2021-07-12 13:43:30,403  WARN DefaultTurnAcceptanceLogic:36 Cannot move vehicle 1_1_0 from link -283923_0 to link -295599_0
2021-07-12 13:43:31,818  WARN DefaultTurnAcceptanceLogic:36 Cannot move vehicle 12_0_0 from link -292067_0 to link -283948_0
2021-07-12 13:43:32,388  WARN DefaultTurnAcceptanceLogic:36 Cannot move vehicle 1_1_0 from link -283923_0 to link -295599_0
